

 #################################################################################################
 ## MRFANA - metrics for unmerged X-Ray reflection data
 #################################################################################################

 Copyright (c) 2007, 2019 Global Phasing Ltd.

 Authors: Clemens Vonrhein, Claus Flensburg, Ian J. Tickle and
          Gerard Bricogne

 #################################################################################################

 Current date and time : 2019-10-29 08:21:48


   Eigenvalue matrix         =    1.00000   0.00000   0.00000
                                  0.00000   1.00000   0.00000
                                  0.00000   0.00000   1.00000

   Ellipsoid rotation matrix =    1.00000   0.00000   0.00000
                                  0.00000   1.00000   0.00000
                                  0.00000   0.00000   1.00000

   Eigenvalues               =    2.33000   2.33000   1.62500


 Setting random seed to 1672000998
 You can set this also with the -seed flag

  Calling open_file ... 
  Calling get_info ... 

 Dataset  1 cell =  161.20100 161.20100 139.46300  90.00000  90.00000 120.00000
   Orthogonalisation matrix =    161.20100   -80.60050     0.00000
                                   0.00000   139.60416     0.00000
                                   0.00000     0.00000   139.46300
   Inverse of above         =      0.00620     0.00358    -0.00000
                                   0.00000     0.00716    -0.00000
                                   0.00000     0.00000     0.00717

 Dataset  2 cell =  161.20100 161.20100 139.46300  90.00000  90.00000 120.00000
   Orthogonalisation matrix =    161.20100   -80.60050     0.00000
                                   0.00000   139.60416     0.00000
                                   0.00000     0.00000   139.46300
   Inverse of above         =      0.00620     0.00358    -0.00000
                                   0.00000     0.00716    -0.00000
                                   0.00000     0.00000     0.00717

 Overall cell =  161.20100 161.20100 139.46300  90.00000  90.00000 120.00000
 Orthogonalisation matrix =    161.20100   -80.60050     0.00000
                                 0.00000   139.60416     0.00000
                                 0.00000     0.00000   139.46300
 Inverse of above         =      0.00620     0.00358    -0.00000
                                 0.00000     0.00716    -0.00000
                                 0.00000     0.00000     0.00717
  Calling read_refl ... 
    reading reflection      27721 (   5.0 %)
    reading reflection      55442 (  10.0 %)
    reading reflection      83163 (  15.0 %)
    reading reflection     110884 (  20.0 %)
    reading reflection     138605 (  25.0 %)
    reading reflection     166326 (  30.0 %)
    reading reflection     194047 (  35.0 %)
    reading reflection     221768 (  40.0 %)
    reading reflection     249489 (  45.0 %)
    reading reflection     277210 (  50.0 %)
    reading reflection     304931 (  55.0 %)
    reading reflection     332652 (  60.0 %)
    reading reflection     360373 (  65.0 %)
    reading reflection     388094 (  70.0 %)
    reading reflection     415815 (  75.0 %)
    reading reflection     443536 (  80.0 %)
    reading reflection     471257 (  85.0 %)
    reading reflection     498978 (  90.0 %)
    reading reflection     526699 (  95.0 %)



 binning will be in  shells of equal number of reflections (based on   1000 measured unique reflections per shell)


 Highest resolution as defined by ellipsoid =    1.6250 A
  Calling read_batch ... 
  Calling stats ... 

 ####----------------------------------------------------------------
 #### NOTES
 ####----------------------------------------------------------------

 ####----------------------------------------------------------------
 #### Rmerge:
 
  According to [1] and Evans (2006) this is defined as
 
                   sum_i ( sum_j | Ij - <I> | )
    Rmerge(I) = --------------------------------                 (1)
                   sum_i ( sum_j        <I>   )
 
  with
 
    Ij  = the intensity of the jth observation of reflection i
    <I> = the mean of the intensities of all observations of reflection i
 
    sum_i is taken over all reflections
    sum_j is taken over all observations of each reflection.
 
  Diederichs & Karplus (1997), Weiss & Hilgenfeld (1997) and
  Weiss (2001) define this slightly different as
 
                   sum_i ( sum_j | Ij - <I> | )
    Rmerge(I) = --------------------------------                 (2)
                   sum_i ( sum_j   Ij         )
 
  which is identically to (1) if <I> is the mean (or average)
  intensity. However, it is the weighted (by variance) mean of
  the intensities we are computing during merging:
 
    <I> = sum_j ( Wj * Ij )                                      (3)
 
                    1     
    with:  Wj = ---------                                        (4)
                sd(Ij)**2
 
  Then equations (1) and (2) become different.
 
  Drenth (1994) calls (1) Rmerge and (2) Rsym.
 
 ####----------------------------------------------------------------
 #### Rmeas (also called Rrim):
 
  The redundancy-independent merging R factor value Rrim, also
  denoted Rmeas, for merging all intensities in a given shell.
 
           sum_i [Ni /( Ni - 1)]^(1/2) sum_j | Ij - <Ii> |
    Rrim = ---------------------------------------------         (5)
           sum_i (                  sum_j   Ij         )
 
    Ij   = the intensity of the jth observation of reflection i
    <Ii> = the mean of the intensities of all observations of reflection i
    Ni   = the redundancy (the number of times reflection i has been measured).
 
    sum_i is taken over all reflections
    sum_j is taken over all observations of each reflection.
 
  See Diederichs & Karplus (1997), Weiss & Hilgenfeld (1997), Weiss
  (2001) and [2].
 
  Evans (2006) defines this differently, with the denominator
  summing over <I> similar to the Rmerge equation (1) above:
 
           sum_i [Ni /( Ni - 1)]^(1/2) sum_j | Ij - <Ii> |
    Rrim = ---------------------------------------------         (6)
           sum_i (                  sum_j        <Ii>  )
 
 ####----------------------------------------------------------------
 #### Rpim:
 
  The precision-indicating merging R factor value Rpim,
  for merging all intensities in this data set is defined in [3],
  Diederichs & Karplus (1997), Weiss & Hilgenfeld (1997) and
  Weiss (2001) as
 
           sum_i [  1/(Ni - 1)]^(1/2) sum_j | Ij - <Ii> |
    Rpim = ---------------------------------------------         (7)
           sum_i (                  sum_j   Ij         )
 
  As above, Evans (2006) defines this differently as:
 
           sum_i [  1/(Ni - 1)]^(1/2) sum_j | Ij - <Ii> |
    Rrim = ---------------------------------------------         (8)
           sum_i (                  sum_j        <Ii>  )
 
 To add more complexity, all of the above statistics (Rmerge, Rmeas
 and Rpim) can be computed over all measurements of a unique reflection
 or separately for I+ and I-. The latter has the advantage that an
 existing anomalous signal will not result in an increase of R-value
 because of this. However, the original definitions above are not
 taking anomalous signal into account this way.
 
 ### References:
 
 [1] http://mmcif.wwpdb.org/dictionaries/mmcif_std.dic/Items/_reflns_shell.Rmerge_I_obs.html
 [2] http://www.iucr.org/__data/iucr/cifdic_html/2/mmcif_pdbx.dic/Ireflns.pdbx_Rrim_I_all.html
 [3] http://www.iucr.org/__data/iucr/cifdic_html/2/mmcif_pdbx.dic/Ireflns.pdbx_Rpim_I_all.html
 [4] Diederichs, K. & Karplus, P. A. (1997). Nature Struct. Biol. 4, 269-275.
 [5] Drenth, J. (1994). Principles of Protein X-ray Crystallography. Springer-Verlag, New York. p289-290.
 [6] Evans, P. (2006). Acta D62, 72-82.
 [7] Weiss, M. S. & Hilgenfeld, R. (1997). J. Appl. Cryst. 30, 203-205.
 [8] Weiss, M. S. (2001). J. Appl. Cryst. 34, 130-135.
 

 ############################################################
 #################### TOTAL 
 ############################################################

   Cell:  161.20  161.20  139.46   90.00   90.00  120.00
   Wavelength:  0.97950 A
   Run number:    1 consists of batches          1 to        357
      Phi range:              195.00 to              248.55
      Closest reciprocal axis to spindle: a*   (angle   34.6 degrees)


 We will be using a total of   92 bins for statistics as a function of resolution

 Resolution bins defined as : 8.32797,6.58239,5.73094,5.18776,4.81336,4.52530,4.29804,4.10571,3.94540,3.80942,3.69051,3.58362,3.48901,3.40200,3.32393,3.25375,3.18926,3.12795,3.07134,3.01934,2.96901,2.92381,2.88025,2.83914,2.80046,2.76344,2.72883,2.64625,2.61669,2.58819,2.56154,2.53494,2.51045,2.48652,2.46326,2.44077,2.41913,2.39837,2.37854,2.35940,2.34017,2.32215,2.30466,2.28712,2.27026,2.24245,2.22696,2.21160,2.19667,2.18248,2.16853,2.15501,2.14154,2.12868,2.11601,2.10372,2.09152,2.07958,2.05646,2.04541,2.03448,2.02372,2.01311,2.00293,1.99242,1.98259,1.97242,1.96250,1.95244,1.94288,1.93335,1.92370,1.91419,1.90478,1.89558,1.88623,1.87747,1.86848,1.85975,1.85114,1.84272,1.83423,1.82588,1.81767,1.80940,1.80143,1.79347,1.78572,1.77780,1.77013,1.76227 

 -----------------------------------------------------------------------------------------------------------------------------------------------------------------
                                                                                     Compl. Spher.   Multiplicity                                   Compl. Ellip. 
                                                                                     --------------  ------------                                  --------------- 
            Resolution      #uniq     #Rfac  Rmerge   Rmeas    Rpim   #Isig  I/sigI     all     ano    all    ano CC(1/2)  #CCAno CC(ano)  SigAno    all     ano
 -----------------------------------------------------------------------------------------------------------------------------------------------------------------
         98.665 -   8.328    1002      5398   0.016   0.018   0.007    1002  82.031  0.8579  0.7614   5.49   3.49  0.9995     403  0.7560   1.720   0.8579  0.7614
          8.327 -   6.582    1002      5968   0.019   0.020   0.007    1002  76.266  0.9035  0.7983   6.07   3.72  0.9995     481  0.7706   1.548   0.9035  0.7983
          6.581 -   5.731    1002      6212   0.021   0.022   0.008    1002  69.583  0.9101  0.8157   6.30   3.78  0.9996     509  0.7571   1.556   0.9101  0.8157
          5.730 -   5.188    1002      5487   0.023   0.025   0.009    1002  64.670  0.9167  0.8186   5.59   3.35  0.9993     540  0.6065   1.363   0.9167  0.8186
          5.188 -   4.813    1002      5798   0.022   0.023   0.009    1002  67.192  0.9252  0.8320   5.89   3.46  0.9996     546  0.3535   1.323   0.9252  0.8320
          4.813 -   4.525    1002      6116   0.021   0.022   0.008    1002  69.200  0.9227  0.8342   6.20   3.62  0.9996     566  0.4013   1.230   0.9227  0.8342
          4.525 -   4.298    1003      6209   0.020   0.021   0.008    1003  70.928  0.9330  0.8493   6.29   3.65  0.9997     574  0.4202   1.265   0.9330  0.8493
          4.298 -   4.106    1002      6358   0.022   0.024   0.008    1002  64.844  0.9286  0.8495   6.44   3.69  0.9997     590  0.3375   1.222   0.9286  0.8495
          4.105 -   3.945    1002      6357   0.021   0.023   0.008    1002  62.826  0.9338  0.8644   6.44   3.68  0.9998     593  0.4579   1.196   0.9338  0.8644
          3.945 -   3.809    1002      6356   0.023   0.025   0.008    1002  58.755  0.9391  0.8513   6.45   3.71  0.9998     588  0.3641   1.127   0.9391  0.8513
          3.809 -   3.691    1002      6156   0.023   0.025   0.009    1002  57.416  0.9462  0.8722   6.23   3.53  0.9997     585  0.4269   1.175   0.9462  0.8722
          3.690 -   3.584    1002      5177   0.027   0.030   0.012    1002  47.025  0.9471  0.8662   5.27   3.04  0.9996     583  0.2621   1.085   0.9471  0.8662
          3.584 -   3.489    1002      5759   0.028   0.030   0.011    1002  49.009  0.9347  0.8512   5.85   3.35  0.9996     603  0.2966   1.084   0.9347  0.8512
          3.489 -   3.402    1002      6138   0.029   0.031   0.011    1002  47.075  0.9391  0.8585   6.22   3.53  0.9996     618  0.3699   1.066   0.9391  0.8585
          3.402 -   3.324    1002      6119   0.031   0.033   0.012    1002  43.769  0.9471  0.8600   6.20   3.53  0.9996     583  0.3570   1.085   0.9471  0.8600
          3.324 -   3.254    1002      6187   0.033   0.035   0.012    1002  40.756  0.9489  0.8638   6.26   3.56  0.9996     601  0.3403   1.058   0.9489  0.8638
          3.254 -   3.189    1002      6171   0.036   0.039   0.013    1002  37.034  0.9525  0.8562   6.25   3.59  0.9995     606  0.3763   1.068   0.9525  0.8562
          3.189 -   3.128    1002      6199   0.042   0.045   0.016    1002  32.466  0.9417  0.8245   6.30   3.69  0.9994     617  0.2157   1.056   0.9417  0.8245
          3.128 -   3.071    1002      6269   0.043   0.046   0.016    1002  31.692  0.9408  0.8449   6.36   3.66  0.9994     627  0.3050   1.008   0.9408  0.8449
          3.071 -   3.019    1003      6362   0.047   0.050   0.017    1003  28.085  0.9444  0.8565   6.44   3.68  0.9993     633  0.2827   0.971   0.9444  0.8565
          3.019 -   2.969    1002      6383   0.048   0.051   0.017    1002  27.223  0.9462  0.8425   6.49   3.74  0.9992     650  0.3106   0.984   0.9462  0.8425
          2.969 -   2.924    1002      6315   0.048   0.051   0.017    1002  25.769  0.9561  0.8486   6.41   3.71  0.9995     621  0.4055   0.962   0.9561  0.8486
          2.924 -   2.880    1002      6443   0.053   0.056   0.019    1002  22.957  0.9589  0.8674   6.51   3.70  0.9993     630  0.2914   0.915   0.9589  0.8674
          2.880 -   2.839    1002      6425   0.059   0.063   0.022    1002  21.648  0.9338  0.8687   6.48   3.62  0.9992     630  0.2922   0.928   0.9338  0.8687
          2.839 -   2.800    1002      5610   0.073   0.079   0.030    1002  16.664  0.9462  0.8633   5.67   3.19  0.9984     624  0.1763   0.881   0.9462  0.8633
          2.800 -   2.763    1002      5403   0.070   0.076   0.029    1002  16.548  0.9364  0.8585   5.47   3.11  0.9987     626  0.1391   0.867   0.9364  0.8585
          2.763 -   2.729    1002      5884   0.067   0.073   0.027    1002  17.506  0.9534  0.8749   5.94   3.31  0.9990     622  0.2462   0.912   0.9534  0.8749
          2.729 -   2.646    1002      5685   0.076   0.082   0.030    1002  14.933  0.3680  0.3197   5.78   3.37  0.9982     575  0.2449   0.830   0.3680  0.3197
          2.646 -   2.617    1002      6127   0.081   0.087   0.031    1002  14.226  0.9338  0.8499   6.18   3.47  0.9984     633  0.2441   0.863   0.9338  0.8499
          2.617 -   2.588    1002      6290   0.080   0.086   0.030    1002  14.182  0.9471  0.8802   6.34   3.51  0.9983     637  0.2127   0.824   0.9471  0.8802
          2.588 -   2.562    1002      6248   0.082   0.088   0.031    1002  13.542  0.9635  0.8851   6.31   3.52  0.9988     636  0.2439   0.834   0.9635  0.8851
          2.562 -   2.535    1002      6401   0.096   0.103   0.036    1002  12.102  0.9321  0.8708   6.45   3.54  0.9981     651  0.1631   0.810   0.9321  0.8708
          2.535 -   2.510    1003      6344   0.097   0.104   0.036    1003  11.766  0.9580  0.8894   6.39   3.55  0.9983     637  0.1481   0.826   0.9580  0.8894
          2.510 -   2.487    1002      6389   0.099   0.106   0.037    1002  11.260  0.9453  0.8797   6.44   3.56  0.9979     648  0.1903   0.815   0.9453  0.8797
          2.487 -   2.463    1002      6444   0.104   0.112   0.039    1002  10.918  0.9391  0.8722   6.50   3.59  0.9986     653  0.1850   0.792   0.9391  0.8722
          2.463 -   2.441    1002      6347   0.096   0.103   0.036    1002  11.080  0.9570  0.8808   6.41   3.56  0.9982     641  0.2409   0.790   0.9570  0.8808
          2.441 -   2.419    1002      6397   0.111   0.119   0.042    1002  10.152  0.9391  0.8683   6.45   3.58  0.9973     645  0.1613   0.808   0.9391  0.8683
          2.419 -   2.398    1002      6393   0.127   0.136   0.048    1002   8.859  0.9534  0.8783   6.46   3.59  0.9978     641  0.1696   0.787   0.9534  0.8783
          2.398 -   2.379    1002      6489   0.122   0.131   0.046    1002   9.504  0.9498  0.8798   6.54   3.61  0.9970     657  0.1640   0.797   0.9498  0.8798
          2.379 -   2.359    1002      6297   0.127   0.136   0.048    1002   8.322  0.9507  0.8637   6.37   3.58  0.9971     643  0.1528   0.773   0.9507  0.8637
          2.359 -   2.340    1002      6497   0.127   0.136   0.047    1002   8.578  0.9444  0.8751   6.55   3.61  0.9963     663  0.1783   0.738   0.9444  0.8751
          2.340 -   2.322    1002      6370   0.130   0.139   0.048    1002   8.599  0.9471  0.8589   6.44   3.62  0.9960     652  0.2079   0.764   0.9663  0.8781
          2.322 -   2.305    1002      5856   0.159   0.173   0.065    1002   7.102  0.9552  0.8790   5.91   3.26  0.9956     655  0.0315   0.740   0.9966  0.9479
          2.305 -   2.287    1002      5339   0.172   0.188   0.074    1002   6.125  0.9382  0.8652   5.41   3.02  0.9935     630  0.0593   0.734   0.9962  0.9769
          2.287 -   2.270    1002      5813   0.173   0.188   0.071    1002   6.448  0.9498  0.8840   5.87   3.25  0.9937     656  0.1657   0.756   0.9921  0.9873
          2.270 -   2.242    1003      5643   0.194   0.211   0.078    1003   5.477  0.5433  0.4756   5.73   3.30  0.9910     617 -0.0038   0.697   0.5913  0.5666
          2.242 -   2.227    1002      5590   0.199   0.216   0.081    1002   5.230  0.9193  0.8258   5.68   3.22  0.9904     588  0.0118   0.694   0.9863  0.9569
          2.227 -   2.212    1002      6218   0.201   0.217   0.078    1002   5.669  0.9507  0.8915   6.27   3.42  0.9909     654  0.0613   0.726   1.0000  0.9983
          2.212 -   2.197    1002      6165   0.185   0.199   0.072    1002   5.804  0.9364  0.8645   6.23   3.45  0.9924     649  0.1500   0.735   0.9912  0.9905
          2.197 -   2.182    1002      6294   0.231   0.249   0.089    1002   4.928  0.9489  0.8911   6.34   3.44  0.9883     654  0.0150   0.712   0.9964  0.9961
          2.182 -   2.169    1002      6313   0.213   0.229   0.082    1002   5.318  0.9391  0.8770   6.37   3.51  0.9901     657  0.0440   0.732   1.0000  1.0000
          2.169 -   2.155    1002      6384   0.232   0.250   0.090    1002   4.922  0.9471  0.8921   6.43   3.49  0.9881     659  0.0956   0.758   1.0000  1.0000
          2.155 -   2.142    1002      6455   0.244   0.263   0.094    1002   4.672  0.9338  0.8804   6.49   3.53  0.9871     673  0.1139   0.727   0.9960  0.9913
          2.142 -   2.129    1002      6340   0.242   0.260   0.093    1002   4.480  0.9444  0.8828   6.39   3.49  0.9903     650  0.0337   0.704   0.9935  0.9929
          2.129 -   2.116    1002      6418   0.260   0.279   0.100    1002   4.342  0.9382  0.8893   6.45   3.49  0.9878     676  0.0407   0.684   0.9956  0.9953
          2.116 -   2.104    1002      6350   0.298   0.321   0.116    1002   3.793  0.9373  0.8789   6.40   3.50  0.9840     664 -0.0236   0.698   0.9909  0.9899
          2.104 -   2.092    1002      6445   0.318   0.342   0.123    1002   3.654  0.9435  0.8917   6.49   3.52  0.9750     671  0.0514   0.734   0.9928  0.9922
          2.092 -   2.080    1002      6393   0.313   0.337   0.121    1002   3.616  0.9278  0.8745   6.44   3.49  0.9727     673  0.0473   0.708   0.9879  0.9868
          2.080 -   2.056    1002      5453   0.377   0.410   0.154    1002   2.575  0.4620  0.4081   5.55   3.16  0.9698     561 -0.0750   0.658   0.5148  0.4873
          2.056 -   2.045    1003      6377   0.349   0.375   0.134    1003   3.199  0.9471  0.8923   6.42   3.51  0.9756     670 -0.0187   0.689   0.9943  0.9937
          2.045 -   2.034    1002      6580   0.326   0.350   0.125    1002   3.540  0.9286  0.8875   6.62   3.54  0.9775     691 -0.0024   0.685   0.9890  0.9880
          2.034 -   2.024    1002      6498   0.353   0.380   0.137    1002   3.071  0.9356  0.8820   6.53   3.53  0.9757     688 -0.0157   0.692   1.0000  1.0000
          2.024 -   2.013    1002      6451   0.390   0.419   0.150    1002   2.946  0.9347  0.8753   6.51   3.56  0.9656     681  0.0552   0.700   0.9882  0.9869
          2.013 -   2.003    1002      6424   0.403   0.434   0.157    1002   2.873  0.9176  0.8632   6.47   3.52  0.9632     689 -0.0024   0.708   0.9870  0.9855
          2.003 -   1.992    1002      6608   0.432   0.465   0.166    1002   2.696  0.9142  0.8598   6.65   3.61  0.9590     705 -0.0053   0.694   0.9909  0.9902
          1.992 -   1.983    1002      5969   0.430   0.467   0.175    1002   2.534  0.9051  0.8427   6.02   3.30  0.9628     674 -0.0399   0.689   0.9868  0.9849
          1.983 -   1.972    1002      5574   0.523   0.572   0.226    1002   2.128  0.8995  0.8450   5.62   3.05  0.9437     682 -0.0072   0.700   0.9966  0.9963
          1.972 -   1.963    1002      5390   0.568   0.625   0.252    1002   1.941  0.8930  0.8538   5.43   2.94  0.9419     683 -0.0118   0.702   0.9825  0.9961
          1.962 -   1.952    1002      5216   0.586   0.646   0.264    1002   1.870  0.8675  0.8180   5.27   2.87  0.9509     682  0.0390   0.699   0.9725  0.9771
          1.952 -   1.943    1002      5074   0.710   0.786   0.327    1002   1.573  0.8859  0.8388   5.12   2.76  0.9105     670 -0.0113   0.658   1.0000  1.0000
          1.943 -   1.933    1002      4803   0.829   0.922   0.393    1002   1.283  0.8557  0.8091   4.86   2.65  0.8774     641 -0.0007   0.675   0.9594  0.9831
          1.933 -   1.924    1002      4740   0.879   0.983   0.428    1002   1.221  0.8593  0.8207   4.78   2.56  0.8281     632 -0.0066   0.688   0.9228  0.9402
          1.924 -   1.914    1003      4502   0.859   0.965   0.428    1003   1.288  0.8429  0.7898   4.55   2.47  0.8043     592  0.0565   0.705   0.9084  0.9159
          1.914 -   1.905    1002      4392   0.953   1.074   0.480    1002   1.127  0.8274  0.7802   4.45   2.41  0.8334     581 -0.0277   0.682   0.8543  0.8848
          1.905 -   1.896    1002      4239   1.034   1.168   0.528    1002   1.023  0.8364  0.7730   4.31   2.37  0.7806     559 -0.0424   0.682   0.8375  0.8611
          1.896 -   1.886    1002      4072   1.268   1.441   0.665    1002   0.800  0.8186  0.7502   4.15   2.28  0.7703     526 -0.0243   0.697   0.8584  0.8529
          1.886 -   1.877    1002      3930   1.076   1.226   0.572    1002   0.966  0.8302  0.7540   4.02   2.24  0.7360     507  0.0218   0.718   0.8036  0.8283
          1.877 -   1.868    1002      3819   1.144   1.306   0.614    1002   0.867  0.8166  0.7351   3.92   2.19  0.7593     486 -0.0170   0.656   0.7907  0.7725
          1.868 -   1.860    1002      3702   1.282   1.473   0.705    1002   0.760  0.8107  0.7277   3.80   2.12  0.6491     449  0.0012   0.697   0.7590  0.7543
          1.860 -   1.851    1002      3551   1.408   1.627   0.791    1002   0.642  0.8160  0.7193   3.67   2.08  0.6462     446 -0.0133   0.665   0.6765  0.6857
          1.851 -   1.843    1002      3511   1.542   1.784   0.872    1002   0.633  0.8035  0.7187   3.62   2.03  0.6112     436 -0.0497   0.655   0.6927  0.6550
          1.843 -   1.834    1002      3329   1.817   2.122   1.064    1002   0.524  0.8029  0.6986   3.46   1.97  0.5404     403  0.0693   0.713   0.6298  0.6101
          1.834 -   1.826    1002      3244   1.978   2.321   1.179    1002   0.466  0.7877  0.6950   3.37   1.91  0.4572     404 -0.0795   0.679   0.5944  0.5796
          1.826 -   1.818    1002      3136   2.002   2.349   1.193    1002   0.440  0.7902  0.6810   3.28   1.87  0.4935     373  0.0802   0.691   0.5341  0.5130
          1.818 -   1.809    1002      3024   2.000   2.365   1.225    1002   0.450  0.7978  0.6860   3.18   1.82  0.5123     346  0.0475   0.681   0.4934  0.4436
          1.809 -   1.801    1003      2923   2.032   2.409   1.257    1003   0.439  0.7692  0.6516   3.08   1.78  0.4837     333 -0.0068   0.667   0.4311  0.3636
          1.801 -   1.793    1002      2831   3.124   3.722   1.963    1002   0.243  0.7877  0.6573   3.00   1.74  0.3240     302  0.0664   0.646   0.3873  0.3672
          1.793 -   1.786    1002      2733   2.195   2.627   1.403    1002   0.378  0.7690  0.6486   2.92   1.71  0.3709     279 -0.0549   0.672   0.3333  0.3008
          1.786 -   1.778    1002      2597   2.699   3.241   1.742    1002   0.277  0.7545  0.6065   2.81   1.68  0.2577     246 -0.0878   0.636   0.1888  0.0992
          1.778 -   1.770    1002      2472   2.801   3.393   1.861    1002   0.239  0.7666  0.5956   2.70   1.63  0.2697     217  0.0359   0.671   0.1600  0.1273
          1.770 -   1.762    1002      2451   2.577   3.123   1.712    1002   0.306  0.7362  0.5825   2.68   1.62  0.2220     221 -0.0323   0.668   0.1185  0.0776
          1.762 -   1.755    1002      2367   2.323   2.835   1.579    1002   0.283  0.7579  0.5850   2.61   1.58  0.2409     200 -0.1160   0.666   0.0508  0.0100
 -----------------------------------------------------------------------------------------------------------------------------------------------------------------
 Total:  98.665 -   1.755   92191    503975   0.047   0.051   0.019   92191  16.784  0.8677  0.7876   5.56   3.13  0.9996   53142  0.3787   0.832   0.8940  0.8341



                                              Overall  InnerShell  OuterShell
  ---------------------------------------------------------------------------
     Low resolution limit                      98.665      98.665       1.762
     High resolution limit                      1.755       8.328       1.755


     Rmerge  (all I+ & I-)                      0.047       0.016       2.323
     Rmerge  (within I+/I-)                     0.042       0.011       2.243
     Rmeas   (all I+ & I-)                      0.051       0.018       2.835
     Rmeas   (within I+/I-)                     0.049       0.012       2.965
     Rpim    (all I+ & I-)                      0.019       0.007       1.579
     Rpim    (within I+/I-)                     0.024       0.006       1.917
     Total number of observations              512455        5497        2613
     Total number unique                        92191        1002        1002
     Mean(I)/sd(I)                               16.8        82.0         0.3
     Completeness (spherical)                    86.8        85.8        75.8
     Completeness (ellipsoidal)                  89.4        85.8         5.1
     Multiplicity                                 5.6         5.5         2.6
     CC(1/2)                                    1.000       1.000       0.241


     Anomalous completeness (spherical)          78.8        76.1        58.5
     Anomalous completeness (ellipsoidal)        83.4        76.1         1.0
     Anomalous multiplicity                       3.1         3.5         1.6
     CC(ano)                                    0.379       0.756      -0.116
     |DANO|/sd(DANO)                            0.832       1.720       0.666



 W0 = unweighted
 W1 = 1/(sigI**2) weighted

 ---------------------------------------------------------------------------------------------------------------------------------------------------------------------------------------
                                  merged                         Rmerge            Rmeas              Rpim                  Compl. Spher.                  Compl. Ellip.  
                            --------------------            ----------------  ----------------  ----------------  ----------------------------------  ----------------------------------
    BATCH     Nref <I/sigI>      <I>    <I/sigI>     #ref      W0      W1        W0      W1        W0      W1         All     Ano      -All    -Ano       All     Ano      -All    -Ano  
 ---------------------------------------------------------------------------------------------------------------------------------------------------------------------------------------
        1      420   10.236   3.288E+02   10.295      418    0.0499  0.1120    0.0528  0.1191    0.0170  0.0398    0.0039  0.0000    0.8677  0.7876    0.0057  0.0000    0.8940  0.8341
        2     1329   10.058   3.218E+02   10.092     1328    0.0414  0.1108    0.0444  0.1198    0.0157  0.0441    0.0162  0.0001    0.8677  0.7876    0.0220  0.0001    0.8940  0.8341
        3     1382    9.783   3.234E+02    9.780     1378    0.0400  0.1119    0.0428  0.1216    0.0148  0.0455    0.0285  0.0005    0.8677  0.7876    0.0381  0.0007    0.8940  0.8341
        4     1450    9.513   2.784E+02    9.543     1448    0.0442  0.1050    0.0474  0.1142    0.0166  0.0431    0.0410  0.0009    0.8676  0.7874    0.0541  0.0015    0.8940  0.8339
        5     1388    9.597   2.972E+02    9.638     1387    0.0410  0.1096    0.0440  0.1190    0.0155  0.0445    0.0527  0.0015    0.8676  0.7873    0.0693  0.0025    0.8940  0.8338
        6     1436    9.668   2.812E+02    9.683     1430    0.0432  0.1066    0.0464  0.1162    0.0165  0.0442    0.0643  0.0024    0.8676  0.7871    0.0839  0.0039    0.8939  0.8336
        7     1421    9.244   2.916E+02    9.273     1418    0.0455  0.1119    0.0489  0.1222    0.0174  0.0470    0.0757  0.0030    0.8675  0.7870    0.0983  0.0050    0.8939  0.8335
        8     1457    9.461   3.087E+02    9.453     1452    0.0446  0.1103    0.0478  0.1205    0.0166  0.0463    0.0875  0.0040    0.8675  0.7868    0.1128  0.0065    0.8939  0.8334
        9     1393    9.746   3.175E+02    9.775     1384    0.0441  0.1082    0.0475  0.1188    0.0169  0.0464    0.0980  0.0050    0.8674  0.7866    0.1261  0.0082    0.8938  0.8332
       10     1479    9.328   2.903E+02    9.361     1472    0.0425  0.1084    0.0457  0.1182    0.0162  0.0451    0.1093  0.0061    0.8673  0.7865    0.1401  0.0098    0.8937  0.8331
       11     1440    9.363   2.850E+02    9.395     1437    0.0437  0.1090    0.0469  0.1192    0.0164  0.0460    0.1199  0.0072    0.8673  0.7864    0.1533  0.0116    0.8936  0.8329
       12     1465    9.879   3.137E+02    9.906     1459    0.0419  0.1047    0.0449  0.1146    0.0158  0.0444    0.1303  0.0085    0.8672  0.7863    0.1662  0.0136    0.8935  0.8328
       13     1421    9.678   2.857E+02    9.725     1417    0.0440  0.1047    0.0473  0.1146    0.0168  0.0447    0.1403  0.0098    0.8671  0.7861    0.1784  0.0157    0.8935  0.8326
       14     1406    9.347   2.759E+02    9.367     1403    0.0447  0.1072    0.0479  0.1172    0.0166  0.0451    0.1497  0.0113    0.8671  0.7859    0.1899  0.0181    0.8934  0.8324
       15     1465   10.019   3.025E+02   10.087     1461    0.0427  0.1044    0.0457  0.1138    0.0159  0.0434    0.1591  0.0131    0.8670  0.7857    0.2011  0.0210    0.8934  0.8323
       16     1383    9.737   3.032E+02    9.776     1378    0.0414  0.1075    0.0443  0.1170    0.0154  0.0443    0.1679  0.0147    0.8670  0.7855    0.2120  0.0234    0.8933  0.8321
       17     1422    9.521   3.091E+02    9.532     1414    0.0432  0.1111    0.0463  0.1212    0.0163  0.0465    0.1768  0.0163    0.8669  0.7853    0.2224  0.0260    0.8933  0.8319
       18     1467    9.329   2.825E+02    9.377     1464    0.0461  0.1094    0.0495  0.1195    0.0175  0.0459    0.1854  0.0182    0.8669  0.7852    0.2327  0.0290    0.8932  0.8318
       19     1390    9.980   3.302E+02   10.038     1383    0.0403  0.1036    0.0433  0.1131    0.0152  0.0434    0.1936  0.0200    0.8668  0.7850    0.2426  0.0318    0.8932  0.8316
       20     1499    9.230   3.529E+02    9.262     1491    0.0459  0.1112    0.0493  0.1213    0.0173  0.0465    0.2023  0.0219    0.8667  0.7849    0.2531  0.0349    0.8931  0.8315
       21     1396    9.863   3.173E+02    9.900     1392    0.0421  0.1041    0.0451  0.1133    0.0155  0.0428    0.2100  0.0240    0.8667  0.7847    0.2622  0.0382    0.8930  0.8313
       22     1459    9.818   3.302E+02    9.850     1456    0.0380  0.1025    0.0409  0.1121    0.0147  0.0432    0.2179  0.0260    0.8666  0.7844    0.2716  0.0414    0.8929  0.8311
       23     1467    9.654   3.143E+02    9.662     1462    0.0385  0.1051    0.0413  0.1146    0.0146  0.0437    0.2259  0.0280    0.8666  0.7842    0.2816  0.0445    0.8929  0.8309
       24     1417   10.040   3.243E+02   10.068     1414    0.0394  0.1098    0.0422  0.1194    0.0146  0.0452    0.2330  0.0303    0.8665  0.7841    0.2899  0.0482    0.8928  0.8307
       25     1436    9.020   2.630E+02    9.083     1431    0.0477  0.1120    0.0513  0.1222    0.0181  0.0467    0.2402  0.0323    0.8665  0.7840    0.2984  0.0514    0.8928  0.8306
       26     1412    9.930   2.998E+02    9.946     1407    0.0436  0.1067    0.0467  0.1160    0.0164  0.0437    0.2471  0.0345    0.8664  0.7838    0.3068  0.0548    0.8928  0.8305
       27     1450    9.750   3.018E+02    9.791     1443    0.0403  0.0996    0.0432  0.1087    0.0150  0.0415    0.2541  0.0367    0.8664  0.7837    0.3152  0.0583    0.8927  0.8305
       28     1439    9.648   3.178E+02    9.662     1437    0.0369  0.1046    0.0396  0.1146    0.0140  0.0447    0.2609  0.0390    0.8663  0.7835    0.3234  0.0619    0.8926  0.8303
       29     1436    9.902   3.021E+02    9.936     1430    0.0411  0.1025    0.0440  0.1116    0.0153  0.0425    0.2674  0.0415    0.8662  0.7833    0.3310  0.0658    0.8925  0.8302
       30     1442    9.563   3.074E+02    9.599     1434    0.0376  0.1082    0.0405  0.1182    0.0145  0.0456    0.2741  0.0438    0.8661  0.7832    0.3387  0.0694    0.8925  0.8300
       31     1492    9.472   3.402E+02    9.500     1488    0.0419  0.1082    0.0449  0.1180    0.0157  0.0451    0.2808  0.0462    0.8661  0.7830    0.3467  0.0733    0.8924  0.8299
       32     1392    9.168   2.881E+02    9.200     1388    0.0432  0.1145    0.0463  0.1250    0.0163  0.0481    0.2870  0.0486    0.8660  0.7827    0.3542  0.0769    0.8924  0.8297
       33     1457    9.396   3.013E+02    9.450     1452    0.0407  0.1132    0.0436  0.1231    0.0153  0.0466    0.2933  0.0512    0.8660  0.7825    0.3612  0.0811    0.8923  0.8296
       34     1436    9.202   2.904E+02    9.214     1433    0.0425  0.1074    0.0457  0.1173    0.0163  0.0451    0.2992  0.0539    0.8659  0.7824    0.3685  0.0853    0.8923  0.8295
       35     1469    9.485   2.898E+02    9.527     1461    0.0453  0.1122    0.0486  0.1225    0.0170  0.0471    0.3056  0.0564    0.8658  0.7821    0.3763  0.0892    0.8922  0.8294
       36     1385    9.702   3.292E+02    9.694     1380    0.0395  0.1056    0.0424  0.1152    0.0149  0.0441    0.3111  0.0591    0.8658  0.7819    0.3828  0.0935    0.8921  0.8292
       37     1451    9.251   2.835E+02    9.285     1446    0.0449  0.1127    0.0481  0.1224    0.0166  0.0460    0.3170  0.0619    0.8657  0.7818    0.3898  0.0978    0.8921  0.8291
       38     1386    9.893   3.057E+02    9.900     1381    0.0425  0.1012    0.0460  0.1108    0.0169  0.0432    0.3224  0.0647    0.8656  0.7816    0.3964  0.1020    0.8920  0.8290
       39     1498    9.868   3.049E+02    9.891     1496    0.0410  0.1038    0.0441  0.1137    0.0156  0.0442    0.3283  0.0676    0.8656  0.7813    0.4038  0.1065    0.8920  0.8287
       40     1432    9.495   2.810E+02    9.521     1429    0.0407  0.1048    0.0437  0.1143    0.0153  0.0438    0.3337  0.0705    0.8656  0.7809    0.4104  0.1107    0.8920  0.8284
       41     1423    9.361   2.890E+02    9.359     1420    0.0423  0.1079    0.0454  0.1176    0.0159  0.0447    0.3389  0.0736    0.8655  0.7806    0.4165  0.1155    0.8920  0.8282
       42     1453    9.474   3.348E+02    9.527     1446    0.0443  0.1055    0.0475  0.1148    0.0166  0.0434    0.3440  0.0768    0.8655  0.7804    0.4229  0.1202    0.8919  0.8281
       43     1427    9.778   3.092E+02    9.810     1418    0.0397  0.1037    0.0427  0.1130    0.0152  0.0432    0.3491  0.0795    0.8654  0.7801    0.4292  0.1243    0.8918  0.8279
       44     1453    9.339   2.796E+02    9.377     1445    0.0439  0.1101    0.0471  0.1211    0.0167  0.0478    0.3541  0.0827    0.8653  0.7797    0.4353  0.1291    0.8917  0.8276
       45     1407    9.515   2.773E+02    9.535     1405    0.0417  0.1096    0.0448  0.1194    0.0158  0.0457    0.3590  0.0858    0.8651  0.7794    0.4411  0.1336    0.8915  0.8274
       46     1442    9.242   2.994E+02    9.261     1437    0.0409  0.1104    0.0439  0.1209    0.0155  0.0470    0.3639  0.0890    0.8651  0.7791    0.4466  0.1384    0.8914  0.8272
       47     1449    9.264   3.080E+02    9.298     1446    0.0400  0.1047    0.0430  0.1145    0.0154  0.0443    0.3690  0.0921    0.8650  0.7789    0.4524  0.1428    0.8914  0.8270
       48     1464    9.637   3.146E+02    9.687     1458    0.0422  0.1075    0.0454  0.1176    0.0163  0.0454    0.3741  0.0955    0.8649  0.7785    0.4584  0.1478    0.8913  0.8269
       49     1399    8.962   2.572E+02    8.987     1391    0.0464  0.1086    0.0499  0.1189    0.0176  0.0462    0.3787  0.0985    0.8648  0.7782    0.4636  0.1522    0.8912  0.8267
       50     1457    9.259   2.710E+02    9.273     1447    0.0443  0.1120    0.0476  0.1228    0.0170  0.0481    0.3834  0.1019    0.8647  0.7779    0.4690  0.1570    0.8911  0.8264
       51     1461   10.315   3.240E+02   10.355     1455    0.0389  0.0961    0.0418  0.1049    0.0147  0.0403    0.3880  0.1051    0.8646  0.7775    0.4746  0.1616    0.8910  0.8262
       52     1418    9.727   3.096E+02    9.753     1417    0.0414  0.1062    0.0445  0.1161    0.0158  0.0449    0.3923  0.1085    0.8645  0.7772    0.4798  0.1664    0.8909  0.8260
       53     1423    9.574   3.277E+02    9.580     1417    0.0407  0.1058    0.0440  0.1161    0.0159  0.0454    0.3966  0.1116    0.8645  0.7768    0.4850  0.1708    0.8909  0.8257
       54     1400    9.612   3.084E+02    9.602     1395    0.0404  0.1104    0.0434  0.1205    0.0154  0.0462    0.4007  0.1151    0.8644  0.7764    0.4898  0.1757    0.8907  0.8254
       55     1457    9.731   3.336E+02    9.759     1450    0.0424  0.1093    0.0454  0.1192    0.0158  0.0457    0.4051  0.1184    0.8643  0.7760    0.4949  0.1801    0.8907  0.8251
       56     1389    9.599   3.101E+02    9.665     1386    0.0398  0.1018    0.0428  0.1111    0.0153  0.0426    0.4091  0.1218    0.8642  0.7757    0.4997  0.1847    0.8905  0.8248
       57     1424    9.025   2.898E+02    9.050     1422    0.0435  0.1083    0.0469  0.1187    0.0168  0.0462    0.4131  0.1252    0.8641  0.7753    0.5045  0.1894    0.8904  0.8246
       58     1458    9.806   3.208E+02    9.813     1452    0.0417  0.1001    0.0449  0.1099    0.0161  0.0432    0.4175  0.1288    0.8640  0.7749    0.5095  0.1943    0.8903  0.8242
       59     1437    9.374   2.732E+02    9.410     1431    0.0445  0.1098    0.0479  0.1206    0.0171  0.0475    0.4216  0.1322    0.8639  0.7744    0.5142  0.1990    0.8901  0.8238
       60     1425    8.753   2.851E+02    8.742     1421    0.0433  0.1159    0.0465  0.1266    0.0166  0.0487    0.4255  0.1357    0.8638  0.7740    0.5187  0.2037    0.8900  0.8235
       61     1409    9.209   2.779E+02    9.243     1404    0.0458  0.1140    0.0491  0.1246    0.0174  0.0480    0.4291  0.1391    0.8637  0.7734    0.5230  0.2082    0.8899  0.8231
       62     1522    9.934   3.077E+02    9.951     1517    0.0426  0.1025    0.0457  0.1119    0.0160  0.0430    0.4332  0.1429    0.8636  0.7729    0.5277  0.2134    0.8898  0.8227
       63     1434    9.730   3.186E+02    9.740     1429    0.0420  0.1056    0.0451  0.1153    0.0161  0.0442    0.4370  0.1463    0.8635  0.7724    0.5320  0.2180    0.8897  0.8222
       64     1475    9.168   2.755E+02    9.200     1465    0.0439  0.1088    0.0473  0.1194    0.0169  0.0468    0.4410  0.1501    0.8634  0.7720    0.5367  0.2229    0.8895  0.8218
       65     1383    9.251   3.252E+02    9.292     1377    0.0411  0.1161    0.0443  0.1272    0.0159  0.0494    0.4447  0.1534    0.8632  0.7713    0.5407  0.2271    0.8893  0.8212
       66     1452    9.782   3.143E+02    9.808     1445    0.0423  0.1072    0.0454  0.1169    0.0160  0.0447    0.4483  0.1573    0.8630  0.7709    0.5450  0.2322    0.8891  0.8208
       67     1447    9.609   2.949E+02    9.613     1438    0.0419  0.1089    0.0451  0.1194    0.0161  0.0465    0.4520  0.1605    0.8629  0.7704    0.5492  0.2363    0.8889  0.8203
       68     1375    8.406   2.568E+02    8.437     1368    0.0457  0.1173    0.0491  0.1286    0.0174  0.0500    0.4555  0.1642    0.8627  0.7698    0.5530  0.2411    0.8887  0.8198
       69     1389    9.642   3.010E+02    9.668     1382    0.0424  0.1056    0.0456  0.1156    0.0162  0.0447    0.4590  0.1677    0.8625  0.7692    0.5571  0.2455    0.8884  0.8192
       70     1464    9.069   2.909E+02    9.072     1454    0.0462  0.1184    0.0498  0.1303    0.0178  0.0516    0.4626  0.1713    0.8623  0.7687    0.5611  0.2503    0.8882  0.8186
       71     1456    9.682   3.185E+02    9.701     1446    0.0403  0.1101    0.0433  0.1205    0.0153  0.0469    0.4662  0.1745    0.8621  0.7680    0.5650  0.2544    0.8880  0.8179
       72     1467    9.345   3.002E+02    9.368     1456    0.0422  0.1142    0.0455  0.1252    0.0162  0.0487    0.4698  0.1784    0.8619  0.7674    0.5690  0.2593    0.8878  0.8172
       73     1442   10.216   3.527E+02   10.237     1436    0.0373  0.1012    0.0401  0.1109    0.0143  0.0431    0.4730  0.1821    0.8617  0.7668    0.5728  0.2639    0.8875  0.8167
       74     1418    8.493   2.709E+02    8.508     1414    0.0463  0.1250    0.0497  0.1363    0.0175  0.0520    0.4762  0.1858    0.8614  0.7663    0.5760  0.2686    0.8871  0.8160
       75     1397    9.619   2.933E+02    9.634     1393    0.0406  0.1059    0.0437  0.1158    0.0155  0.0448    0.4794  0.1893    0.8613  0.7658    0.5794  0.2729    0.8869  0.8154
       76     1487    9.525   3.018E+02    9.549     1480    0.0414  0.1085    0.0444  0.1187    0.0157  0.0459    0.4827  0.1933    0.8611  0.7652    0.5829  0.2779    0.8866  0.8150
       77     1376    9.066   2.868E+02    9.113     1373    0.0443  0.1130    0.0478  0.1239    0.0172  0.0482    0.4860  0.1965    0.8608  0.7645    0.5865  0.2816    0.8863  0.8143
       78     1443    9.560   2.872E+02    9.582     1436    0.0406  0.1048    0.0436  0.1149    0.0154  0.0447    0.4890  0.2002    0.8607  0.7638    0.5899  0.2864    0.8862  0.8134
       79     1396    9.297   2.880E+02    9.344     1391    0.0422  0.1071    0.0454  0.1171    0.0161  0.0451    0.4919  0.2036    0.8604  0.7631    0.5930  0.2905    0.8858  0.8127
       80     1480    9.052   2.960E+02    9.092     1475    0.0388  0.1106    0.0418  0.1214    0.0150  0.0477    0.4953  0.2072    0.8601  0.7624    0.5969  0.2949    0.8854  0.8120
       81     1444    8.949   2.591E+02    8.908     1432    0.0449  0.1151    0.0483  0.1260    0.0171  0.0487    0.4987  0.2105    0.8599  0.7617    0.6004  0.2989    0.8851  0.8114
       82     1415    8.668   2.505E+02    8.711     1409    0.0470  0.1107    0.0507  0.1213    0.0182  0.0471    0.5015  0.2139    0.8596  0.7611    0.6032  0.3030    0.8848  0.8106
       83     1442    9.249   2.910E+02    9.264     1434    0.0461  0.1160    0.0496  0.1273    0.0175  0.0502    0.5047  0.2173    0.8593  0.7604    0.6062  0.3071    0.8843  0.8099
       84     1483    9.438   3.238E+02    9.470     1478    0.0376  0.1096    0.0404  0.1203    0.0144  0.0473    0.5079  0.2209    0.8590  0.7596    0.6096  0.3114    0.8840  0.8091
       85     1446    9.641   3.127E+02    9.647     1438    0.0383  0.1077    0.0412  0.1175    0.0147  0.0452    0.5107  0.2245    0.8587  0.7589    0.6127  0.3156    0.8835  0.8082
       86     1414    8.937   2.715E+02    8.953     1407    0.0444  0.1138    0.0478  0.1250    0.0171  0.0491    0.5135  0.2280    0.8584  0.7581    0.6154  0.3201    0.8832  0.8073
       87     1430    8.969   2.643E+02    8.982     1421    0.0460  0.1124    0.0495  0.1233    0.0175  0.0480    0.5164  0.2314    0.8581  0.7573    0.6185  0.3241    0.8828  0.8066
       88     1395    8.824   2.499E+02    8.866     1382    0.0488  0.1112    0.0525  0.1215    0.0187  0.0468    0.5192  0.2347    0.8578  0.7565    0.6214  0.3281    0.8824  0.8057
       89     1444    9.423   3.034E+02    9.479     1437    0.0417  0.1096    0.0449  0.1206    0.0160  0.0479    0.5222  0.2380    0.8574  0.7558    0.6241  0.3321    0.8819  0.8049
       90     1460    9.250   2.940E+02    9.297     1451    0.0421  0.1136    0.0453  0.1246    0.0161  0.0488    0.5252  0.2415    0.8572  0.7549    0.6269  0.3361    0.8816  0.8040
       91     1499    9.523   2.979E+02    9.540     1490    0.0405  0.1082    0.0435  0.1185    0.0155  0.0458    0.5281  0.2450    0.8568  0.7540    0.6297  0.3403    0.8811  0.8032
       92     1423    9.069   2.647E+02    9.090     1417    0.0445  0.1090    0.0480  0.1197    0.0172  0.0468    0.5309  0.2482    0.8564  0.7531    0.6327  0.3441    0.8805  0.8023
       93     1391    8.600   2.336E+02    8.634     1383    0.0503  0.1148    0.0543  0.1259    0.0197  0.0493    0.5336  0.2516    0.8560  0.7522    0.6355  0.3479    0.8800  0.8015
       94     1481    9.258   2.937E+02    9.312     1473    0.0434  0.1095    0.0468  0.1197    0.0168  0.0460    0.5362  0.2550    0.8556  0.7514    0.6382  0.3520    0.8796  0.8006
       95     1429    9.322   2.939E+02    9.360     1418    0.0408  0.1115    0.0441  0.1221    0.0161  0.0477    0.5387  0.2582    0.8553  0.7506    0.6408  0.3556    0.8791  0.7997
       96     1410    9.186   2.804E+02    9.234     1405    0.0415  0.1098    0.0448  0.1207    0.0161  0.0475    0.5413  0.2613    0.8549  0.7497    0.6434  0.3593    0.8785  0.7988
       97     1415    9.238   2.852E+02    9.264     1407    0.0438  0.1107    0.0472  0.1215    0.0169  0.0478    0.5439  0.2641    0.8545  0.7488    0.6461  0.3626    0.8780  0.7980
       98     1500    8.751   2.479E+02    8.788     1487    0.0491  0.1148    0.0530  0.1265    0.0192  0.0506    0.5469  0.2674    0.8541  0.7479    0.6486  0.3667    0.8774  0.7971
       99     1386    9.075   2.664E+02    9.118     1376    0.0462  0.1161    0.0499  0.1281    0.0179  0.0513    0.5495  0.2706    0.8536  0.7468    0.6509  0.3704    0.8768  0.7962
      100     1452    9.029   2.791E+02    9.046     1437    0.0463  0.1134    0.0499  0.1244    0.0180  0.0484    0.5522  0.2740    0.8532  0.7458    0.6536  0.3743    0.8762  0.7953
      101     1447    9.472   2.982E+02    9.482     1436    0.0422  0.1079    0.0454  0.1183    0.0161  0.0460    0.5547  0.2772    0.8527  0.7449    0.6560  0.3780    0.8755  0.7942
      102     1451    9.506   3.017E+02    9.527     1442    0.0416  0.1046    0.0448  0.1153    0.0160  0.0458    0.5570  0.2804    0.8521  0.7440    0.6579  0.3816    0.8748  0.7936
      103     1411    8.839   2.616E+02    8.844     1403    0.0448  0.1093    0.0482  0.1199    0.0171  0.0467    0.5592  0.2834    0.8516  0.7430    0.6602  0.3850    0.8740  0.7926
      104     1424    8.727   2.377E+02    8.737     1412    0.0491  0.1150    0.0529  0.1262    0.0189  0.0493    0.5616  0.2866    0.8512  0.7419    0.6626  0.3888    0.8734  0.7916
      105     1414    8.730   2.394E+02    8.778     1406    0.0483  0.1116    0.0521  0.1229    0.0187  0.0487    0.5640  0.2897    0.8506  0.7410    0.6647  0.3925    0.8727  0.7909
      106     1462    9.652   2.824E+02    9.646     1445    0.0459  0.1051    0.0494  0.1156    0.0175  0.0457    0.5666  0.2927    0.8501  0.7401    0.6667  0.3961    0.8720  0.7899
      107     1490    9.225   2.731E+02    9.233     1480    0.0420  0.1045    0.0453  0.1149    0.0162  0.0450    0.5691  0.2962    0.8494  0.7390    0.6689  0.4001    0.8711  0.7888
      108     1491    9.036   2.843E+02    9.102     1485    0.0431  0.1094    0.0464  0.1200    0.0165  0.0470    0.5714  0.2992    0.8487  0.7378    0.6708  0.4037    0.8703  0.7878
      109     1424    9.338   2.763E+02    9.371     1412    0.0430  0.1029    0.0463  0.1130    0.0165  0.0445    0.5736  0.3024    0.8482  0.7367    0.6728  0.4074    0.8695  0.7867
      110     1407    8.825   2.770E+02    8.838     1397    0.0448  0.1157    0.0483  0.1272    0.0174  0.0501    0.5757  0.3054    0.8476  0.7358    0.6746  0.4109    0.8687  0.7859
      111     1380    9.334   2.841E+02    9.390     1371    0.0449  0.1068    0.0484  0.1177    0.0172  0.0469    0.5775  0.3085    0.8470  0.7348    0.6763  0.4145    0.8679  0.7850
      112     1440    9.354   2.876E+02    9.337     1424    0.0434  0.1076    0.0468  0.1184    0.0168  0.0469    0.5797  0.3116    0.8462  0.7339    0.6783  0.4180    0.8669  0.7841
      113     1474    8.877   2.651E+02    8.912     1457    0.0443  0.1085    0.0478  0.1193    0.0170  0.0469    0.5820  0.3147    0.8454  0.7329    0.6802  0.4216    0.8657  0.7832
      114     1441    8.993   2.932E+02    9.019     1427    0.0411  0.1120    0.0443  0.1235    0.0159  0.0492    0.5842  0.3177    0.8446  0.7318    0.6819  0.4253    0.8648  0.7823
      115     1486    9.229   2.752E+02    9.254     1474    0.0456  0.1092    0.0490  0.1202    0.0174  0.0475    0.5865  0.3209    0.8439  0.7308    0.6836  0.4289    0.8640  0.7815
      116     1431    9.142   2.699E+02    9.188     1417    0.0437  0.1119    0.0472  0.1230    0.0171  0.0485    0.5885  0.3239    0.8432  0.7297    0.6855  0.4323    0.8630  0.7804
      117     1414    8.913   2.704E+02    9.002     1405    0.0439  0.1116    0.0473  0.1227    0.0171  0.0484    0.5905  0.3271    0.8423  0.7286    0.6868  0.4359    0.8618  0.7793
      118     1446    9.046   2.854E+02    9.083     1432    0.0453  0.1152    0.0488  0.1263    0.0173  0.0493    0.5924  0.3301    0.8416  0.7277    0.6886  0.4393    0.8611  0.7783
      119     1438    8.508   2.516E+02    8.536     1422    0.0466  0.1180    0.0503  0.1297    0.0181  0.0510    0.5944  0.3331    0.8409  0.7266    0.6901  0.4426    0.8603  0.7774
      120     1405    9.559   2.927E+02    9.588     1397    0.0407  0.1023    0.0438  0.1124    0.0157  0.0443    0.5963  0.3360    0.8401  0.7252    0.6917  0.4461    0.8594  0.7760
      121     1486    9.025   2.590E+02    9.057     1472    0.0435  0.1065    0.0470  0.1175    0.0170  0.0468    0.5986  0.3388    0.8394  0.7241    0.6933  0.4491    0.8584  0.7747
      122     1384    9.188   2.974E+02    9.207     1371    0.0393  0.1090    0.0424  0.1201    0.0152  0.0478    0.6005  0.3417    0.8385  0.7230    0.6946  0.4525    0.8574  0.7739
      123     1514    8.672   2.644E+02    8.713     1506    0.0445  0.1144    0.0480  0.1259    0.0173  0.0500    0.6026  0.3449    0.8377  0.7220    0.6961  0.4559    0.8565  0.7729
      124     1434    9.254   2.736E+02    9.266     1426    0.0431  0.1107    0.0466  0.1224    0.0168  0.0493    0.6044  0.3478    0.8370  0.7206    0.6976  0.4591    0.8556  0.7716
      125     1445    8.844   2.754E+02    8.878     1429    0.0420  0.1143    0.0453  0.1256    0.0163  0.0494    0.6060  0.3509    0.8361  0.7192    0.6989  0.4624    0.8546  0.7703
      126     1400    8.966   2.517E+02    8.988     1396    0.0448  0.1086    0.0485  0.1193    0.0177  0.0470    0.6077  0.3537    0.8351  0.7181    0.7002  0.4654    0.8535  0.7691
      127     1430    9.175   2.927E+02    9.222     1420    0.0400  0.1106    0.0432  0.1223    0.0157  0.0495    0.6094  0.3568    0.8343  0.7171    0.7017  0.4687    0.8525  0.7681
      128     1424    8.719   2.663E+02    8.733     1420    0.0443  0.1152    0.0479  0.1273    0.0176  0.0514    0.6113  0.3595    0.8334  0.7160    0.7030  0.4717    0.8514  0.7671
      129     1409    9.326   2.839E+02    9.335     1395    0.0425  0.1107    0.0458  0.1214    0.0164  0.0472    0.6131  0.3620    0.8326  0.7145    0.7045  0.4745    0.8503  0.7658
      130     1434    8.666   2.477E+02    8.726     1421    0.0462  0.1106    0.0498  0.1214    0.0180  0.0477    0.6150  0.3648    0.8317  0.7130    0.7058  0.4774    0.8492  0.7644
      131     1429    8.990   2.883E+02    9.034     1419    0.0424  0.1160    0.0458  0.1273    0.0165  0.0499    0.6166  0.3679    0.8308  0.7118    0.7070  0.4805    0.8482  0.7633
      132     1434    9.273   2.831E+02    9.310     1422    0.0414  0.1061    0.0447  0.1166    0.0160  0.0460    0.6181  0.3709    0.8299  0.7107    0.7083  0.4839    0.8473  0.7622
      133     1461    8.663   2.552E+02    8.665     1453    0.0425  0.1137    0.0458  0.1249    0.0164  0.0492    0.6197  0.3738    0.8290  0.7095    0.7095  0.4872    0.8462  0.7608
      134     1449    9.208   2.991E+02    9.240     1437    0.0392  0.1078    0.0421  0.1182    0.0149  0.0462    0.6213  0.3765    0.8282  0.7078    0.7107  0.4900    0.8452  0.7592
      135     1409    8.795   2.760E+02    8.821     1404    0.0412  0.1155    0.0446  0.1276    0.0164  0.0516    0.6231  0.3796    0.8273  0.7063    0.7121  0.4930    0.8442  0.7578
      136     1444    8.675   2.527E+02    8.696     1435    0.0470  0.1127    0.0508  0.1242    0.0184  0.0493    0.6249  0.3823    0.8264  0.7050    0.7134  0.4958    0.8432  0.7566
      137     1436    8.870   2.325E+02    8.902     1425    0.0474  0.1056    0.0511  0.1164    0.0182  0.0462    0.6264  0.3850    0.8255  0.7036    0.7147  0.4987    0.8421  0.7551
      138     1461    8.630   2.608E+02    8.676     1449    0.0461  0.1176    0.0498  0.1292    0.0181  0.0507    0.6280  0.3877    0.8246  0.7020    0.7159  0.5018    0.8409  0.7536
      139     1432    9.166   2.914E+02    9.159     1425    0.0390  0.1115    0.0420  0.1225    0.0150  0.0483    0.6293  0.3907    0.8235  0.7005    0.7170  0.5049    0.8398  0.7524
      140     1407    8.934   2.625E+02    8.920     1400    0.0432  0.1080    0.0467  0.1190    0.0168  0.0475    0.6306  0.3937    0.8226  0.6989    0.7181  0.5078    0.8388  0.7512
      141     1469    8.677   2.663E+02    8.746     1461    0.0431  0.1159    0.0464  0.1267    0.0166  0.0488    0.6321  0.3963    0.8216  0.6974    0.7193  0.5105    0.8378  0.7494
      142     1401    9.228   2.872E+02    9.294     1389    0.0416  0.1062    0.0450  0.1175    0.0163  0.0477    0.6338  0.3990    0.8207  0.6960    0.7205  0.5134    0.8366  0.7481
      143     1458    8.662   2.677E+02    8.681     1443    0.0444  0.1198    0.0478  0.1321    0.0170  0.0528    0.6355  0.4015    0.8198  0.6945    0.7217  0.5161    0.8357  0.7466
      144     1482    8.485   2.575E+02    8.516     1476    0.0441  0.1152    0.0477  0.1273    0.0174  0.0512    0.6370  0.4044    0.8188  0.6930    0.7226  0.5190    0.8347  0.7451
      145     1484    9.525   2.979E+02    9.541     1474    0.0406  0.1086    0.0439  0.1193    0.0160  0.0470    0.6385  0.4072    0.8176  0.6908    0.7238  0.5218    0.8335  0.7433
      146     1377    8.446   2.280E+02    8.472     1373    0.0475  0.1128    0.0513  0.1243    0.0186  0.0496    0.6398  0.4098    0.8166  0.6891    0.7249  0.5246    0.8323  0.7419
      147     1381    8.596   2.460E+02    8.636     1368    0.0454  0.1140    0.0490  0.1254    0.0178  0.0496    0.6410  0.4128    0.8159  0.6878    0.7257  0.5275    0.8314  0.7405
      148     1470    8.928   2.732E+02    8.957     1462    0.0411  0.1161    0.0444  0.1279    0.0161  0.0510    0.6424  0.4155    0.8148  0.6862    0.7269  0.5303    0.8303  0.7388
      149     1437    8.727   2.660E+02    8.759     1428    0.0424  0.1117    0.0459  0.1239    0.0168  0.0505    0.6440  0.4180    0.8136  0.6845    0.7280  0.5329    0.8291  0.7372
      150     1444    8.604   2.294E+02    8.642     1438    0.0470  0.1107    0.0508  0.1224    0.0185  0.0495    0.6454  0.4205    0.8125  0.6826    0.7292  0.5357    0.8277  0.7354
      151     1432    8.935   2.691E+02    8.967     1424    0.0437  0.1144    0.0472  0.1256    0.0170  0.0491    0.6467  0.4230    0.8116  0.6808    0.7300  0.5382    0.8267  0.7342
      152     1455    8.528   2.354E+02    8.543     1447    0.0483  0.1174    0.0521  0.1293    0.0189  0.0516    0.6481  0.4257    0.8106  0.6788    0.7310  0.5408    0.8256  0.7322
      153     1468    8.717   2.685E+02    8.752     1456    0.0426  0.1142    0.0462  0.1257    0.0169  0.0500    0.6494  0.4284    0.8094  0.6774    0.7321  0.5435    0.8245  0.7306
      154     1388    8.989   2.708E+02    9.000     1386    0.0423  0.1148    0.0457  0.1266    0.0165  0.0505    0.6507  0.4309    0.8082  0.6758    0.7330  0.5462    0.8233  0.7292
      155     1435    8.608   2.508E+02    8.658     1425    0.0446  0.1115    0.0482  0.1226    0.0175  0.0485    0.6521  0.4332    0.8074  0.6739    0.7341  0.5487    0.8223  0.7273
      156     1497    7.927   2.310E+02    7.995     1490    0.0477  0.1281    0.0518  0.1415    0.0192  0.0571    0.6534  0.4357    0.8064  0.6720    0.7349  0.5515    0.8210  0.7255
      157     1426    8.633   2.556E+02    8.604     1418    0.0448  0.1164    0.0484  0.1281    0.0176  0.0509    0.6546  0.4382    0.8054  0.6698    0.7359  0.5539    0.8198  0.7239
      158     1436    8.407   2.333E+02    8.477     1426    0.0472  0.1178    0.0508  0.1294    0.0183  0.0511    0.6560  0.4407    0.8039  0.6681    0.7370  0.5566    0.8189  0.7222
      159     1412    9.216   2.864E+02    9.227     1405    0.0402  0.1126    0.0433  0.1237    0.0156  0.0487    0.6571  0.4429    0.8028  0.6662    0.7380  0.5591    0.8174  0.7203
      160     1406    8.332   2.450E+02    8.397     1398    0.0448  0.1212    0.0485  0.1337    0.0177  0.0535    0.6584  0.4454    0.8018  0.6646    0.7388  0.5616    0.8161  0.7187
      161     1471    8.463   2.578E+02    8.506     1462    0.0426  0.1163    0.0460  0.1283    0.0167  0.0515    0.6596  0.4475    0.8008  0.6629    0.7398  0.5636    0.8150  0.7172
      162     1481    7.808   2.169E+02    7.841     1464    0.0481  0.1246    0.0522  0.1380    0.0193  0.0564    0.6609  0.4503    0.7995  0.6608    0.7407  0.5665    0.8137  0.7153
      163     1469    8.527   2.489E+02    8.551     1463    0.0434  0.1123    0.0467  0.1236    0.0168  0.0490    0.6623  0.4526    0.7979  0.6586    0.7417  0.5691    0.8123  0.7133
      164     1463    8.966   2.533E+02    8.959     1453    0.0437  0.1093    0.0473  0.1207    0.0173  0.0486    0.6636  0.4551    0.7970  0.6567    0.7428  0.5716    0.8114  0.7117
      165     1410    8.333   2.399E+02    8.374     1401    0.0453  0.1135    0.0490  0.1250    0.0178  0.0499    0.6647  0.4573    0.7959  0.6547    0.7437  0.5741    0.8100  0.7097
      166     1432    8.774   2.534E+02    8.809     1421    0.0437  0.1085    0.0472  0.1198    0.0173  0.0480    0.6659  0.4595    0.7948  0.6526    0.7446  0.5762    0.8088  0.7075
      167     1418    8.460   2.401E+02    8.526     1412    0.0454  0.1143    0.0492  0.1259    0.0180  0.0503    0.6671  0.4619    0.7933  0.6506    0.7454  0.5790    0.8075  0.7057
      168     1479    8.349   2.310E+02    8.410     1469    0.0455  0.1208    0.0493  0.1332    0.0183  0.0536    0.6683  0.4639    0.7922  0.6491    0.7463  0.5811    0.8064  0.7043
      169     1447    8.918   2.645E+02    8.974     1435    0.0404  0.1135    0.0437  0.1250    0.0161  0.0498    0.6694  0.4662    0.7910  0.6465    0.7472  0.5835    0.8050  0.7021
      170     1470    8.286   2.354E+02    8.348     1459    0.0454  0.1131    0.0491  0.1248    0.0181  0.0501    0.6707  0.4686    0.7898  0.6446    0.7483  0.5860    0.8035  0.7004
      171     1473    8.171   2.398E+02    8.190     1470    0.0448  0.1209    0.0486  0.1337    0.0181  0.0544    0.6718  0.4710    0.7887  0.6425    0.7489  0.5882    0.8025  0.6986
      172     1460    8.393   2.166E+02    8.439     1444    0.0475  0.1421    0.0513  0.1571    0.0187  0.0642    0.6731  0.4733    0.7870  0.6403    0.7500  0.5909    0.8009  0.6965
      173     1338    8.251   2.451E+02    8.314     1333    0.0463  0.1208    0.0500  0.1332    0.0181  0.0534    0.6743  0.4753    0.7856  0.6384    0.7509  0.5931    0.7993  0.6946
      174     1471    8.694   2.549E+02    8.785     1462    0.0445  0.1221    0.0481  0.1347    0.0176  0.0540    0.6754  0.4777    0.7848  0.6364    0.7517  0.5955    0.7984  0.6927
      175     1485    8.510   2.312E+02    8.542     1476    0.0466  0.1147    0.0506  0.1274    0.0188  0.0527    0.6765  0.4801    0.7833  0.6340    0.7526  0.5976    0.7969  0.6904
      176     1493    8.422   2.491E+02    8.441     1484    0.0447  0.1374    0.0483  0.1517    0.0175  0.0618    0.6777  0.4825    0.7819  0.6315    0.7536  0.6000    0.7955  0.6882
      177     1428    8.604   2.483E+02    8.698     1423    0.0456  0.1236    0.0492  0.1363    0.0179  0.0547    0.6788  0.4845    0.7804  0.6294    0.7546  0.6022    0.7942  0.6865
      178     1432    8.413   2.165E+02    8.407     1422    0.0477  0.1229    0.0515  0.1353    0.0187  0.0541    0.6798  0.4866    0.7791  0.6269    0.7554  0.6042    0.7927  0.6839
      179     1368    8.156   2.145E+02    8.268     1358    0.0509  0.1239    0.0551  0.1363    0.0202  0.0542    0.6808  0.4886    0.7778  0.6248    0.7560  0.6065    0.7913  0.6820
      180     1482    8.226   2.358E+02    8.293     1467    0.0421  0.1264    0.0456  0.1396    0.0168  0.0567    0.6820  0.4908    0.7765  0.6229    0.7568  0.6086    0.7899  0.6802
      181     1508    8.608   2.279E+02    8.692     1500    0.0469  0.1172    0.0509  0.1295    0.0188  0.0526    0.6831  0.4934    0.7750  0.6205    0.7577  0.6112    0.7884  0.6778
      182     1412    8.272   2.283E+02    8.340     1409    0.0461  0.1231    0.0501  0.1359    0.0188  0.0549    0.6842  0.4954    0.7734  0.6182    0.7585  0.6133    0.7869  0.6755
      183     1468    8.266   2.248E+02    8.361     1459    0.0444  0.1201    0.0479  0.1330    0.0175  0.0541    0.6853  0.4975    0.7723  0.6161    0.7594  0.6154    0.7859  0.6738
      184     1437    8.279   2.124E+02    8.342     1432    0.0459  0.1128    0.0497  0.1253    0.0184  0.0516    0.6865  0.4994    0.7707  0.6134    0.7603  0.6172    0.7842  0.6712
      185     1462    8.251   1.959E+02    8.348     1448    0.0489  0.1129    0.0532  0.1253    0.0200  0.0517    0.6878  0.5019    0.7693  0.6111    0.7613  0.6197    0.7827  0.6690
      186     1400    8.348   2.288E+02    8.438     1397    0.0453  0.1218    0.0489  0.1340    0.0176  0.0533    0.6886  0.5041    0.7679  0.6087    0.7619  0.6218    0.7813  0.6668
      187     1465    7.915   2.156E+02    8.053     1451    0.0440  0.1230    0.0477  0.1359    0.0177  0.0551    0.6896  0.5063    0.7663  0.6065    0.7627  0.6238    0.7797  0.6646
      188     1437    8.532   2.238E+02    8.707     1430    0.0436  0.1105    0.0470  0.1214    0.0171  0.0480    0.6907  0.5085    0.7645  0.6039    0.7635  0.6263    0.7779  0.6621
      189     1472    8.350   2.122E+02    8.634     1460    0.0476  0.1110    0.0516  0.1228    0.0191  0.0500    0.6918  0.5108    0.7632  0.6017    0.7645  0.6284    0.7765  0.6603
      190     1429    7.952   1.976E+02    8.457     1420    0.0490  0.1232    0.0531  0.1364    0.0196  0.0556    0.6929  0.5131    0.7614  0.5990    0.7654  0.6304    0.7744  0.6575
      191     1471    8.128   2.176E+02    8.798     1457    0.0464  0.1242    0.0504  0.1376    0.0188  0.0563    0.6940  0.5156    0.7598  0.5966    0.7662  0.6326    0.7728  0.6553
      192     1490    7.760   2.070E+02    8.921     1479    0.0469  0.1254    0.0508  0.1386    0.0187  0.0562    0.6951  0.5178    0.7580  0.5941    0.7668  0.6345    0.7710  0.6529
      193     1439    7.998   2.181E+02    9.622     1426    0.0473  0.1256    0.0513  0.1388    0.0191  0.0561    0.6962  0.5197    0.7564  0.5916    0.7676  0.6363    0.7693  0.6507
      194     1444    8.448   2.235E+02    9.808     1429    0.0443  0.1145    0.0480  0.1266    0.0177  0.0512    0.6975  0.5217    0.7547  0.5892    0.7690  0.6381    0.7676  0.6483
      195     1477    8.160   2.070E+02    9.009     1460    0.0461  0.1164    0.0498  0.1285    0.0182  0.0517    0.6988  0.5235    0.7531  0.5869    0.7702  0.6399    0.7660  0.6460
      196     1393    8.176   2.477E+02    8.622     1380    0.0412  0.1201    0.0447  0.1331    0.0168  0.0547    0.7001  0.5254    0.7513  0.5844    0.7712  0.6416    0.7640  0.6435
      197     1427    8.216   2.292E+02    8.549     1415    0.0449  0.1212    0.0486  0.1339    0.0180  0.0542    0.7014  0.5269    0.7496  0.5818    0.7723  0.6431    0.7623  0.6409
      198     1502    8.414   2.199E+02    8.612     1488    0.0426  0.1146    0.0463  0.1269    0.0174  0.0518    0.7030  0.5285    0.7480  0.5790    0.7736  0.6445    0.7604  0.6382
      199     1425    8.247   2.165E+02    8.344     1413    0.0470  0.1201    0.0511  0.1327    0.0193  0.0537    0.7044  0.5302    0.7464  0.5765    0.7748  0.6462    0.7587  0.6360
      200     1416    7.699   1.904E+02    7.823     1400    0.0491  0.1205    0.0533  0.1329    0.0199  0.0534    0.7057  0.5320    0.7447  0.5737    0.7760  0.6477    0.7568  0.6333
      201     1520    8.190   2.263E+02    8.342     1501    0.0447  0.1199    0.0485  0.1328    0.0180  0.0543    0.7071  0.5339    0.7430  0.5712    0.7771  0.6493    0.7551  0.6309
      202     1438    8.012   1.968E+02    8.067     1423    0.0472  0.1196    0.0513  0.1328    0.0193  0.0549    0.7085  0.5355    0.7410  0.5686    0.7782  0.6509    0.7532  0.6283
      203     1429    7.745   2.135E+02    7.816     1419    0.0455  0.1221    0.0494  0.1351    0.0183  0.0550    0.7099  0.5370    0.7393  0.5657    0.7794  0.6522    0.7513  0.6255
      204     1454    8.197   2.190E+02    8.248     1442    0.0443  0.1181    0.0481  0.1311    0.0179  0.0540    0.7114  0.5386    0.7376  0.5631    0.7806  0.6537    0.7495  0.6229
      205     1431    8.173   2.159E+02    8.246     1415    0.0490  0.1229    0.0532  0.1361    0.0199  0.0557    0.7128  0.5403    0.7359  0.5601    0.7817  0.6553    0.7476  0.6201
      206     1405    8.305   2.107E+02    8.393     1389    0.0481  0.1187    0.0520  0.1307    0.0192  0.0523    0.7138  0.5420    0.7342  0.5575    0.7825  0.6569    0.7458  0.6177
      207     1392    7.444   2.049E+02    7.552     1383    0.0523  0.1412    0.0568  0.1562    0.0213  0.0638    0.7149  0.5437    0.7325  0.5548    0.7835  0.6585    0.7439  0.6151
      208     1483    8.348   2.320E+02    8.370     1469    0.0452  0.1188    0.0490  0.1316    0.0182  0.0539    0.7162  0.5455    0.7307  0.5523    0.7847  0.6600    0.7419  0.6126
      209     1512    8.286   2.337E+02    8.338     1499    0.0434  0.1152    0.0472  0.1278    0.0178  0.0526    0.7177  0.5473    0.7286  0.5493    0.7859  0.6616    0.7396  0.6098
      210     1516    7.810   2.001E+02    7.805     1487    0.0514  0.1238    0.0559  0.1372    0.0209  0.0564    0.7192  0.5490    0.7266  0.5461    0.7872  0.6630    0.7377  0.6067
      211     1445    7.506   1.926E+02    7.523     1420    0.0482  0.1272    0.0524  0.1412    0.0198  0.0584    0.7208  0.5508    0.7244  0.5431    0.7885  0.6645    0.7353  0.6038
      212     1476    8.113   2.181E+02    8.150     1451    0.0470  0.1246    0.0511  0.1382    0.0192  0.0567    0.7220  0.5526    0.7225  0.5405    0.7895  0.6660    0.7334  0.6013
      213     1373    8.252   2.223E+02    8.307     1354    0.0470  0.1145    0.0511  0.1269    0.0191  0.0518    0.7231  0.5542    0.7206  0.5376    0.7906  0.6673    0.7315  0.5983
      214     1455    8.231   2.037E+02    8.288     1442    0.0489  0.1150    0.0532  0.1276    0.0201  0.0524    0.7243  0.5558    0.7187  0.5350    0.7917  0.6688    0.7293  0.5956
      215     1437    7.772   2.008E+02    7.837     1420    0.0509  0.1232    0.0553  0.1363    0.0207  0.0555    0.7255  0.5573    0.7168  0.5317    0.7927  0.6701    0.7273  0.5925
      216     1422    7.544   2.027E+02    7.627     1406    0.0487  0.1211    0.0530  0.1343    0.0200  0.0552    0.7267  0.5589    0.7148  0.5288    0.7938  0.6714    0.7252  0.5897
      217     1442    8.020   2.215E+02    8.047     1422    0.0467  0.1211    0.0508  0.1346    0.0193  0.0559    0.7281  0.5607    0.7127  0.5256    0.7950  0.6731    0.7231  0.5866
      218     1495    7.777   1.956E+02    7.848     1466    0.0542  0.1295    0.0591  0.1433    0.0225  0.0587    0.7297  0.5624    0.7106  0.5228    0.7962  0.6744    0.7210  0.5837
      219     1435    8.297   2.252E+02    8.261     1418    0.0458  0.1179    0.0497  0.1304    0.0185  0.0530    0.7307  0.5642    0.7085  0.5197    0.7971  0.6759    0.7189  0.5805
      220     1389    7.868   2.407E+02    7.918     1372    0.0431  0.1255    0.0467  0.1385    0.0174  0.0562    0.7317  0.5657    0.7065  0.5165    0.7980  0.6772    0.7167  0.5774
      221     1434    7.952   2.202E+02    7.990     1410    0.0459  0.1178    0.0497  0.1303    0.0185  0.0531    0.7327  0.5676    0.7045  0.5135    0.7988  0.6787    0.7146  0.5745
      222     1491    8.030   2.088E+02    8.078     1473    0.0488  0.1220    0.0529  0.1351    0.0197  0.0554    0.7339  0.5697    0.7023  0.5104    0.7999  0.6803    0.7123  0.5715
      223     1439    7.433   1.924E+02    7.461     1418    0.0530  0.1311    0.0576  0.1456    0.0217  0.0603    0.7351  0.5717    0.7001  0.5072    0.8009  0.6817    0.7099  0.5683
      224     1485    7.725   1.973E+02    7.744     1465    0.0503  0.1229    0.0546  0.1360    0.0204  0.0555    0.7364  0.5735    0.6979  0.5042    0.8020  0.6832    0.7077  0.5653
      225     1483    8.013   2.256E+02    8.072     1467    0.0465  0.1257    0.0506  0.1397    0.0191  0.0582    0.7378  0.5754    0.6957  0.5012    0.8032  0.6846    0.7054  0.5624
      226     1390    8.144   2.355E+02    8.201     1375    0.0452  0.1199    0.0491  0.1327    0.0185  0.0543    0.7388  0.5769    0.6935  0.4982    0.8042  0.6857    0.7030  0.5592
      227     1469    7.799   1.979E+02    7.817     1454    0.0509  0.1233    0.0554  0.1363    0.0208  0.0553    0.7397  0.5787    0.6912  0.4953    0.8049  0.6871    0.7008  0.5563
      228     1400    8.023   2.266E+02    8.068     1383    0.0465  0.1216    0.0508  0.1348    0.0195  0.0554    0.7407  0.5803    0.6888  0.4922    0.8059  0.6884    0.6982  0.5532
      229     1416    7.709   2.065E+02    7.743     1394    0.0488  0.1284    0.0532  0.1431    0.0203  0.0601    0.7418  0.5822    0.6865  0.4892    0.8068  0.6898    0.6959  0.5503
      230     1443    8.237   2.257E+02    8.284     1424    0.0450  0.1165    0.0489  0.1297    0.0182  0.0540    0.7429  0.5839    0.6841  0.4859    0.8077  0.6911    0.6936  0.5467
      231     1406    7.694   2.008E+02    7.746     1389    0.0512  0.1256    0.0559  0.1404    0.0214  0.0591    0.7441  0.5854    0.6816  0.4827    0.8087  0.6922    0.6911  0.5432
      232     1474    7.814   2.069E+02    7.840     1453    0.0498  0.1228    0.0543  0.1361    0.0207  0.0559    0.7451  0.5871    0.6795  0.4793    0.8097  0.6935    0.6888  0.5398
      233     1456    7.819   2.168E+02    7.855     1440    0.0456  0.1181    0.0498  0.1318    0.0190  0.0555    0.7463  0.5888    0.6771  0.4761    0.8108  0.6949    0.6864  0.5367
      234     1497    7.757   1.987E+02    7.763     1476    0.0507  0.1223    0.0551  0.1360    0.0207  0.0566    0.7475  0.5906    0.6747  0.4727    0.8119  0.6961    0.6838  0.5332
      235     1379    7.683   1.961E+02    7.747     1357    0.0517  0.1281    0.0562  0.1417    0.0211  0.0578    0.7484  0.5923    0.6721  0.4695    0.8127  0.6973    0.6813  0.5297
      236     1500    7.285   1.812E+02    7.298     1473    0.0510  0.1222    0.0556  0.1359    0.0212  0.0566    0.7495  0.5943    0.6697  0.4666    0.8135  0.6987    0.6787  0.5267
      237     1372    8.083   2.202E+02    8.098     1353    0.0434  0.1173    0.0473  0.1305    0.0179  0.0542    0.7504  0.5961    0.6672  0.4630    0.8143  0.7002    0.6761  0.5231
      238     1480    7.730   1.841E+02    7.797     1461    0.0554  0.1233    0.0604  0.1370    0.0231  0.0567    0.7515  0.5980    0.6648  0.4598    0.8153  0.7015    0.6735  0.5198
      239     1475    7.460   2.015E+02    7.485     1459    0.0507  0.1291    0.0552  0.1437    0.0209  0.0600    0.7525  0.5997    0.6623  0.4562    0.8161  0.7027    0.6709  0.5159
      240     1425    7.889   1.971E+02    7.887     1404    0.0483  0.1231    0.0526  0.1363    0.0200  0.0560    0.7537  0.6013    0.6598  0.4526    0.8172  0.7038    0.6685  0.5123
      241     1456    7.879   2.161E+02    7.922     1438    0.0476  0.1196    0.0520  0.1332    0.0200  0.0559    0.7548  0.6030    0.6572  0.4493    0.8181  0.7050    0.6658  0.5086
      242     1533    7.298   2.018E+02    7.332     1502    0.0473  0.1312    0.0518  0.1464    0.0200  0.0616    0.7561  0.6049    0.6546  0.4460    0.8194  0.7064    0.6630  0.5054
      243     1385    7.982   2.248E+02    8.047     1361    0.0503  0.1194    0.0547  0.1320    0.0207  0.0538    0.7570  0.6065    0.6520  0.4420    0.8203  0.7076    0.6604  0.5013
      244     1370    7.234   1.853E+02    7.245     1352    0.0517  0.1298    0.0563  0.1437    0.0213  0.0588    0.7578  0.6080    0.6494  0.4388    0.8209  0.7087    0.6576  0.4980
      245     1437    7.187   1.820E+02    7.200     1419    0.0511  0.1355    0.0557  0.1511    0.0213  0.0638    0.7588  0.6097    0.6470  0.4357    0.8216  0.7100    0.6552  0.4948
      246     1461    8.089   2.201E+02    8.160     1449    0.0481  0.1200    0.0525  0.1326    0.0201  0.0539    0.7597  0.6114    0.6443  0.4322    0.8223  0.7112    0.6524  0.4914
      247     1426    7.285   1.937E+02    7.309     1406    0.0500  0.1325    0.0545  0.1469    0.0209  0.0608    0.7607  0.6131    0.6417  0.4286    0.8231  0.7124    0.6496  0.4875
      248     1470    7.525   1.885E+02    7.557     1443    0.0495  0.1212    0.0541  0.1354    0.0209  0.0572    0.7618  0.6149    0.6390  0.4254    0.8240  0.7138    0.6467  0.4841
      249     1415    7.471   1.914E+02    7.512     1392    0.0495  0.1251    0.0541  0.1392    0.0208  0.0581    0.7630  0.6168    0.6362  0.4216    0.8250  0.7152    0.6440  0.4803
      250     1448    7.439   1.934E+02    7.445     1437    0.0499  0.1248    0.0545  0.1389    0.0210  0.0581    0.7641  0.6184    0.6334  0.4181    0.8260  0.7162    0.6411  0.4766
      251     1450    7.311   1.725E+02    7.354     1430    0.0553  0.1268    0.0604  0.1411    0.0233  0.0588    0.7652  0.6202    0.6308  0.4141    0.8271  0.7175    0.6382  0.4724
      252     1437    7.479   2.088E+02    7.519     1418    0.0515  0.1351    0.0562  0.1504    0.0215  0.0630    0.7663  0.6221    0.6282  0.4103    0.8280  0.7189    0.6356  0.4686
      253     1461    7.674   2.106E+02    7.668     1435    0.0468  0.1253    0.0509  0.1390    0.0194  0.0575    0.7672  0.6239    0.6253  0.4070    0.8288  0.7202    0.6325  0.4647
      254     1432    7.439   1.996E+02    7.475     1412    0.0520  0.1344    0.0567  0.1487    0.0217  0.0610    0.7681  0.6257    0.6223  0.4034    0.8295  0.7212    0.6292  0.4609
      255     1463    7.442   1.896E+02    7.448     1437    0.0521  0.1240    0.0567  0.1379    0.0215  0.0575    0.7690  0.6276    0.6197  0.3995    0.8301  0.7226    0.6266  0.4570
      256     1398    6.891   1.532E+02    6.913     1373    0.0608  0.1308    0.0664  0.1452    0.0256  0.0600    0.7700  0.6292    0.6168  0.3959    0.8309  0.7236    0.6236  0.4532
      257     1413    6.849   1.659E+02    6.877     1395    0.0569  0.1382    0.0624  0.1538    0.0244  0.0643    0.7710  0.6310    0.6140  0.3923    0.8317  0.7249    0.6209  0.4496
      258     1462    7.599   1.948E+02    7.593     1433    0.0496  0.1284    0.0541  0.1433    0.0206  0.0603    0.7720  0.6326    0.6110  0.3888    0.8325  0.7259    0.6177  0.4461
      259     1424    7.875   1.947E+02    7.857     1401    0.0497  0.1244    0.0543  0.1387    0.0209  0.0584    0.7731  0.6342    0.6079  0.3850    0.8333  0.7269    0.6144  0.4418
      260     1497    6.829   1.553E+02    6.856     1467    0.0583  0.1310    0.0639  0.1460    0.0249  0.0614    0.7742  0.6360    0.6051  0.3811    0.8341  0.7283    0.6115  0.4377
      261     1433    7.684   1.974E+02    7.704     1409    0.0509  0.1241    0.0555  0.1377    0.0211  0.0569    0.7751  0.6376    0.6021  0.3772    0.8348  0.7294    0.6083  0.4338
      262     1445    7.422   1.921E+02    7.442     1412    0.0489  0.1299    0.0537  0.1457    0.0212  0.0625    0.7763  0.6392    0.5990  0.3736    0.8358  0.7305    0.6051  0.4299
      263     1503    7.218   1.929E+02    7.242     1463    0.0537  0.1334    0.0585  0.1485    0.0224  0.0621    0.7774  0.6408    0.5961  0.3694    0.8368  0.7318    0.6021  0.4254
      264     1432    7.878   1.990E+02    7.915     1403    0.0518  0.1311    0.0568  0.1465    0.0222  0.0620    0.7785  0.6424    0.5928  0.3655    0.8378  0.7327    0.5987  0.4214
      265     1455    7.217   1.744E+02    7.259     1421    0.0570  0.1294    0.0622  0.1441    0.0239  0.0603    0.7796  0.6438    0.5895  0.3615    0.8386  0.7336    0.5950  0.4170
      266     1418    7.539   1.801E+02    7.553     1398    0.0524  0.1216    0.0573  0.1355    0.0222  0.0569    0.7803  0.6455    0.5862  0.3577    0.8392  0.7348    0.5917  0.4130
      267     1446    6.992   1.648E+02    7.005     1414    0.0577  0.1375    0.0633  0.1535    0.0249  0.0648    0.7814  0.6473    0.5830  0.3538    0.8398  0.7360    0.5881  0.4091
      268     1431    7.342   1.822E+02    7.403     1400    0.0547  0.1343    0.0598  0.1491    0.0232  0.0619    0.7824  0.6489    0.5797  0.3496    0.8405  0.7371    0.5848  0.4046
      269     1435    7.608   1.858E+02    7.601     1400    0.0547  0.1288    0.0597  0.1433    0.0229  0.0598    0.7834  0.6505    0.5766  0.3458    0.8412  0.7382    0.5816  0.4003
      270     1477    7.024   1.701E+02    7.044     1449    0.0565  0.1387    0.0617  0.1541    0.0239  0.0639    0.7844  0.6522    0.5732  0.3418    0.8420  0.7395    0.5782  0.3959
      271     1410    7.011   1.714E+02    7.045     1375    0.0548  0.1345    0.0598  0.1496    0.0229  0.0626    0.7854  0.6537    0.5697  0.3375    0.8427  0.7404    0.5746  0.3912
      272     1424    7.063   1.749E+02    7.113     1397    0.0572  0.1369    0.0624  0.1520    0.0239  0.0629    0.7864  0.6552    0.5666  0.3335    0.8435  0.7414    0.5713  0.3871
      273     1461    7.074   1.664E+02    7.086     1424    0.0574  0.1322    0.0624  0.1464    0.0237  0.0601    0.7873  0.6567    0.5635  0.3294    0.8442  0.7424    0.5680  0.3828
      274     1497    7.685   2.079E+02    7.701     1462    0.0465  0.1269    0.0509  0.1415    0.0197  0.0596    0.7884  0.6585    0.5602  0.3251    0.8449  0.7435    0.5646  0.3781
      275     1413    7.020   1.629E+02    6.989     1376    0.0585  0.1357    0.0639  0.1511    0.0246  0.0631    0.7894  0.6601    0.5566  0.3207    0.8457  0.7446    0.5609  0.3733
      276     1453    7.233   1.780E+02    7.285     1408    0.0517  0.1301    0.0565  0.1441    0.0218  0.0593    0.7904  0.6617    0.5534  0.3166    0.8464  0.7457    0.5576  0.3689
      277     1433    6.730   1.614E+02    6.752     1402    0.0577  0.1451    0.0634  0.1622    0.0252  0.0691    0.7915  0.6635    0.5496  0.3124    0.8472  0.7471    0.5536  0.3644
      278     1468    7.948   1.986E+02    7.988     1436    0.0492  0.1257    0.0539  0.1404    0.0210  0.0594    0.7925  0.6652    0.5464  0.3079    0.8480  0.7482    0.5502  0.3597
      279     1479    7.149   1.717E+02    7.178     1434    0.0548  0.1364    0.0601  0.1524    0.0236  0.0649    0.7936  0.6669    0.5428  0.3034    0.8489  0.7493    0.5465  0.3547
      280     1445    6.963   1.649E+02    7.018     1405    0.0582  0.1381    0.0638  0.1540    0.0250  0.0649    0.7945  0.6684    0.5388  0.2992    0.8495  0.7502    0.5422  0.3502
      281     1402    7.499   1.743E+02    7.519     1366    0.0539  0.1317    0.0590  0.1478    0.0231  0.0638    0.7954  0.6700    0.5351  0.2948    0.8502  0.7512    0.5385  0.3455
      282     1421    6.585   1.535E+02    6.601     1382    0.0624  0.1402    0.0684  0.1558    0.0268  0.0648    0.7964  0.6715    0.5313  0.2908    0.8508  0.7521    0.5344  0.3412
      283     1486    7.495   1.908E+02    7.528     1448    0.0503  0.1274    0.0552  0.1417    0.0217  0.0590    0.7974  0.6732    0.5277  0.2863    0.8514  0.7531    0.5309  0.3364
      284     1440    7.270   1.762E+02    7.286     1403    0.0558  0.1381    0.0611  0.1540    0.0238  0.0650    0.7984  0.6747    0.5240  0.2814    0.8521  0.7542    0.5269  0.3311
      285     1446    6.657   1.510E+02    6.688     1403    0.0600  0.1383    0.0658  0.1545    0.0257  0.0654    0.7994  0.6764    0.5202  0.2770    0.8528  0.7554    0.5230  0.3263
      286     1467    6.793   1.555E+02    6.806     1420    0.0589  0.1333    0.0647  0.1494    0.0255  0.0640    0.8006  0.6781    0.5164  0.2725    0.8537  0.7565    0.5190  0.3215
      287     1446    7.424   1.812E+02    7.464     1409    0.0527  0.1294    0.0576  0.1439    0.0224  0.0599    0.8016  0.6794    0.5123  0.2679    0.8544  0.7574    0.5150  0.3165
      288     1417    7.264   1.913E+02    7.279     1374    0.0530  0.1433    0.0581  0.1600    0.0227  0.0677    0.8026  0.6809    0.5085  0.2631    0.8551  0.7584    0.5109  0.3113
      289     1467    6.418   1.571E+02    6.433     1408    0.0592  0.1437    0.0647  0.1599    0.0252  0.0668    0.8038  0.6825    0.5045  0.2585    0.8559  0.7594    0.5066  0.3063
      290     1434    7.420   1.835E+02    7.483     1394    0.0522  0.1310    0.0572  0.1458    0.0224  0.0611    0.8047  0.6840    0.5006  0.2539    0.8566  0.7603    0.5025  0.3015
      291     1493    7.395   1.931E+02    7.392     1438    0.0515  0.1333    0.0563  0.1483    0.0217  0.0619    0.8059  0.6855    0.4966  0.2492    0.8574  0.7613    0.4983  0.2964
      292     1427    6.860   1.619E+02    6.855     1380    0.0543  0.1339    0.0597  0.1494    0.0238  0.0631    0.8069  0.6873    0.4923  0.2441    0.8582  0.7625    0.4938  0.2908
      293     1513    7.055   1.719E+02    7.070     1468    0.0523  0.1337    0.0574  0.1491    0.0225  0.0628    0.8079  0.6890    0.4883  0.2394    0.8588  0.7637    0.4896  0.2856
      294     1384    7.793   1.897E+02    7.801     1341    0.0494  0.1222    0.0543  0.1370    0.0215  0.0589    0.8088  0.6906    0.4839  0.2345    0.8594  0.7648    0.4849  0.2802
      295     1485    6.628   1.626E+02    6.682     1440    0.0573  0.1464    0.0629  0.1636    0.0249  0.0693    0.8098  0.6923    0.4800  0.2299    0.8601  0.7659    0.4808  0.2754
      296     1427    6.907   1.750E+02    6.919     1375    0.0539  0.1403    0.0590  0.1558    0.0231  0.0647    0.8108  0.6939    0.4757  0.2247    0.8606  0.7671    0.4765  0.2695
      297     1474    6.798   1.565E+02    6.837     1433    0.0571  0.1339    0.0628  0.1504    0.0249  0.0649    0.8118  0.6956    0.4713  0.2199    0.8614  0.7683    0.4719  0.2642
      298     1400    7.146   1.798E+02    7.193     1351    0.0520  0.1393    0.0569  0.1547    0.0222  0.0644    0.8127  0.6970    0.4667  0.2149    0.8619  0.7693    0.4673  0.2587
      299     1485    6.985   1.605E+02    7.033     1441    0.0575  0.1393    0.0633  0.1564    0.0253  0.0675    0.8138  0.6988    0.4627  0.2101    0.8627  0.7705    0.4632  0.2534
      300     1457    6.834   1.575E+02    6.848     1409    0.0608  0.1394    0.0669  0.1562    0.0266  0.0671    0.8148  0.7004    0.4584  0.2046    0.8633  0.7718    0.4588  0.2472
      301     1443    6.850   1.719E+02    6.874     1403    0.0535  0.1419    0.0589  0.1590    0.0235  0.0682    0.8157  0.7021    0.4536  0.1995    0.8638  0.7728    0.4539  0.2417
      302     1457    6.986   1.727E+02    7.020     1406    0.0523  0.1388    0.0577  0.1555    0.0231  0.0666    0.8168  0.7036    0.4492  0.1947    0.8647  0.7740    0.4495  0.2362
      303     1453    6.617   1.484E+02    6.625     1403    0.0595  0.1517    0.0653  0.1691    0.0259  0.0714    0.8177  0.7053    0.4446  0.1899    0.8652  0.7752    0.4449  0.2309
      304     1406    6.630   1.640E+02    6.653     1365    0.0558  0.1463    0.0614  0.1634    0.0244  0.0694    0.8186  0.7067    0.4399  0.1847    0.8658  0.7760    0.4400  0.2248
      305     1477    6.889   1.729E+02    6.889     1431    0.0551  0.1431    0.0605  0.1602    0.0240  0.0685    0.8197  0.7083    0.4352  0.1797    0.8664  0.7772    0.4355  0.2192
      306     1468    6.535   1.536E+02    6.549     1422    0.0553  0.1376    0.0611  0.1548    0.0248  0.0673    0.8206  0.7101    0.4302  0.1746    0.8671  0.7786    0.4303  0.2133
      307     1455    6.851   1.657E+02    6.861     1418    0.0594  0.1406    0.0652  0.1572    0.0257  0.0668    0.8215  0.7116    0.4252  0.1695    0.8676  0.7796    0.4254  0.2076
      308     1394    6.588   1.601E+02    6.607     1349    0.0563  0.1399    0.0621  0.1571    0.0249  0.0678    0.8223  0.7132    0.4204  0.1641    0.8681  0.7807    0.4206  0.2011
      309     1451    6.751   1.543E+02    6.784     1382    0.0584  0.1374    0.0643  0.1538    0.0256  0.0657    0.8234  0.7150    0.4153  0.1592    0.8689  0.7818    0.4154  0.1957
      310     1468    7.029   1.670E+02    7.047     1419    0.0548  0.1344    0.0602  0.1498    0.0239  0.0631    0.8243  0.7165    0.4100  0.1546    0.8695  0.7831    0.4101  0.1903
      311     1403    6.345   1.478E+02    6.376     1349    0.0617  0.1425    0.0681  0.1592    0.0275  0.0678    0.8253  0.7181    0.4047  0.1497    0.8700  0.7841    0.4048  0.1847
      312     1424    6.763   1.614E+02    6.785     1379    0.0579  0.1383    0.0635  0.1539    0.0250  0.0644    0.8261  0.7197    0.3993  0.1448    0.8706  0.7853    0.3997  0.1791
      313     1379    7.068   1.602E+02    7.079     1326    0.0578  0.1331    0.0636  0.1488    0.0254  0.0633    0.8270  0.7212    0.3940  0.1400    0.8712  0.7866    0.3943  0.1734
      314     1507    6.608   1.689E+02    6.659     1446    0.0544  0.1423    0.0600  0.1594    0.0241  0.0684    0.8280  0.7229    0.3887  0.1354    0.8718  0.7876    0.3891  0.1680
      315     1487    6.900   1.472E+02    6.919     1412    0.0610  0.1322    0.0673  0.1487    0.0272  0.0647    0.8292  0.7246    0.3828  0.1303    0.8725  0.7891    0.3835  0.1619
      316     1450    5.924   1.318E+02    5.958     1378    0.0661  0.1556    0.0730  0.1752    0.0296  0.0763    0.8303  0.7261    0.3768  0.1251    0.8732  0.7900    0.3774  0.1556
      317     1415    6.620   1.538E+02    6.647     1356    0.0607  0.1535    0.0668  0.1729    0.0266  0.0756    0.8313  0.7278    0.3704  0.1210    0.8738  0.7912    0.3710  0.1507
      318     1449    6.534   1.530E+02    6.545     1381    0.0585  0.1438    0.0644  0.1618    0.0259  0.0704    0.8323  0.7293    0.3648  0.1160    0.8744  0.7923    0.3659  0.1448
      319     1423    6.465   1.526E+02    6.508     1361    0.0584  0.1385    0.0648  0.1566    0.0268  0.0692    0.8333  0.7309    0.3588  0.1110    0.8750  0.7936    0.3600  0.1387
      320     1499    6.398   1.397E+02    6.393     1418    0.0649  0.1454    0.0717  0.1635    0.0290  0.0708    0.8344  0.7326    0.3525  0.1064    0.8757  0.7947    0.3540  0.1333
      321     1429    6.838   1.722E+02    6.860     1361    0.0537  0.1437    0.0591  0.1610    0.0235  0.0691    0.8353  0.7341    0.3456  0.1020    0.8764  0.7958    0.3474  0.1280
      322     1445    6.521   1.596E+02    6.545     1379    0.0601  0.1444    0.0662  0.1617    0.0265  0.0692    0.8363  0.7355    0.3392  0.0974    0.8769  0.7968    0.3410  0.1223
      323     1443    6.583   1.516E+02    6.621     1380    0.0595  0.1395    0.0656  0.1560    0.0264  0.0666    0.8372  0.7371    0.3327  0.0928    0.8774  0.7978    0.3347  0.1167
      324     1467    7.201   1.746E+02    7.216     1386    0.0524  0.1333    0.0576  0.1493    0.0230  0.0639    0.8383  0.7386    0.3261  0.0882    0.8781  0.7989    0.3285  0.1111
      325     1430    6.950   1.669E+02    6.946     1360    0.0536  0.1324    0.0593  0.1486    0.0242  0.0642    0.8392  0.7401    0.3193  0.0836    0.8787  0.8000    0.3216  0.1055
      326     1460    6.386   1.539E+02    6.401     1393    0.0582  0.1478    0.0643  0.1659    0.0262  0.0720    0.8401  0.7416    0.3122  0.0794    0.8791  0.8011    0.3145  0.1002
      327     1418    6.659   1.587E+02    6.659     1348    0.0584  0.1376    0.0644  0.1545    0.0259  0.0669    0.8409  0.7432    0.3050  0.0750    0.8796  0.8023    0.3077  0.0950
      328     1381    6.405   1.490E+02    6.403     1308    0.0584  0.1574    0.0644  0.1766    0.0259  0.0763    0.8418  0.7447    0.2978  0.0710    0.8800  0.8033    0.3004  0.0897
      329     1426    6.570   1.431E+02    6.608     1347    0.0615  0.1342    0.0680  0.1506    0.0277  0.0650    0.8427  0.7462    0.2905  0.0673    0.8806  0.8045    0.2935  0.0853
      330     1461    6.436   1.443E+02    6.444     1365    0.0611  0.1423    0.0676  0.1604    0.0276  0.0701    0.8438  0.7477    0.2831  0.0632    0.8814  0.8056    0.2863  0.0803
      331     1487    6.584   1.513E+02    6.621     1405    0.0593  0.1416    0.0655  0.1596    0.0268  0.0701    0.8447  0.7495    0.2750  0.0594    0.8818  0.8069    0.2783  0.0754
      332     1462    6.539   1.544E+02    6.559     1370    0.0570  0.1395    0.0633  0.1573    0.0263  0.0693    0.8457  0.7512    0.2664  0.0558    0.8824  0.8084    0.2700  0.0709
      333     1447    6.278   1.255E+02    6.280     1356    0.0693  0.1421    0.0769  0.1604    0.0317  0.0706    0.8468  0.7526    0.2577  0.0523    0.8829  0.8094    0.2615  0.0663
      334     1407    6.621   1.414E+02    6.644     1314    0.0605  0.1403    0.0668  0.1580    0.0270  0.0690    0.8478  0.7541    0.2496  0.0484    0.8835  0.8105    0.2535  0.0615
      335     1494    6.547   1.572E+02    6.563     1414    0.0544  0.1343    0.0605  0.1515    0.0253  0.0669    0.8487  0.7557    0.2413  0.0449    0.8841  0.8118    0.2455  0.0568
      336     1452    6.308   1.534E+02    6.322     1374    0.0579  0.1462    0.0644  0.1652    0.0269  0.0733    0.8496  0.7572    0.2322  0.0416    0.8844  0.8130    0.2360  0.0530
      337     1419    6.240   1.380E+02    6.277     1334    0.0644  0.1477    0.0714  0.1667    0.0294  0.0736    0.8506  0.7588    0.2236  0.0379    0.8850  0.8142    0.2276  0.0482
      338     1480    6.560   1.540E+02    6.550     1395    0.0563  0.1408    0.0625  0.1589    0.0260  0.0706    0.8515  0.7602    0.2149  0.0345    0.8854  0.8153    0.2191  0.0439
      339     1429    6.870   1.589E+02    6.885     1347    0.0592  0.1367    0.0657  0.1540    0.0272  0.0677    0.8524  0.7616    0.2052  0.0314    0.8860  0.8163    0.2097  0.0402
      340     1436    6.589   1.528E+02    6.611     1344    0.0573  0.1411    0.0636  0.1590    0.0264  0.0700    0.8534  0.7631    0.1963  0.0281    0.8865  0.8174    0.2006  0.0359
      341     1434    6.302   1.407E+02    6.300     1359    0.0620  0.1425    0.0687  0.1606    0.0284  0.0707    0.8541  0.7646    0.1868  0.0253    0.8870  0.8183    0.1909  0.0322
      342     1420    6.330   1.392E+02    6.321     1331    0.0595  0.1349    0.0658  0.1512    0.0268  0.0654    0.8551  0.7659    0.1772  0.0226    0.8875  0.8193    0.1814  0.0288
      343     1443    6.240   1.460E+02    6.248     1362    0.0609  0.1419    0.0679  0.1606    0.0286  0.0717    0.8559  0.7674    0.1675  0.0197    0.8880  0.8202    0.1715  0.0252
      344     1487    6.050   1.301E+02    6.064     1389    0.0655  0.1481    0.0728  0.1677    0.0302  0.0746    0.8569  0.7691    0.1574  0.0171    0.8884  0.8213    0.1613  0.0216
      345     1434    6.351   1.507E+02    6.314     1366    0.0579  0.1480    0.0642  0.1676    0.0265  0.0750    0.8576  0.7708    0.1466  0.0147    0.8888  0.8224    0.1505  0.0186
      346     1489    6.754   1.601E+02    6.780     1393    0.0547  0.1337    0.0610  0.1520    0.0258  0.0688    0.8586  0.7723    0.1364  0.0121    0.8893  0.8234    0.1404  0.0152
      347     1450    6.288   1.303E+02    6.308     1342    0.0639  0.1384    0.0710  0.1563    0.0296  0.0693    0.8597  0.7737    0.1252  0.0099    0.8900  0.8245    0.1289  0.0126
      348     1454    6.115   1.531E+02    6.128     1364    0.0566  0.1442    0.0639  0.1639    0.0281  0.0741    0.8606  0.7753    0.1142  0.0079    0.8904  0.8256    0.1177  0.0102
      349     1422    6.737   1.613E+02    6.774     1340    0.0579  0.1460    0.0644  0.1651    0.0270  0.0738    0.8614  0.7769    0.1028  0.0062    0.8908  0.8267    0.1065  0.0079
      350     1410    6.053   1.347E+02    6.054     1313    0.0615  0.1447    0.0685  0.1643    0.0288  0.0743    0.8623  0.7784    0.0913  0.0050    0.8914  0.8279    0.0944  0.0063
      351     1479    6.799   1.580E+02    6.837     1396    0.0540  0.1324    0.0602  0.1494    0.0253  0.0660    0.8632  0.7799    0.0797  0.0038    0.8918  0.8289    0.0825  0.0047
      352     1419    6.676   1.629E+02    6.699     1327    0.0528  0.1392    0.0588  0.1574    0.0249  0.0701    0.8641  0.7813    0.0671  0.0027    0.8923  0.8300    0.0693  0.0033
      353     1419    5.971   1.339E+02    5.977     1319    0.0658  0.1540    0.0735  0.1745    0.0314  0.0782    0.8650  0.7827    0.0549  0.0018    0.8928  0.8308    0.0564  0.0022
      354     1446    5.956   1.515E+02    5.988     1350    0.0602  0.1542    0.0672  0.1747    0.0286  0.0784    0.8659  0.7843    0.0426  0.0010    0.8933  0.8319    0.0437  0.0011
      355     1452    5.875   1.350E+02    5.880     1368    0.0633  0.1620    0.0710  0.1844    0.0307  0.0839    0.8668  0.7861    0.0298  0.0004    0.8937  0.8333    0.0307  0.0004
      356     1363    5.589   1.189E+02    5.600     1283    0.0731  0.1654    0.0812  0.1862    0.0340  0.0818    0.8675  0.7873    0.0166  0.0001    0.8940  0.8339    0.0172  0.0001
      357      421    6.155   1.520E+02    6.103      403    0.0757  0.1773    0.0838  0.1984    0.0346  0.0858    0.8677  0.7876    0.0039  0.0000    0.8940  0.8341    0.0042  0.0000
 ---------------------------------------------------------------------------------------------------------------------------------------------------------------------------------------
   Total    512455                                 503975                                                          0.8677  0.7876                      0.8940  0.8341

  Calling close_file ... 

 MRFANA: normal termination


 OPENED INPUT MTZ FILE 
 Logical Name: autoPROC.01/aimless_alldata_unmerged.mtz   Filename: autoPROC.01/aimless_alldata_unmerged.mtz 

