

 #################################################################################################
 ## MRFANA - metrics for unmerged X-Ray reflection data
 #################################################################################################

 Copyright (c) 2007, 2019 Global Phasing Ltd.

 Authors: Clemens Vonrhein, Claus Flensburg, Ian J. Tickle and
          Gerard Bricogne

 #################################################################################################

 Current date and time : 2019-10-29 08:01:15


 binning will be in  20 shells of equal volume

 Setting random seed to 1659676431
 You can set this also with the -seed flag

  Calling open_file ... 
  Calling get_info ... 

 Dataset  1 cell =  161.20100 161.20100 139.46300  90.00000  90.00000 120.00000
   Orthogonalisation matrix =    161.20100   -80.60050     0.00000
                                   0.00000   139.60416     0.00000
                                   0.00000     0.00000   139.46300
   Inverse of above         =      0.00620     0.00358    -0.00000
                                   0.00000     0.00716    -0.00000
                                   0.00000     0.00000     0.00717

 Dataset  2 cell =  161.20100 161.20100 139.46300  90.00000  90.00000 120.00000
   Orthogonalisation matrix =    161.20100   -80.60050     0.00000
                                   0.00000   139.60416     0.00000
                                   0.00000     0.00000   139.46300
   Inverse of above         =      0.00620     0.00358    -0.00000
                                   0.00000     0.00716    -0.00000
                                   0.00000     0.00000     0.00717

 Overall cell =  161.20100 161.20100 139.46300  90.00000  90.00000 120.00000
 Orthogonalisation matrix =    161.20100   -80.60050     0.00000
                                 0.00000   139.60416     0.00000
                                 0.00000     0.00000   139.46300
 Inverse of above         =      0.00620     0.00358    -0.00000
                                 0.00000     0.00716    -0.00000
                                 0.00000     0.00000     0.00717
  Calling read_refl ... 
    reading reflection      21010 (   5.0 %)
    reading reflection      42020 (  10.0 %)
    reading reflection      63030 (  15.0 %)
    reading reflection      84040 (  20.0 %)
    reading reflection     105050 (  25.0 %)
    reading reflection     126060 (  30.0 %)
    reading reflection     147070 (  35.0 %)
    reading reflection     168080 (  40.0 %)
    reading reflection     189090 (  45.0 %)
    reading reflection     210100 (  50.0 %)
    reading reflection     231110 (  55.0 %)
    reading reflection     252120 (  60.0 %)
    reading reflection     273130 (  65.0 %)
    reading reflection     294140 (  70.0 %)
    reading reflection     315150 (  75.0 %)
    reading reflection     336160 (  80.0 %)
    reading reflection     357170 (  85.0 %)
    reading reflection     378180 (  90.0 %)
    reading reflection     399190 (  95.0 %)


  Calling read_batch ... 
  Calling stats ... 

 ####----------------------------------------------------------------
 #### NOTES
 ####----------------------------------------------------------------

 ####----------------------------------------------------------------
 #### Rmerge:
 
  According to [1] and Evans (2006) this is defined as
 
                   sum_i ( sum_j | Ij - <I> | )
    Rmerge(I) = --------------------------------                 (1)
                   sum_i ( sum_j        <I>   )
 
  with
 
    Ij  = the intensity of the jth observation of reflection i
    <I> = the mean of the intensities of all observations of reflection i
 
    sum_i is taken over all reflections
    sum_j is taken over all observations of each reflection.
 
  Diederichs & Karplus (1997), Weiss & Hilgenfeld (1997) and
  Weiss (2001) define this slightly different as
 
                   sum_i ( sum_j | Ij - <I> | )
    Rmerge(I) = --------------------------------                 (2)
                   sum_i ( sum_j   Ij         )
 
  which is identically to (1) if <I> is the mean (or average)
  intensity. However, it is the weighted (by variance) mean of
  the intensities we are computing during merging:
 
    <I> = sum_j ( Wj * Ij )                                      (3)
 
                    1     
    with:  Wj = ---------                                        (4)
                sd(Ij)**2
 
  Then equations (1) and (2) become different.
 
  Drenth (1994) calls (1) Rmerge and (2) Rsym.
 
 ####----------------------------------------------------------------
 #### Rmeas (also called Rrim):
 
  The redundancy-independent merging R factor value Rrim, also
  denoted Rmeas, for merging all intensities in a given shell.
 
           sum_i [Ni /( Ni - 1)]^(1/2) sum_j | Ij - <Ii> |
    Rrim = ---------------------------------------------         (5)
           sum_i (                  sum_j   Ij         )
 
    Ij   = the intensity of the jth observation of reflection i
    <Ii> = the mean of the intensities of all observations of reflection i
    Ni   = the redundancy (the number of times reflection i has been measured).
 
    sum_i is taken over all reflections
    sum_j is taken over all observations of each reflection.
 
  See Diederichs & Karplus (1997), Weiss & Hilgenfeld (1997), Weiss
  (2001) and [2].
 
  Evans (2006) defines this differently, with the denominator
  summing over <I> similar to the Rmerge equation (1) above:
 
           sum_i [Ni /( Ni - 1)]^(1/2) sum_j | Ij - <Ii> |
    Rrim = ---------------------------------------------         (6)
           sum_i (                  sum_j        <Ii>  )
 
 ####----------------------------------------------------------------
 #### Rpim:
 
  The precision-indicating merging R factor value Rpim,
  for merging all intensities in this data set is defined in [3],
  Diederichs & Karplus (1997), Weiss & Hilgenfeld (1997) and
  Weiss (2001) as
 
           sum_i [  1/(Ni - 1)]^(1/2) sum_j | Ij - <Ii> |
    Rpim = ---------------------------------------------         (7)
           sum_i (                  sum_j   Ij         )
 
  As above, Evans (2006) defines this differently as:
 
           sum_i [  1/(Ni - 1)]^(1/2) sum_j | Ij - <Ii> |
    Rrim = ---------------------------------------------         (8)
           sum_i (                  sum_j        <Ii>  )
 
 To add more complexity, all of the above statistics (Rmerge, Rmeas
 and Rpim) can be computed over all measurements of a unique reflection
 or separately for I+ and I-. The latter has the advantage that an
 existing anomalous signal will not result in an increase of R-value
 because of this. However, the original definitions above are not
 taking anomalous signal into account this way.
 
 ### References:
 
 [1] http://mmcif.wwpdb.org/dictionaries/mmcif_std.dic/Items/_reflns_shell.Rmerge_I_obs.html
 [2] http://www.iucr.org/__data/iucr/cifdic_html/2/mmcif_pdbx.dic/Ireflns.pdbx_Rrim_I_all.html
 [3] http://www.iucr.org/__data/iucr/cifdic_html/2/mmcif_pdbx.dic/Ireflns.pdbx_Rpim_I_all.html
 [4] Diederichs, K. & Karplus, P. A. (1997). Nature Struct. Biol. 4, 269-275.
 [5] Drenth, J. (1994). Principles of Protein X-ray Crystallography. Springer-Verlag, New York. p289-290.
 [6] Evans, P. (2006). Acta D62, 72-82.
 [7] Weiss, M. S. & Hilgenfeld, R. (1997). J. Appl. Cryst. 30, 203-205.
 [8] Weiss, M. S. (2001). J. Appl. Cryst. 34, 130-135.
 

 ############################################################
 #################### TOTAL 
 ############################################################

   Cell:  161.20  161.20  139.46   90.00   90.00  120.00
   Wavelength:  0.97950 A
   Run number:    1 consists of batches          1 to        357
      Phi range:              195.00 to              248.55
      Closest reciprocal axis to spindle: a*   (angle   34.6 degrees)


 We will be using a total of   20 bins for statistics as a function of resolution

 ------------------------------------------------------------------------------------------------------------------------------------------------
                                                                                     Completeness    Multiplicity
                                                                                     --------------  ------------
            Resolution      #uniq     #Rfac  Rmerge   Rmeas    Rpim   #Isig  I/sigI     all     ano    all    ano CC(1/2)  #CCAno CC(ano)  SigAno
 ------------------------------------------------------------------------------------------------------------------------------------------------
         69.784 -   5.339    3689     21416   0.018   0.020   0.007    3689  73.835  0.8947  0.7990   5.91   3.62  0.9996    1758  0.7570   1.561
          5.339 -   4.238    3608     21572   0.021   0.022   0.008    3608  68.579  0.9239  0.8352   6.08   3.55  0.9996    2029  0.4251   1.267
          4.238 -   3.702    3626     22868   0.022   0.024   0.008    3626  61.017  0.9362  0.8570   6.40   3.67  0.9998    2128  0.3664   1.184
          3.702 -   3.364    3600     20643   0.028   0.030   0.011    3600  47.360  0.9419  0.8613   5.83   3.33  0.9996    2145  0.2857   1.079
          3.364 -   3.123    3603     22194   0.036   0.038   0.013    3603  37.605  0.9444  0.8462   6.26   3.60  0.9995    2178  0.3564   1.067
          3.123 -   2.939    3598     22788   0.046   0.049   0.017    3598  28.559  0.9471  0.8496   6.44   3.70  0.9993    2283  0.3416   0.986
          2.939 -   2.791    3579     21822   0.059   0.063   0.022    3579  20.503  0.9458  0.8621   6.17   3.48  0.9992    2242  0.2896   0.908
          2.791 -   2.670    2694     15534   0.071   0.077   0.028    2694  16.555  0.7125  0.6474   5.84   3.30  0.9987    1654  0.1836   0.875
          2.670 -   2.567    2847     17398   0.080   0.086   0.030    2847  13.984  0.7562  0.6894   6.19   3.47  0.9986    1776  0.2729   0.844
          2.567 -   2.479    3543     22493   0.099   0.106   0.037    3543  11.650  0.9483  0.8795   6.42   3.56  0.9980    2277  0.1821   0.812
          2.479 -   2.401    3571     22797   0.106   0.114   0.040    3571  10.367  0.9432  0.8730   6.45   3.57  0.9982    2299  0.1825   0.797
          2.401 -   2.332    3569     22933   0.128   0.137   0.048    3569   8.712  0.9487  0.8718   6.50   3.61  0.9967    2331  0.1791   0.767
          2.332 -   2.271    3528     20304   0.159   0.172   0.065    3528   6.891  0.9446  0.8710   5.83   3.24  0.9946    2280  0.1179   0.751
          2.271 -   2.216    2764     15904   0.201   0.217   0.080    2764   5.379  0.7386  0.6653   5.85   3.30  0.9902    1698  0.0076   0.697
          2.216 -   2.165    3541     22191   0.205   0.221   0.079    3541   5.440  0.9418  0.8803   6.33   3.47  0.9908    2312  0.0818   0.736
          2.165 -   2.119    3506     22380   0.244   0.263   0.094    3506   4.589  0.9415  0.8844   6.44   3.51  0.9888    2326  0.0645   0.722
          2.119 -   2.077    3505     22330   0.309   0.332   0.120    3505   3.675  0.9359  0.8808   6.43   3.50  0.9785    2333  0.0235   0.702
          2.077 -   2.038    2472     14966   0.346   0.374   0.136    2472   3.101  0.6611  0.6118   6.13   3.38  0.9747    1562  0.0208   0.679
          2.038 -   2.001    3450     22340   0.377   0.407   0.146    3450   2.997  0.9262  0.8722   6.53   3.54  0.9698    2377  0.0062   0.699
          2.001 -   1.967    3375     19986   0.462   0.503   0.191    3375   2.399  0.9068  0.8494   5.98   3.25  0.9566    2312 -0.0217   0.694
 ------------------------------------------------------------------------------------------------------------------------------------------------
 Total:  69.784 -   1.967   67668    414859   0.042   0.045   0.016   67668  22.618  0.8922  0.8193   6.21   3.49  0.9997   42300  0.4114   0.888



                                              Overall  InnerShell  OuterShell
  ---------------------------------------------------------------------------
     Low resolution limit                      69.784      69.784       2.001
     High resolution limit                      1.967       5.339       1.967


     Rmerge  (all I+ & I-)                      0.042       0.018       0.462
     Rmerge  (within I+/I-)                     0.038       0.013       0.430
     Rmeas   (all I+ & I-)                      0.045       0.020       0.503
     Rmeas   (within I+/I-)                     0.044       0.015       0.503
     Rpim    (all I+ & I-)                      0.016       0.007       0.191
     Rpim    (within I+/I-)                     0.021       0.007       0.256
     Total number of observations              420171       21806       20183
     Total number unique                        67668        3689        3375
     Mean(I)/sd(I)                               22.6        73.8         2.4
     Completeness                                89.2        89.5        90.7
     Multiplicity                                 6.2         5.9         6.0
     CC(1/2)                                    1.000       1.000       0.957


     Anomalous completeness                      81.9        79.9        84.9
     Anomalous multiplicity                       3.5         3.6         3.3
     CC(ano)                                    0.411       0.757      -0.022
     |DANO|/sd(DANO)                            0.888       1.561       0.694



 W0 = unweighted
 W1 = 1/(sigI**2) weighted

 ---------------------------------------------------------------------------------------------------------------------------------------------------
                                  merged                         Rmerge            Rmeas              Rpim                  Completeness 
                            --------------------            ----------------  ----------------  ----------------  ----------------------------------
    BATCH     Nref <I/sigI>      <I>    <I/sigI>     #ref      W0      W1        W0      W1        W0      W1         All     Ano      -All    -Ano  
 ---------------------------------------------------------------------------------------------------------------------------------------------------
        1      356   11.936   3.867E+02   12.031      355    0.0467  0.0988    0.0492  0.1043    0.0154  0.0331    0.0046  0.0000    0.8922  0.8193
        2     1069   12.353   3.979E+02   12.393     1068    0.0371  0.0923    0.0395  0.0988    0.0135  0.0345    0.0184  0.0001    0.8922  0.8193
        3     1127   11.828   3.942E+02   11.826     1125    0.0365  0.0960    0.0389  0.1035    0.0129  0.0372    0.0324  0.0006    0.8922  0.8193
        4     1164   11.723   3.455E+02   11.781     1163    0.0394  0.0881    0.0420  0.0951    0.0142  0.0343    0.0462  0.0012    0.8921  0.8192
        5     1141   11.569   3.609E+02   11.647     1140    0.0366  0.0929    0.0391  0.1002    0.0133  0.0360    0.0595  0.0019    0.8921  0.8190
        6     1188   11.568   3.388E+02   11.610     1183    0.0386  0.0902    0.0413  0.0976    0.0141  0.0356    0.0725  0.0031    0.8921  0.8188
        7     1151   11.265   3.586E+02   11.325     1148    0.0410  0.0945    0.0439  0.1027    0.0151  0.0381    0.0851  0.0040    0.8920  0.8187
        8     1196   11.412   3.749E+02   11.419     1191    0.0406  0.0940    0.0432  0.1020    0.0146  0.0379    0.0983  0.0052    0.8920  0.8185
        9     1138   11.802   3.876E+02   11.863     1130    0.0395  0.0922    0.0423  0.1008    0.0146  0.0383    0.1099  0.0066    0.8919  0.8183
       10     1218   11.191   3.511E+02   11.249     1212    0.0380  0.0914    0.0406  0.0989    0.0139  0.0362    0.1226  0.0079    0.8918  0.8181
       11     1172   11.383   3.488E+02   11.433     1169    0.0391  0.0914    0.0416  0.0992    0.0140  0.0367    0.1342  0.0094    0.8917  0.8180
       12     1200   11.936   3.815E+02   11.981     1196    0.0376  0.0883    0.0401  0.0961    0.0136  0.0360    0.1457  0.0110    0.8916  0.8179
       13     1161   11.727   3.478E+02   11.780     1157    0.0393  0.0872    0.0420  0.0950    0.0144  0.0357    0.1567  0.0126    0.8915  0.8177
       14     1151   11.279   3.357E+02   11.326     1148    0.0402  0.0912    0.0428  0.0991    0.0143  0.0368    0.1670  0.0146    0.8915  0.8175
       15     1201   12.088   3.665E+02   12.156     1197    0.0387  0.0896    0.0412  0.0972    0.0139  0.0359    0.1772  0.0169    0.8914  0.8173
       16     1137   11.723   3.672E+02   11.779     1132    0.0375  0.0928    0.0399  0.1002    0.0134  0.0365    0.1869  0.0189    0.8913  0.8172
       17     1150   11.603   3.802E+02   11.628     1142    0.0392  0.0945    0.0418  0.1024    0.0142  0.0378    0.1965  0.0210    0.8913  0.8170
       18     1196   11.327   3.447E+02   11.383     1193    0.0417  0.0930    0.0445  0.1009    0.0152  0.0373    0.2058  0.0234    0.8912  0.8169
       19     1154   11.882   3.956E+02   11.951     1147    0.0367  0.0892    0.0392  0.0969    0.0134  0.0361    0.2149  0.0257    0.8911  0.8167
       20     1234   11.103   4.273E+02   11.148     1226    0.0411  0.0939    0.0439  0.1018    0.0149  0.0377    0.2246  0.0281    0.8910  0.8166
       21     1137   11.994   3.882E+02   12.051     1134    0.0381  0.0870    0.0405  0.0940    0.0134  0.0340    0.2329  0.0307    0.8909  0.8164
       22     1197   11.850   4.006E+02   11.891     1195    0.0343  0.0868    0.0367  0.0942    0.0127  0.0349    0.2415  0.0332    0.8908  0.8161
       23     1206   11.602   3.801E+02   11.607     1202    0.0344  0.0890    0.0368  0.0964    0.0126  0.0354    0.2505  0.0356    0.8908  0.8160
       24     1164   12.093   3.934E+02   12.146     1161    0.0354  0.0929    0.0377  0.1003    0.0126  0.0365    0.2582  0.0385    0.8907  0.8158
       25     1155   11.085   3.251E+02   11.165     1150    0.0424  0.0946    0.0452  0.1024    0.0153  0.0376    0.2659  0.0411    0.8907  0.8157
       26     1166   11.895   3.612E+02   11.917     1161    0.0393  0.0905    0.0419  0.0978    0.0143  0.0355    0.2737  0.0435    0.8906  0.8155
       27     1177   11.903   3.705E+02   11.965     1170    0.0365  0.0851    0.0389  0.0924    0.0131  0.0343    0.2813  0.0463    0.8905  0.8155
       28     1181   11.643   3.858E+02   11.667     1180    0.0329  0.0880    0.0352  0.0959    0.0121  0.0362    0.2889  0.0490    0.8904  0.8153
       29     1175   11.995   3.681E+02   12.054     1169    0.0370  0.0859    0.0395  0.0931    0.0133  0.0343    0.2960  0.0520    0.8903  0.8152
       30     1187   11.480   3.720E+02   11.539     1180    0.0337  0.0922    0.0361  0.1000    0.0125  0.0371    0.3035  0.0548    0.8902  0.8150
       31     1229   11.348   4.110E+02   11.388     1225    0.0377  0.0922    0.0402  0.1000    0.0136  0.0368    0.3109  0.0576    0.8901  0.8148
       32     1134   11.112   3.514E+02   11.147     1131    0.0385  0.0973    0.0411  0.1056    0.0140  0.0392    0.3179  0.0604    0.8901  0.8147
       33     1191   11.336   3.664E+02   11.404     1186    0.0362  0.0953    0.0386  0.1030    0.0131  0.0375    0.3246  0.0636    0.8900  0.8145
       34     1165   11.187   3.560E+02   11.212     1162    0.0379  0.0903    0.0405  0.0978    0.0139  0.0361    0.3311  0.0667    0.8899  0.8144
       35     1219   11.306   3.479E+02   11.374     1213    0.0409  0.0956    0.0436  0.1038    0.0148  0.0385    0.3385  0.0698    0.8898  0.8143
       36     1127   11.756   4.024E+02   11.754     1123    0.0352  0.0887    0.0376  0.0963    0.0128  0.0356    0.3446  0.0728    0.8897  0.8141
       37     1189   11.155   3.442E+02   11.210     1185    0.0407  0.0962    0.0433  0.1039    0.0145  0.0377    0.3510  0.0761    0.8897  0.8139
       38     1126   12.057   3.747E+02   12.072     1121    0.0382  0.0845    0.0412  0.0920    0.0147  0.0347    0.3570  0.0792    0.8896  0.8138
       39     1239   11.827   3.675E+02   11.874     1237    0.0372  0.0889    0.0398  0.0969    0.0137  0.0366    0.3637  0.0827    0.8895  0.8136
       40     1172   11.470   3.419E+02   11.522     1171    0.0365  0.0894    0.0390  0.0970    0.0132  0.0358    0.3697  0.0859    0.8895  0.8133
       41     1162   11.308   3.519E+02   11.314     1160    0.0376  0.0898    0.0400  0.0971    0.0134  0.0352    0.3753  0.0895    0.8894  0.8131
       42     1194   11.386   4.048E+02   11.438     1187    0.0397  0.0908    0.0423  0.0982    0.0144  0.0359    0.3811  0.0930    0.8894  0.8129
       43     1181   11.717   3.724E+02   11.766     1173    0.0357  0.0884    0.0382  0.0958    0.0132  0.0354    0.3869  0.0963    0.8893  0.8127
       44     1185   11.294   3.409E+02   11.352     1179    0.0387  0.0924    0.0413  0.1012    0.0141  0.0389    0.3925  0.0998    0.8891  0.8125
       45     1137   11.607   3.407E+02   11.633     1135    0.0366  0.0910    0.0390  0.0984    0.0132  0.0360    0.3979  0.1033    0.8889  0.8123
       46     1184   11.116   3.633E+02   11.159     1180    0.0371  0.0943    0.0396  0.1026    0.0136  0.0385    0.4033  0.1069    0.8889  0.8121
       47     1195   11.104   3.720E+02   11.160     1192    0.0358  0.0892    0.0383  0.0968    0.0132  0.0360    0.4090  0.1103    0.8888  0.8120
       48     1200   11.635   3.823E+02   11.707     1195    0.0379  0.0904    0.0406  0.0982    0.0141  0.0365    0.4146  0.1141    0.8887  0.8118
       49     1143   10.848   3.132E+02   10.887     1135    0.0412  0.0904    0.0440  0.0981    0.0149  0.0366    0.4197  0.1176    0.8886  0.8116
       50     1177   11.309   3.335E+02   11.340     1167    0.0388  0.0920    0.0415  0.1002    0.0143  0.0378    0.4247  0.1212    0.8884  0.8114
       51     1221   12.269   3.871E+02   12.337     1216    0.0355  0.0826    0.0379  0.0896    0.0130  0.0333    0.4299  0.1248    0.8882  0.8112
       52     1157   11.765   3.769E+02   11.793     1156    0.0372  0.0902    0.0398  0.0982    0.0137  0.0368    0.4347  0.1285    0.8881  0.8110
       53     1163   11.575   3.987E+02   11.580     1157    0.0363  0.0888    0.0389  0.0967    0.0135  0.0363    0.4394  0.1320    0.8881  0.8108
       54     1144   11.619   3.757E+02   11.623     1139    0.0362  0.0940    0.0386  0.1019    0.0133  0.0377    0.4439  0.1357    0.8880  0.8105
       55     1197   11.728   4.050E+02   11.784     1191    0.0387  0.0932    0.0413  0.1010    0.0140  0.0373    0.4487  0.1393    0.8879  0.8102
       56     1140   11.573   3.753E+02   11.637     1137    0.0354  0.0853    0.0379  0.0925    0.0131  0.0342    0.4532  0.1428    0.8877  0.8101
       57     1178   10.804   3.492E+02   10.850     1176    0.0392  0.0924    0.0420  0.1006    0.0146  0.0378    0.4576  0.1467    0.8875  0.8098
       58     1182   11.916   3.928E+02   11.921     1176    0.0372  0.0832    0.0398  0.0906    0.0138  0.0341    0.4624  0.1505    0.8874  0.8095
       59     1177   11.337   3.319E+02   11.386     1173    0.0393  0.0918    0.0420  0.1000    0.0144  0.0378    0.4668  0.1542    0.8872  0.8092
       60     1140   10.819   3.550E+02   10.818     1138    0.0384  0.0959    0.0410  0.1039    0.0141  0.0383    0.4709  0.1579    0.8871  0.8089
       61     1159   11.039   3.356E+02   11.086     1155    0.0408  0.0968    0.0436  0.1051    0.0149  0.0390    0.4749  0.1616    0.8870  0.8086
       62     1262   11.865   3.691E+02   11.880     1257    0.0385  0.0864    0.0411  0.0936    0.0139  0.0344    0.4794  0.1656    0.8869  0.8084
       63     1180   11.691   3.855E+02   11.716     1176    0.0380  0.0891    0.0406  0.0966    0.0140  0.0358    0.4836  0.1694    0.8868  0.8080
       64     1205   11.062   3.350E+02   11.112     1197    0.0391  0.0929    0.0419  0.1014    0.0145  0.0386    0.4881  0.1732    0.8866  0.8077
       65     1136   11.161   3.946E+02   11.219     1131    0.0371  0.0985    0.0398  0.1073    0.0139  0.0402    0.4920  0.1768    0.8865  0.8072
       66     1196   11.774   3.806E+02   11.829     1191    0.0385  0.0927    0.0411  0.1004    0.0140  0.0369    0.4960  0.1810    0.8862  0.8068
       67     1196   11.489   3.547E+02   11.498     1187    0.0374  0.0924    0.0400  0.1007    0.0138  0.0379    0.5000  0.1844    0.8860  0.8065
       68     1119   10.212   3.140E+02   10.262     1112    0.0405  0.0988    0.0433  0.1076    0.0148  0.0405    0.5037  0.1882    0.8858  0.8060
       69     1155   11.472   3.602E+02   11.511     1149    0.0383  0.0909    0.0410  0.0990    0.0141  0.0372    0.5075  0.1919    0.8855  0.8056
       70     1174   11.150   3.610E+02   11.176     1170    0.0411  0.0991    0.0439  0.1082    0.0151  0.0411    0.5113  0.1959    0.8853  0.8050
       71     1206   11.552   3.831E+02   11.595     1199    0.0366  0.0943    0.0390  0.1024    0.0133  0.0381    0.5151  0.1994    0.8851  0.8045
       72     1190   11.376   3.682E+02   11.417     1180    0.0374  0.0953    0.0400  0.1037    0.0137  0.0389    0.5188  0.2035    0.8849  0.8040
       73     1193   12.241   4.248E+02   12.273     1188    0.0337  0.0862    0.0361  0.0938    0.0125  0.0352    0.5222  0.2075    0.8846  0.8036
       74     1138   10.438   3.357E+02   10.465     1135    0.0410  0.1038    0.0437  0.1121    0.0148  0.0408    0.5254  0.2114    0.8842  0.8031
       75     1135   11.718   3.598E+02   11.758     1132    0.0361  0.0884    0.0385  0.0959    0.0132  0.0355    0.5286  0.2151    0.8840  0.8027
       76     1238   11.324   3.615E+02   11.375     1233    0.0374  0.0933    0.0400  0.1013    0.0137  0.0377    0.5320  0.2192    0.8838  0.8023
       77     1133   10.895   3.469E+02   10.967     1130    0.0398  0.0971    0.0427  0.1056    0.0148  0.0396    0.5353  0.2226    0.8835  0.8017
       78     1199   11.400   3.446E+02   11.448     1192    0.0364  0.0899    0.0389  0.0978    0.0133  0.0368    0.5384  0.2267    0.8833  0.8010
       79     1152   11.165   3.477E+02   11.232     1148    0.0381  0.0912    0.0407  0.0990    0.0139  0.0366    0.5413  0.2303    0.8829  0.8005
       80     1198   11.072   3.648E+02   11.146     1194    0.0346  0.0940    0.0370  0.1025    0.0128  0.0389    0.5449  0.2341    0.8825  0.7999
       81     1156   11.062   3.223E+02   11.030     1148    0.0394  0.0949    0.0420  0.1027    0.0142  0.0376    0.5481  0.2376    0.8822  0.7993
       82     1157   10.497   3.045E+02   10.542     1152    0.0417  0.0933    0.0447  0.1017    0.0155  0.0382    0.5509  0.2410    0.8819  0.7989
       83     1172   11.272   3.568E+02   11.305     1167    0.0414  0.0983    0.0441  0.1071    0.0150  0.0405    0.5539  0.2447    0.8815  0.7983
       84     1235   11.232   3.881E+02   11.297     1230    0.0339  0.0940    0.0363  0.1025    0.0125  0.0390    0.5571  0.2484    0.8811  0.7976
       85     1186   11.649   3.802E+02   11.676     1179    0.0344  0.0916    0.0367  0.0992    0.0126  0.0364    0.5599  0.2523    0.8807  0.7970
       86     1161   10.763   3.290E+02   10.791     1155    0.0394  0.0964    0.0422  0.1049    0.0145  0.0395    0.5626  0.2562    0.8803  0.7963
       87     1181   10.705   3.179E+02   10.730     1175    0.0412  0.0965    0.0440  0.1049    0.0149  0.0392    0.5655  0.2598    0.8799  0.7957
       88     1154   10.594   3.006E+02   10.638     1144    0.0436  0.0945    0.0466  0.1023    0.0159  0.0376    0.5682  0.2633    0.8795  0.7951
       89     1160   11.639   3.773E+02   11.745     1154    0.0371  0.0916    0.0397  0.1000    0.0136  0.0380    0.5709  0.2669    0.8791  0.7946
       90     1169   11.413   3.651E+02   11.472     1161    0.0372  0.0941    0.0397  0.1022    0.0135  0.0381    0.5736  0.2705    0.8787  0.7939
       91     1247   11.368   3.575E+02   11.409     1240    0.0367  0.0934    0.0393  0.1013    0.0135  0.0375    0.5763  0.2744    0.8782  0.7931
       92     1177   10.838   3.184E+02   10.874     1172    0.0396  0.0928    0.0424  0.1010    0.0146  0.0379    0.5790  0.2779    0.8777  0.7924
       93     1137   10.430   2.845E+02   10.478     1131    0.0448  0.0980    0.0481  0.1067    0.0168  0.0402    0.5817  0.2816    0.8771  0.7919
       94     1227   11.067   3.530E+02   11.137     1220    0.0391  0.0937    0.0419  0.1014    0.0145  0.0372    0.5841  0.2854    0.8766  0.7912
       95     1173   11.249   3.572E+02   11.324     1167    0.0364  0.0953    0.0391  0.1036    0.0138  0.0389    0.5865  0.2889    0.8762  0.7906
       96     1160   11.044   3.397E+02   11.125     1158    0.0375  0.0956    0.0401  0.1041    0.0138  0.0393    0.5888  0.2924    0.8757  0.7897
       97     1170   11.042   3.437E+02   11.096     1164    0.0390  0.0930    0.0417  0.1014    0.0144  0.0383    0.5915  0.2955    0.8752  0.7891
       98     1197   10.840   3.092E+02   10.905     1187    0.0431  0.0948    0.0462  0.1034    0.0159  0.0393    0.5939  0.2991    0.8747  0.7884
       99     1119   11.144   3.289E+02   11.213     1112    0.0409  0.0971    0.0438  0.1063    0.0151  0.0409    0.5964  0.3024    0.8741  0.7876
      100     1191   10.908   3.390E+02   10.935     1183    0.0417  0.0966    0.0446  0.1049    0.0154  0.0390    0.5988  0.3061    0.8737  0.7867
      101     1192   11.391   3.607E+02   11.417     1187    0.0381  0.0924    0.0406  0.1003    0.0139  0.0373    0.6011  0.3096    0.8731  0.7859
      102     1195   11.448   3.652E+02   11.487     1187    0.0373  0.0879    0.0399  0.0958    0.0136  0.0363    0.6032  0.3132    0.8726  0.7853
      103     1151   10.708   3.185E+02   10.713     1148    0.0399  0.0930    0.0426  0.1012    0.0145  0.0379    0.6052  0.3164    0.8719  0.7845
      104     1183   10.391   2.847E+02   10.413     1176    0.0440  0.0995    0.0471  0.1083    0.0161  0.0406    0.6076  0.3201    0.8715  0.7836
      105     1166   10.497   2.894E+02   10.576     1163    0.0432  0.0952    0.0462  0.1041    0.0160  0.0398    0.6099  0.3235    0.8709  0.7829
      106     1181   11.844   3.488E+02   11.866     1170    0.0413  0.0888    0.0440  0.0967    0.0150  0.0365    0.6121  0.3267    0.8703  0.7820
      107     1196   11.389   3.388E+02   11.406     1191    0.0370  0.0870    0.0395  0.0946    0.0135  0.0352    0.6143  0.3304    0.8697  0.7809
      108     1223   10.925   3.460E+02   11.033     1220    0.0391  0.0941    0.0418  0.1024    0.0144  0.0385    0.6164  0.3338    0.8690  0.7800
      109     1170   11.240   3.340E+02   11.274     1165    0.0385  0.0876    0.0411  0.0954    0.0141  0.0360    0.6185  0.3371    0.8685  0.7789
      110     1151   10.706   3.375E+02   10.732     1147    0.0397  0.0976    0.0425  0.1065    0.0147  0.0403    0.6204  0.3404    0.8680  0.7782
      111     1140   11.218   3.425E+02   11.285     1136    0.0406  0.0916    0.0434  0.1002    0.0149  0.0386    0.6222  0.3438    0.8675  0.7773
      112     1207   11.061   3.422E+02   11.064     1197    0.0398  0.0942    0.0426  0.1030    0.0148  0.0394    0.6243  0.3472    0.8668  0.7764
      113     1206   10.763   3.232E+02   10.825     1200    0.0398  0.0928    0.0425  0.1009    0.0145  0.0377    0.6264  0.3505    0.8658  0.7755
      114     1165   11.033   3.618E+02   11.081     1158    0.0366  0.0941    0.0391  0.1025    0.0134  0.0387    0.6283  0.3538    0.8653  0.7745
      115     1197   11.320   3.402E+02   11.371     1190    0.0402  0.0899    0.0430  0.0979    0.0145  0.0367    0.6304  0.3571    0.8648  0.7737
      116     1190   10.888   3.234E+02   10.961     1183    0.0390  0.0960    0.0417  0.1047    0.0144  0.0397    0.6324  0.3602    0.8640  0.7727
      117     1155   10.816   3.291E+02   10.913     1151    0.0391  0.0940    0.0419  0.1024    0.0144  0.0385    0.6340  0.3636    0.8632  0.7716
      118     1182   10.960   3.477E+02   11.014     1172    0.0411  0.0987    0.0440  0.1073    0.0150  0.0401    0.6360  0.3668    0.8627  0.7706
      119     1177   10.302   3.068E+02   10.361     1168    0.0418  0.1010    0.0448  0.1100    0.0154  0.0413    0.6378  0.3699    0.8621  0.7697
      120     1183   11.240   3.463E+02   11.292     1179    0.0372  0.0896    0.0398  0.0978    0.0137  0.0372    0.6396  0.3732    0.8614  0.7684
      121     1218   10.895   3.149E+02   10.961     1208    0.0387  0.0901    0.0414  0.0983    0.0143  0.0372    0.6417  0.3762    0.8607  0.7673
      122     1120   11.217   3.661E+02   11.260     1111    0.0352  0.0927    0.0376  0.1013    0.0129  0.0386    0.6434  0.3792    0.8599  0.7664
      123     1224   10.613   3.252E+02   10.664     1221    0.0395  0.0965    0.0423  0.1052    0.0146  0.0398    0.6452  0.3825    0.8591  0.7653
      124     1185   11.105   3.302E+02   11.139     1181    0.0387  0.0948    0.0415  0.1038    0.0143  0.0398    0.6469  0.3855    0.8585  0.7641
      125     1206   10.491   3.286E+02   10.542     1199    0.0375  0.0981    0.0402  0.1068    0.0139  0.0402    0.6485  0.3887    0.8577  0.7629
      126     1150   10.822   3.053E+02   10.865     1148    0.0401  0.0932    0.0430  0.1014    0.0150  0.0382    0.6500  0.3916    0.8568  0.7619
      127     1187   10.957   3.514E+02   11.024     1182    0.0357  0.0942    0.0383  0.1033    0.0133  0.0402    0.6518  0.3949    0.8561  0.7609
      128     1144   10.755   3.302E+02   10.783     1141    0.0389  0.0946    0.0417  0.1032    0.0146  0.0393    0.6534  0.3978    0.8553  0.7600
      129     1169   11.136   3.408E+02   11.157     1160    0.0381  0.0952    0.0407  0.1032    0.0140  0.0382    0.6550  0.4006    0.8545  0.7587
      130     1175   10.481   3.016E+02   10.580     1166    0.0411  0.0939    0.0439  0.1021    0.0151  0.0383    0.6567  0.4035    0.8536  0.7575
      131     1166   10.890   3.517E+02   10.954     1163    0.0381  0.0993    0.0407  0.1079    0.0141  0.0403    0.6581  0.4066    0.8528  0.7564
      132     1180   11.161   3.426E+02   11.216     1172    0.0375  0.0923    0.0401  0.1005    0.0138  0.0381    0.6595  0.4096    0.8522  0.7554
      133     1185   10.571   3.135E+02   10.591     1177    0.0374  0.0950    0.0399  0.1031    0.0136  0.0384    0.6610  0.4128    0.8514  0.7542
      134     1202   11.013   3.602E+02   11.083     1195    0.0352  0.0917    0.0376  0.0998    0.0128  0.0374    0.6626  0.4157    0.8506  0.7528
      135     1161   10.580   3.339E+02   10.628     1158    0.0366  0.0980    0.0393  0.1073    0.0138  0.0415    0.6642  0.4190    0.8499  0.7515
      136     1186   10.458   3.067E+02   10.507     1178    0.0420  0.0962    0.0450  0.1049    0.0156  0.0397    0.6657  0.4219    0.8491  0.7502
      137     1197   10.558   2.784E+02   10.628     1190    0.0429  0.0921    0.0458  0.1006    0.0157  0.0384    0.6673  0.4248    0.8482  0.7489
      138     1182   10.576   3.216E+02   10.659     1175    0.0411  0.0995    0.0441  0.1082    0.0154  0.0404    0.6687  0.4277    0.8473  0.7476
      139     1160   11.237   3.589E+02   11.241     1154    0.0345  0.0921    0.0368  0.0999    0.0125  0.0369    0.6700  0.4308    0.8464  0.7464
      140     1174   10.625   3.142E+02   10.639     1168    0.0387  0.0922    0.0414  0.1009    0.0143  0.0387    0.6714  0.4339    0.8457  0.7455
      141     1247   10.117   3.128E+02   10.221     1241    0.0391  0.1019    0.0418  0.1104    0.0144  0.0407    0.6728  0.4367    0.8448  0.7439
      142     1146   11.170   3.493E+02   11.249     1141    0.0374  0.0905    0.0401  0.0993    0.0140  0.0388    0.6744  0.4398    0.8438  0.7427
      143     1181   10.582   3.290E+02   10.620     1170    0.0398  0.1013    0.0424  0.1107    0.0144  0.0422    0.6758  0.4424    0.8430  0.7413
      144     1184   10.518   3.216E+02   10.584     1181    0.0391  0.0971    0.0420  0.1062    0.0146  0.0408    0.6772  0.4454    0.8423  0.7399
      145     1237   11.319   3.569E+02   11.375     1227    0.0367  0.0932    0.0394  0.1014    0.0138  0.0382    0.6786  0.4485    0.8413  0.7382
      146     1137   10.093   2.748E+02   10.152     1135    0.0421  0.0966    0.0451  0.1054    0.0157  0.0402    0.6798  0.4513    0.8403  0.7368
      147     1141   10.291   2.965E+02   10.355     1137    0.0406  0.0980    0.0435  0.1068    0.0151  0.0405    0.6809  0.4542    0.8396  0.7357
      148     1211   10.737   3.309E+02   10.801     1205    0.0366  0.0990    0.0392  0.1081    0.0136  0.0412    0.6823  0.4570    0.8388  0.7341
      149     1183   10.533   3.232E+02   10.613     1178    0.0381  0.0951    0.0409  0.1043    0.0143  0.0406    0.6837  0.4597    0.8378  0.7327
      150     1170   10.481   2.818E+02   10.555     1167    0.0418  0.0942    0.0448  0.1033    0.0156  0.0401    0.6851  0.4626    0.8368  0.7311
      151     1187   10.699   3.249E+02   10.787     1184    0.0390  0.0962    0.0417  0.1043    0.0144  0.0386    0.6862  0.4652    0.8359  0.7300
      152     1178   10.417   2.898E+02   10.467     1172    0.0425  0.0987    0.0455  0.1076    0.0157  0.0409    0.6875  0.4680    0.8350  0.7282
      153     1219   10.412   3.229E+02   10.485     1209    0.0383  0.0979    0.0412  0.1068    0.0145  0.0406    0.6888  0.4708    0.8341  0.7268
      154     1154   10.699   3.248E+02   10.743     1152    0.0381  0.0993    0.0408  0.1086    0.0142  0.0418    0.6900  0.4736    0.8331  0.7255
      155     1183   10.335   3.036E+02   10.431     1177    0.0391  0.0927    0.0419  0.1011    0.0146  0.0383    0.6913  0.4761    0.8324  0.7237
      156     1213    9.705   2.847E+02    9.814     1211    0.0416  0.1063    0.0446  0.1159    0.0157  0.0442    0.6925  0.4790    0.8314  0.7222
      157     1112   10.952   3.274E+02   10.963     1107    0.0392  0.0954    0.0418  0.1034    0.0143  0.0383    0.6936  0.4814    0.8305  0.7206
      158     1213    9.874   2.757E+02    9.981     1205    0.0428  0.1034    0.0458  0.1129    0.0160  0.0433    0.6949  0.4843    0.8298  0.7192
      159     1186   10.877   3.408E+02   10.931     1181    0.0360  0.0962    0.0386  0.1050    0.0135  0.0400    0.6960  0.4868    0.8287  0.7174
      160     1169    9.929   2.939E+02   10.028     1164    0.0404  0.1058    0.0434  0.1157    0.0153  0.0445    0.6971  0.4895    0.8276  0.7161
      161     1199   10.310   3.163E+02   10.403     1195    0.0378  0.0967    0.0405  0.1055    0.0139  0.0402    0.6983  0.4918    0.8266  0.7147
      162     1169    9.801   2.749E+02    9.901     1155    0.0416  0.1022    0.0446  0.1118    0.0156  0.0430    0.6995  0.4948    0.8256  0.7130
      163     1199   10.366   3.047E+02   10.430     1195    0.0386  0.0947    0.0413  0.1032    0.0142  0.0392    0.7007  0.4975    0.8244  0.7113
      164     1222   10.641   3.032E+02   10.680     1215    0.0394  0.0944    0.0424  0.1035    0.0149  0.0403    0.7020  0.5002    0.8235  0.7099
      165     1178    9.885   2.868E+02    9.970     1172    0.0408  0.0982    0.0437  0.1073    0.0152  0.0412    0.7031  0.5029    0.8225  0.7082
      166     1157   10.755   3.134E+02   10.844     1153    0.0388  0.0913    0.0415  0.0996    0.0144  0.0380    0.7043  0.5050    0.8215  0.7062
      167     1180   10.078   2.880E+02   10.187     1176    0.0399  0.0951    0.0429  0.1037    0.0150  0.0394    0.7054  0.5078    0.8205  0.7047
      168     1193   10.263   2.870E+02   10.413     1188    0.0398  0.0994    0.0428  0.1088    0.0152  0.0420    0.7065  0.5101    0.8196  0.7033
      169     1194   10.731   3.206E+02   10.842     1189    0.0358  0.0957    0.0385  0.1043    0.0135  0.0396    0.7074  0.5127    0.8185  0.7013
      170     1192   10.131   2.900E+02   10.242     1189    0.0405  0.0961    0.0435  0.1050    0.0153  0.0402    0.7086  0.5153    0.8173  0.6998
      171     1192   10.023   2.972E+02   10.115     1189    0.0389  0.0991    0.0418  0.1085    0.0148  0.0420    0.7096  0.5177    0.8166  0.6982
      172     1216    9.999   2.598E+02   10.098     1203    0.0424  0.0965    0.0455  0.1059    0.0159  0.0413    0.7109  0.5204    0.8152  0.6963
      173     1099    9.952   2.986E+02   10.080     1097    0.0416  0.1029    0.0446  0.1125    0.0155  0.0434    0.7120  0.5228    0.8139  0.6947
      174     1227   10.351   3.070E+02   10.543     1224    0.0402  0.1051    0.0431  0.1150    0.0152  0.0444    0.7130  0.5255    0.8132  0.6932
      175     1194   10.486   2.883E+02   10.603     1188    0.0404  0.0928    0.0434  0.1017    0.0152  0.0397    0.7142  0.5280    0.8118  0.6910
      176     1197   10.432   3.118E+02   10.534     1192    0.0397  0.0971    0.0425  0.1059    0.0147  0.0404    0.7153  0.5306    0.8107  0.6890
      177     1190   10.251   2.996E+02   10.459     1186    0.0412  0.1060    0.0442  0.1161    0.0155  0.0449    0.7163  0.5330    0.8097  0.6874
      178     1177   10.127   2.644E+02   10.219     1172    0.0427  0.1002    0.0457  0.1095    0.0159  0.0422    0.7172  0.5352    0.8085  0.6851
      179     1130    9.768   2.603E+02    9.987     1126    0.0457  0.1065    0.0491  0.1163    0.0174  0.0446    0.7182  0.5374    0.8073  0.6833
      180     1198   10.058   2.934E+02   10.255     1188    0.0368  0.1066    0.0395  0.1166    0.0138  0.0453    0.7192  0.5397    0.8063  0.6817
      181     1231   10.488   2.815E+02   10.715     1227    0.0415  0.0980    0.0446  0.1073    0.0158  0.0416    0.7203  0.5424    0.8050  0.6797
      182     1147   10.074   2.826E+02   10.273     1144    0.0407  0.1025    0.0439  0.1121    0.0159  0.0433    0.7214  0.5447    0.8038  0.6776
      183     1202   10.031   2.777E+02   10.301     1197    0.0395  0.1014    0.0423  0.1114    0.0148  0.0436    0.7225  0.5470    0.8029  0.6761
      184     1189    9.932   2.595E+02   10.162     1186    0.0409  0.0966    0.0440  0.1064    0.0157  0.0423    0.7237  0.5491    0.8015  0.6737
      185     1195   10.007   2.419E+02   10.273     1187    0.0428  0.0947    0.0461  0.1041    0.0165  0.0410    0.7249  0.5517    0.8002  0.6716
      186     1156   10.008   2.810E+02   10.313     1154    0.0409  0.1046    0.0437  0.1140    0.0151  0.0433    0.7257  0.5541    0.7991  0.6698
      187     1200    9.579   2.681E+02    9.969     1188    0.0387  0.1028    0.0416  0.1126    0.0148  0.0437    0.7267  0.5565    0.7977  0.6678
      188     1182   10.303   2.787E+02   10.809     1176    0.0386  0.0926    0.0414  0.1009    0.0144  0.0381    0.7278  0.5590    0.7962  0.6656
      189     1190   10.220   2.682E+02   10.860     1181    0.0423  0.0941    0.0455  0.1033    0.0162  0.0403    0.7289  0.5612    0.7950  0.6639
      190     1175    9.612   2.460E+02   10.505     1168    0.0436  0.1040    0.0468  0.1141    0.0165  0.0445    0.7300  0.5635    0.7934  0.6616
      191     1178   10.035   2.777E+02   11.167     1170    0.0414  0.1054    0.0446  0.1158    0.0160  0.0453    0.7309  0.5659    0.7919  0.6594
      192     1257    9.135   2.524E+02   10.840     1248    0.0424  0.1093    0.0456  0.1199    0.0162  0.0469    0.7321  0.5684    0.7905  0.6575
      193     1196    9.535   2.713E+02   11.920     1185    0.0429  0.1103    0.0462  0.1211    0.0166  0.0474    0.7332  0.5702    0.7889  0.6551
      194     1188   10.207   2.798E+02   12.243     1177    0.0394  0.0965    0.0424  0.1056    0.0150  0.0409    0.7347  0.5721    0.7873  0.6529
      195     1211    9.863   2.590E+02   11.225     1197    0.0410  0.0999    0.0439  0.1092    0.0152  0.0419    0.7361  0.5737    0.7859  0.6509
      196     1123   10.051   3.133E+02   10.853     1113    0.0363  0.1005    0.0390  0.1102    0.0140  0.0433    0.7374  0.5755    0.7843  0.6488
      197     1158   10.049   2.902E+02   10.785     1149    0.0396  0.1017    0.0425  0.1114    0.0151  0.0431    0.7388  0.5770    0.7828  0.6466
      198     1256    9.991   2.680E+02   10.466     1245    0.0380  0.0977    0.0410  0.1073    0.0148  0.0422    0.7406  0.5785    0.7813  0.6442
      199     1150   10.097   2.725E+02   10.440     1142    0.0418  0.1020    0.0451  0.1118    0.0163  0.0434    0.7421  0.5800    0.7798  0.6419
      200     1145    9.448   2.396E+02    9.817     1133    0.0434  0.1020    0.0467  0.1112    0.0167  0.0425    0.7435  0.5816    0.7784  0.6395
      201     1266    9.766   2.753E+02   10.119     1253    0.0402  0.1028    0.0433  0.1131    0.0155  0.0448    0.7450  0.5834    0.7769  0.6374
      202     1168    9.805   2.460E+02   10.061     1156    0.0411  0.0997    0.0443  0.1097    0.0159  0.0434    0.7464  0.5851    0.7749  0.6349
      203     1180    9.324   2.611E+02    9.536     1172    0.0405  0.1048    0.0435  0.1149    0.0154  0.0448    0.7480  0.5865    0.7733  0.6324
      204     1183    9.985   2.714E+02   10.182     1173    0.0388  0.0982    0.0417  0.1080    0.0148  0.0426    0.7496  0.5879    0.7718  0.6299
      205     1179    9.857   2.634E+02   10.036     1168    0.0431  0.1032    0.0465  0.1135    0.0167  0.0448    0.7512  0.5896    0.7702  0.6272
      206     1142   10.150   2.611E+02   10.375     1135    0.0421  0.0992    0.0451  0.1081    0.0159  0.0412    0.7522  0.5912    0.7688  0.6247
      207     1138    9.054   2.523E+02    9.278     1134    0.0460  0.1193    0.0495  0.1308    0.0177  0.0512    0.7533  0.5928    0.7672  0.6225
      208     1204   10.199   2.873E+02   10.323     1195    0.0400  0.0992    0.0429  0.1086    0.0152  0.0424    0.7546  0.5943    0.7656  0.6202
      209     1252    9.887   2.822E+02   10.009     1241    0.0385  0.0976    0.0415  0.1073    0.0149  0.0423    0.7563  0.5960    0.7636  0.6175
      210     1252    9.368   2.432E+02    9.450     1232    0.0459  0.1068    0.0495  0.1175    0.0178  0.0467    0.7579  0.5976    0.7618  0.6144
      211     1200    8.982   2.322E+02    9.047     1185    0.0431  0.1105    0.0465  0.1218    0.0169  0.0489    0.7598  0.5994    0.7596  0.6116
      212     1214    9.758   2.656E+02    9.879     1201    0.0418  0.1072    0.0450  0.1177    0.0161  0.0464    0.7610  0.6012    0.7579  0.6092
      213     1117   10.050   2.736E+02   10.186     1103    0.0415  0.0966    0.0447  0.1060    0.0160  0.0413    0.7622  0.6025    0.7562  0.6066
      214     1182   10.023   2.505E+02   10.152     1174    0.0430  0.0971    0.0464  0.1067    0.0167  0.0420    0.7635  0.6040    0.7544  0.6041
      215     1186    9.342   2.436E+02    9.479     1176    0.0451  0.1054    0.0485  0.1155    0.0173  0.0450    0.7647  0.6053    0.7526  0.6012
      216     1171    9.074   2.458E+02    9.211     1164    0.0427  0.1023    0.0461  0.1125    0.0167  0.0445    0.7661  0.6067    0.7508  0.5985
      217     1178    9.725   2.711E+02    9.803     1170    0.0417  0.1044    0.0452  0.1153    0.0165  0.0465    0.7677  0.6084    0.7488  0.5954
      218     1233    9.335   2.370E+02    9.472     1216    0.0479  0.1101    0.0519  0.1209    0.0190  0.0477    0.7694  0.6099    0.7470  0.5927
      219     1173   10.078   2.763E+02   10.106     1166    0.0409  0.1006    0.0440  0.1104    0.0158  0.0434    0.7703  0.6116    0.7450  0.5897
      220     1112    9.747   3.005E+02    9.845     1104    0.0374  0.1032    0.0402  0.1128    0.0143  0.0437    0.7713  0.6130    0.7431  0.5867
      221     1185    9.532   2.662E+02    9.620     1166    0.0406  0.1004    0.0437  0.1102    0.0156  0.0432    0.7724  0.6148    0.7413  0.5839
      222     1239    9.599   2.513E+02    9.696     1226    0.0436  0.1064    0.0470  0.1170    0.0168  0.0464    0.7738  0.6167    0.7393  0.5809
      223     1180    8.978   2.344E+02    9.051     1164    0.0464  0.1107    0.0499  0.1218    0.0179  0.0485    0.7752  0.6186    0.7373  0.5778
      224     1232    9.234   2.373E+02    9.282     1225    0.0450  0.1072    0.0486  0.1179    0.0176  0.0467    0.7767  0.6203    0.7352  0.5748
      225     1223    9.658   2.733E+02    9.758     1214    0.0414  0.1076    0.0447  0.1187    0.0162  0.0478    0.7782  0.6219    0.7333  0.5719
      226     1134    9.912   2.891E+02   10.034     1123    0.0400  0.1007    0.0431  0.1102    0.0155  0.0429    0.7793  0.6232    0.7312  0.5690
      227     1195    9.520   2.434E+02    9.588     1185    0.0445  0.1038    0.0479  0.1137    0.0172  0.0440    0.7802  0.6247    0.7292  0.5661
      228     1146    9.705   2.760E+02    9.781     1137    0.0413  0.1039    0.0448  0.1141    0.0165  0.0450    0.7814  0.6259    0.7270  0.5630
      229     1152    9.405   2.539E+02    9.487     1136    0.0420  0.1056    0.0453  0.1167    0.0165  0.0472    0.7825  0.6276    0.7249  0.5602
      230     1189    9.909   2.734E+02    9.997     1180    0.0398  0.0993    0.0429  0.1098    0.0153  0.0442    0.7837  0.6291    0.7227  0.5568
      231     1154    9.295   2.440E+02    9.379     1141    0.0451  0.1070    0.0488  0.1187    0.0179  0.0483    0.7851  0.6303    0.7204  0.5534
      232     1216    9.421   2.506E+02    9.475     1202    0.0441  0.1049    0.0477  0.1154    0.0175  0.0458    0.7863  0.6317    0.7184  0.5502
      233     1196    9.448   2.640E+02    9.535     1186    0.0405  0.1011    0.0438  0.1119    0.0160  0.0456    0.7877  0.6333    0.7161  0.5468
      234     1237    9.315   2.400E+02    9.351     1221    0.0447  0.1042    0.0482  0.1150    0.0174  0.0462    0.7890  0.6348    0.7140  0.5433
      235     1126    9.346   2.394E+02    9.439     1111    0.0453  0.1085    0.0488  0.1191    0.0176  0.0469    0.7900  0.6363    0.7116  0.5400
      236     1243    8.721   2.183E+02    8.766     1226    0.0449  0.1049    0.0485  0.1157    0.0177  0.0466    0.7913  0.6381    0.7094  0.5370
      237     1117    9.855   2.704E+02    9.909     1104    0.0381  0.0994    0.0411  0.1095    0.0149  0.0437    0.7922  0.6397    0.7070  0.5335
      238     1230    9.243   2.215E+02    9.363     1217    0.0492  0.1061    0.0532  0.1169    0.0196  0.0465    0.7935  0.6413    0.7048  0.5303
      239     1194    9.140   2.484E+02    9.196     1184    0.0446  0.1101    0.0481  0.1214    0.0174  0.0488    0.7946  0.6428    0.7024  0.5264
      240     1186    9.421   2.364E+02    9.438     1167    0.0430  0.1069    0.0464  0.1176    0.0170  0.0468    0.7959  0.6442    0.7001  0.5228
      241     1205    9.426   2.604E+02    9.503     1192    0.0420  0.1017    0.0455  0.1125    0.0168  0.0456    0.7971  0.6457    0.6977  0.5192
      242     1245    8.920   2.484E+02    8.997     1221    0.0409  0.1100    0.0444  0.1217    0.0165  0.0495    0.7986  0.6473    0.6952  0.5158
      243     1146    9.580   2.710E+02    9.674     1129    0.0447  0.1022    0.0482  0.1120    0.0175  0.0438    0.7996  0.6486    0.6927  0.5118
      244     1128    8.723   2.246E+02    8.756     1117    0.0456  0.1111    0.0493  0.1220    0.0179  0.0480    0.8005  0.6500    0.6904  0.5085
      245     1131    9.062   2.304E+02    9.086     1118    0.0435  0.1124    0.0470  0.1244    0.0171  0.0507    0.8014  0.6512    0.6882  0.5052
      246     1234    9.506   2.602E+02    9.616     1224    0.0433  0.1050    0.0469  0.1151    0.0174  0.0451    0.8023  0.6528    0.6857  0.5019
      247     1168    8.823   2.359E+02    8.872     1154    0.0436  0.1133    0.0470  0.1244    0.0172  0.0494    0.8033  0.6541    0.6831  0.4980
      248     1202    9.147   2.301E+02    9.206     1181    0.0430  0.1021    0.0466  0.1131    0.0172  0.0461    0.8047  0.6558    0.6806  0.4947
      249     1162    9.006   2.324E+02    9.083     1148    0.0436  0.1073    0.0472  0.1186    0.0174  0.0478    0.8060  0.6573    0.6779  0.4909
      250     1187    9.020   2.357E+02    9.055     1180    0.0439  0.1068    0.0475  0.1178    0.0175  0.0473    0.8071  0.6586    0.6753  0.4870
      251     1186    8.843   2.100E+02    8.915     1171    0.0485  0.1087    0.0524  0.1199    0.0194  0.0482    0.8084  0.6603    0.6726  0.4829
      252     1204    8.874   2.486E+02    8.929     1192    0.0466  0.1190    0.0505  0.1317    0.0187  0.0536    0.8095  0.6619    0.6702  0.4792
      253     1209    9.195   2.538E+02    9.205     1190    0.0415  0.1072    0.0449  0.1181    0.0164  0.0471    0.8104  0.6636    0.6674  0.4754
      254     1140    9.258   2.502E+02    9.333     1125    0.0450  0.1118    0.0486  0.1225    0.0178  0.0480    0.8114  0.6648    0.6645  0.4716
      255     1206    8.957   2.296E+02    8.988     1187    0.0457  0.1050    0.0494  0.1160    0.0181  0.0469    0.8123  0.6666    0.6621  0.4677
      256     1149    8.296   1.854E+02    8.338     1131    0.0531  0.1115    0.0574  0.1224    0.0211  0.0484    0.8134  0.6679    0.6593  0.4637
      257     1149    8.355   2.034E+02    8.404     1137    0.0495  0.1182    0.0539  0.1306    0.0203  0.0529    0.8144  0.6696    0.6567  0.4601
      258     1225    9.006   2.322E+02    9.028     1201    0.0444  0.1112    0.0480  0.1230    0.0176  0.0498    0.8155  0.6710    0.6537  0.4565
      259     1178    9.448   2.346E+02    9.439     1161    0.0439  0.1065    0.0475  0.1177    0.0175  0.0478    0.8166  0.6723    0.6507  0.4522
      260     1209    8.380   1.914E+02    8.423     1185    0.0504  0.1109    0.0547  0.1227    0.0205  0.0499    0.8177  0.6739    0.6480  0.4479
      261     1200    9.125   2.352E+02    9.162     1183    0.0458  0.1082    0.0496  0.1194    0.0183  0.0480    0.8186  0.6753    0.6450  0.4440
      262     1179    9.003   2.343E+02    9.034     1154    0.0427  0.1107    0.0465  0.1229    0.0175  0.0506    0.8199  0.6767    0.6420  0.4400
      263     1232    8.740   2.348E+02    8.787     1200    0.0470  0.1125    0.0507  0.1240    0.0185  0.0497    0.8210  0.6781    0.6392  0.4355
      264     1183    9.462   2.400E+02    9.516     1158    0.0455  0.1113    0.0495  0.1233    0.0187  0.0505    0.8222  0.6795    0.6360  0.4314
      265     1182    8.810   2.143E+02    8.890     1159    0.0495  0.1080    0.0536  0.1193    0.0197  0.0483    0.8231  0.6807    0.6327  0.4270
      266     1179    9.009   2.163E+02    9.052     1165    0.0462  0.1038    0.0500  0.1146    0.0187  0.0465    0.8239  0.6822    0.6295  0.4230
      267     1156    8.667   2.053E+02    8.694     1131    0.0494  0.1140    0.0537  0.1261    0.0203  0.0513    0.8249  0.6836    0.6263  0.4188
      268     1178    8.864   2.212E+02    8.967     1160    0.0489  0.1161    0.0530  0.1279    0.0199  0.0513    0.8258  0.6850    0.6231  0.4143
      269     1188    9.123   2.237E+02    9.127     1161    0.0487  0.1111    0.0528  0.1226    0.0195  0.0495    0.8268  0.6865    0.6201  0.4098
      270     1212    8.501   2.068E+02    8.541     1191    0.0496  0.1184    0.0538  0.1305    0.0201  0.0523    0.8277  0.6881    0.6168  0.4054
      271     1156    8.483   2.081E+02    8.529     1134    0.0484  0.1153    0.0523  0.1274    0.0194  0.0518    0.8287  0.6893    0.6132  0.4007
      272     1166    8.556   2.129E+02    8.629     1145    0.0506  0.1169    0.0547  0.1285    0.0201  0.0511    0.8296  0.6907    0.6102  0.3963
      273     1180    8.698   2.056E+02    8.734     1153    0.0499  0.1110    0.0538  0.1219    0.0195  0.0481    0.8305  0.6919    0.6072  0.3918
      274     1253    9.110   2.480E+02    9.151     1228    0.0419  0.1106    0.0455  0.1222    0.0169  0.0497    0.8315  0.6935    0.6040  0.3873
      275     1138    8.657   2.018E+02    8.636     1109    0.0513  0.1142    0.0556  0.1259    0.0205  0.0504    0.8325  0.6949    0.6004  0.3822
      276     1196    8.720   2.155E+02    8.791     1167    0.0457  0.1120    0.0495  0.1229    0.0184  0.0488    0.8333  0.6964    0.5974  0.3777
      277     1187    8.050   1.942E+02    8.096     1164    0.0503  0.1235    0.0549  0.1369    0.0210  0.0565    0.8343  0.6981    0.5935  0.3730
      278     1198    9.652   2.427E+02    9.727     1173    0.0429  0.1054    0.0465  0.1165    0.0173  0.0472    0.8353  0.6995    0.5904  0.3680
      279     1208    8.679   2.096E+02    8.733     1174    0.0481  0.1167    0.0523  0.1293    0.0198  0.0532    0.8363  0.7011    0.5867  0.3630
      280     1170    8.511   2.025E+02    8.582     1142    0.0507  0.1161    0.0550  0.1283    0.0207  0.0522    0.8372  0.7024    0.5827  0.3584
      281     1171    8.899   2.079E+02    8.937     1142    0.0482  0.1155    0.0524  0.1286    0.0197  0.0538    0.8380  0.7039    0.5790  0.3536
      282     1146    8.082   1.893E+02    8.112     1122    0.0540  0.1181    0.0586  0.1299    0.0220  0.0518    0.8388  0.7052    0.5751  0.3490
      283     1230    8.976   2.298E+02    9.030     1200    0.0447  0.1096    0.0486  0.1205    0.0183  0.0481    0.8396  0.7067    0.5717  0.3440
      284     1180    8.813   2.144E+02    8.842     1153    0.0493  0.1189    0.0536  0.1317    0.0201  0.0540    0.8405  0.7081    0.5677  0.3384
      285     1193    8.024   1.826E+02    8.077     1162    0.0524  0.1182    0.0569  0.1308    0.0213  0.0536    0.8414  0.7096    0.5639  0.3335
      286     1190    8.330   1.913E+02    8.362     1153    0.0514  0.1127    0.0559  0.1251    0.0211  0.0515    0.8425  0.7112    0.5599  0.3284
      287     1186    8.990   2.201E+02    9.043     1158    0.0464  0.1098    0.0504  0.1209    0.0188  0.0482    0.8434  0.7123    0.5559  0.3231
      288     1169    8.761   2.319E+02    8.804     1135    0.0469  0.1216    0.0509  0.1344    0.0191  0.0547    0.8443  0.7137    0.5520  0.3178
      289     1209    7.754   1.903E+02    7.782     1164    0.0524  0.1230    0.0569  0.1356    0.0213  0.0545    0.8454  0.7152    0.5477  0.3126
      290     1170    9.025   2.242E+02    9.110     1136    0.0453  0.1095    0.0492  0.1208    0.0185  0.0489    0.8462  0.7165    0.5438  0.3074
      291     1238    8.851   2.322E+02    8.859     1196    0.0463  0.1161    0.0503  0.1282    0.0188  0.0518    0.8472  0.7180    0.5397  0.3023
      292     1175    8.273   1.959E+02    8.273     1136    0.0478  0.1140    0.0521  0.1259    0.0200  0.0511    0.8482  0.7196    0.5352  0.2963
      293     1251    8.485   2.075E+02    8.517     1213    0.0462  0.1145    0.0502  0.1264    0.0189  0.0512    0.8489  0.7212    0.5310  0.2910
      294     1125    9.558   2.331E+02    9.580     1094    0.0427  0.1012    0.0465  0.1125    0.0177  0.0467    0.8498  0.7227    0.5263  0.2855
      295     1209    8.075   1.990E+02    8.151     1174    0.0497  0.1234    0.0541  0.1366    0.0205  0.0559    0.8506  0.7243    0.5223  0.2803
      296     1169    8.369   2.131E+02    8.399     1128    0.0477  0.1207    0.0519  0.1329    0.0197  0.0534    0.8514  0.7259    0.5180  0.2744
      297     1218    8.170   1.888E+02    8.231     1186    0.0503  0.1154    0.0548  0.1286    0.0210  0.0539    0.8523  0.7275    0.5133  0.2689
      298     1145    8.670   2.190E+02    8.733     1109    0.0456  0.1184    0.0494  0.1302    0.0186  0.0522    0.8530  0.7288    0.5084  0.2631
      299     1227    8.405   1.938E+02    8.475     1191    0.0507  0.1192    0.0553  0.1327    0.0213  0.0555    0.8539  0.7305    0.5043  0.2576
      300     1188    8.315   1.925E+02    8.340     1152    0.0528  0.1176    0.0575  0.1307    0.0220  0.0545    0.8547  0.7321    0.4998  0.2512
      301     1172    8.393   2.112E+02    8.431     1144    0.0474  0.1217    0.0516  0.1348    0.0196  0.0554    0.8554  0.7336    0.4949  0.2454
      302     1200    8.443   2.094E+02    8.497     1157    0.0454  0.1176    0.0496  0.1307    0.0191  0.0542    0.8564  0.7351    0.4903  0.2400
      303     1209    7.923   1.781E+02    7.942     1167    0.0526  0.1189    0.0573  0.1316    0.0219  0.0538    0.8572  0.7368    0.4854  0.2345
      304     1146    8.111   2.012E+02    8.155     1114    0.0487  0.1239    0.0529  0.1367    0.0201  0.0555    0.8579  0.7381    0.4803  0.2284
      305     1210    8.352   2.106E+02    8.367     1179    0.0491  0.1244    0.0535  0.1382    0.0206  0.0575    0.8587  0.7396    0.4755  0.2227
      306     1213    7.863   1.853E+02    7.887     1181    0.0481  0.1174    0.0526  0.1307    0.0205  0.0548    0.8595  0.7414    0.4702  0.2168
      307     1202    8.231   2.000E+02    8.256     1173    0.0529  0.1219    0.0576  0.1352    0.0219  0.0557    0.8601  0.7429    0.4649  0.2107
      308     1150    7.937   1.936E+02    7.971     1121    0.0491  0.1189    0.0536  0.1323    0.0206  0.0551    0.8607  0.7445    0.4598  0.2044
      309     1164    8.366   1.911E+02    8.384     1112    0.0504  0.1156    0.0549  0.1280    0.0209  0.0526    0.8616  0.7461    0.4544  0.1986
      310     1221    8.402   2.004E+02    8.435     1188    0.0487  0.1158    0.0531  0.1280    0.0203  0.0522    0.8623  0.7478    0.4488  0.1934
      311     1135    7.806   1.822E+02    7.848     1101    0.0542  0.1219    0.0593  0.1351    0.0231  0.0557    0.8630  0.7493    0.4432  0.1875
      312     1179    8.136   1.946E+02    8.171     1149    0.0514  0.1197    0.0559  0.1320    0.0213  0.0535    0.8636  0.7508    0.4377  0.1819
      313     1135    8.532   1.941E+02    8.556     1102    0.0506  0.1139    0.0553  0.1264    0.0213  0.0521    0.8643  0.7524    0.4319  0.1761
      314     1222    8.104   2.075E+02    8.164     1184    0.0477  0.1204    0.0522  0.1337    0.0203  0.0556    0.8650  0.7540    0.4264  0.1706
      315     1241    8.231   1.759E+02    8.262     1183    0.0546  0.1158    0.0598  0.1293    0.0234  0.0548    0.8660  0.7557    0.4202  0.1647
      316     1177    7.265   1.619E+02    7.307     1124    0.0572  0.1316    0.0627  0.1470    0.0244  0.0621    0.8670  0.7571    0.4138  0.1584
      317     1163    8.020   1.869E+02    8.072     1125    0.0535  0.1331    0.0583  0.1489    0.0224  0.0636    0.8677  0.7589    0.4068  0.1535
      318     1190    7.912   1.859E+02    7.934     1148    0.0516  0.1238    0.0564  0.1383    0.0218  0.0585    0.8684  0.7603    0.4009  0.1475
      319     1174    7.818   1.847E+02    7.874     1132    0.0513  0.1178    0.0564  0.1319    0.0225  0.0564    0.8692  0.7620    0.3945  0.1414
      320     1220    7.773   1.704E+02    7.766     1168    0.0569  0.1251    0.0624  0.1396    0.0244  0.0589    0.8701  0.7636    0.3878  0.1358
      321     1194    8.147   2.057E+02    8.185     1151    0.0482  0.1251    0.0526  0.1391    0.0203  0.0579    0.8708  0.7652    0.3805  0.1306
      322     1174    7.996   1.961E+02    8.035     1136    0.0529  0.1227    0.0578  0.1363    0.0224  0.0566    0.8715  0.7666    0.3736  0.1249
      323     1179    7.983   1.848E+02    8.042     1143    0.0515  0.1188    0.0563  0.1318    0.0218  0.0545    0.8722  0.7681    0.3668  0.1191
      324     1212    8.687   2.111E+02    8.715     1164    0.0463  0.1140    0.0506  0.1270    0.0197  0.0532    0.8731  0.7696    0.3598  0.1137
      325     1175    8.402   2.028E+02    8.415     1140    0.0476  0.1136    0.0522  0.1263    0.0206  0.0527    0.8737  0.7711    0.3524  0.1080
      326     1181    7.845   1.897E+02    7.873     1143    0.0505  0.1251    0.0555  0.1395    0.0218  0.0590    0.8743  0.7724    0.3447  0.1027
      327     1170    8.038   1.919E+02    8.042     1140    0.0523  0.1202    0.0573  0.1342    0.0224  0.0568    0.8748  0.7740    0.3374  0.0975
      328     1128    7.810   1.821E+02    7.816     1094    0.0514  0.1364    0.0563  0.1522    0.0220  0.0644    0.8754  0.7755    0.3295  0.0924
      329     1155    8.061   1.763E+02    8.128     1119    0.0541  0.1157    0.0594  0.1291    0.0236  0.0546    0.8760  0.7770    0.3218  0.0877
      330     1216    7.716   1.731E+02    7.730     1156    0.0544  0.1237    0.0598  0.1387    0.0238  0.0593    0.8769  0.7785    0.3140  0.0826
      331     1213    8.012   1.847E+02    8.061     1175    0.0529  0.1237    0.0581  0.1386    0.0232  0.0598    0.8775  0.7804    0.3051  0.0777
      332     1205    7.907   1.871E+02    7.940     1157    0.0505  0.1204    0.0558  0.1353    0.0227  0.0587    0.8783  0.7822    0.2960  0.0731
      333     1182    7.642   1.532E+02    7.654     1138    0.0616  0.1242    0.0679  0.1393    0.0272  0.0600    0.8789  0.7837    0.2867  0.0685
      334     1168    7.919   1.697E+02    7.960     1114    0.0538  0.1231    0.0590  0.1378    0.0232  0.0589    0.8798  0.7851    0.2780  0.0636
      335     1224    7.975   1.918E+02    8.008     1186    0.0484  0.1160    0.0535  0.1302    0.0219  0.0563    0.8804  0.7868    0.2689  0.0591
      336     1202    7.582   1.850E+02    7.610     1168    0.0517  0.1289    0.0571  0.1447    0.0232  0.0628    0.8809  0.7883    0.2589  0.0547
      337     1170    7.540   1.670E+02    7.594     1131    0.0572  0.1289    0.0630  0.1445    0.0253  0.0624    0.8816  0.7899    0.2496  0.0500
      338     1190    8.119   1.912E+02    8.119     1154    0.0492  0.1197    0.0544  0.1346    0.0221  0.0588    0.8821  0.7913    0.2401  0.0455
      339     1171    8.327   1.932E+02    8.350     1129    0.0521  0.1171    0.0575  0.1312    0.0232  0.0564    0.8828  0.7926    0.2299  0.0414
      340     1181    7.980   1.855E+02    8.017     1145    0.0515  0.1254    0.0568  0.1407    0.0231  0.0610    0.8833  0.7942    0.2203  0.0372
      341     1172    7.666   1.716E+02    7.668     1130    0.0554  0.1238    0.0610  0.1386    0.0245  0.0596    0.8839  0.7956    0.2098  0.0334
      342     1161    7.714   1.698E+02    7.706     1125    0.0528  0.1182    0.0580  0.1320    0.0231  0.0562    0.8844  0.7971    0.1994  0.0298
      343     1198    7.481   1.756E+02    7.504     1161    0.0546  0.1244    0.0604  0.1399    0.0249  0.0612    0.8849  0.7985    0.1886  0.0262
      344     1213    7.402   1.594E+02    7.429     1173    0.0580  0.1293    0.0641  0.1457    0.0260  0.0638    0.8855  0.8003    0.1773  0.0228
      345     1169    7.753   1.845E+02    7.716     1135    0.0508  0.1262    0.0559  0.1422    0.0224  0.0624    0.8859  0.8020    0.1654  0.0197
      346     1228    8.145   1.935E+02    8.179     1184    0.0491  0.1177    0.0545  0.1333    0.0226  0.0595    0.8865  0.8035    0.1543  0.0161
      347     1193    7.590   1.578E+02    7.622     1135    0.0559  0.1194    0.0618  0.1344    0.0252  0.0587    0.8873  0.8050    0.1417  0.0132
      348     1188    7.466   1.870E+02    7.481     1149    0.0504  0.1251    0.0566  0.1414    0.0244  0.0627    0.8878  0.8066    0.1294  0.0106
      349     1173    8.134   1.948E+02    8.171     1133    0.0509  0.1244    0.0563  0.1400    0.0231  0.0615    0.8884  0.8082    0.1167  0.0083
      350     1151    7.408   1.649E+02    7.417     1110    0.0543  0.1240    0.0601  0.1402    0.0247  0.0623    0.8890  0.8098    0.1036  0.0067
      351     1213    8.260   1.922E+02    8.308     1175    0.0487  0.1167    0.0540  0.1310    0.0223  0.0568    0.8895  0.8113    0.0905  0.0051
      352     1160    8.143   1.992E+02    8.184     1116    0.0473  0.1215    0.0524  0.1368    0.0218  0.0600    0.8901  0.8127    0.0763  0.0036
      353     1147    7.348   1.652E+02    7.358     1100    0.0579  0.1337    0.0644  0.1509    0.0269  0.0665    0.8908  0.8142    0.0625  0.0024
      354     1207    7.092   1.811E+02    7.136     1162    0.0543  0.1370    0.0604  0.1546    0.0252  0.0684    0.8914  0.8159    0.0488  0.0013
      355     1180    7.186   1.657E+02    7.199     1152    0.0562  0.1411    0.0627  0.1601    0.0266  0.0719    0.8917  0.8179    0.0340  0.0005
      356     1100    6.880   1.468E+02    6.897     1071    0.0653  0.1442    0.0722  0.1616    0.0296  0.0698    0.8921  0.8190    0.0189  0.0001
      357      354    7.293   1.806E+02    7.240      348    0.0701  0.1600    0.0772  0.1780    0.0312  0.0753    0.8922  0.8193    0.0046  0.0000
 ---------------------------------------------------------------------------------------------------------------------------------------------------
   Total    420171                                 414859                                                          0.8922  0.8193

  Calling close_file ... 

 MRFANA: normal termination


 OPENED INPUT MTZ FILE 
 Logical Name: autoPROC.01/aimless_unmerged.mtz   Filename: autoPROC.01/aimless_unmerged.mtz 

