

 #################################################################################################
 ## MRFANA - metrics for unmerged X-Ray reflection data
 #################################################################################################

 Copyright (c) 2007, 2019 Global Phasing Ltd.

 Authors: Clemens Vonrhein, Claus Flensburg, Ian J. Tickle and
          Gerard Bricogne

 #################################################################################################

 Current date and time : 2019-10-29 07:57:25


 Setting random seed to 1657371851
 You can set this also with the -seed flag

  Calling open_file ... 
  Calling get_info ... 

 Dataset  1 cell =  161.20100 161.20100 139.46300  90.00000  90.00000 120.00000
   Orthogonalisation matrix =    161.20100   -80.60050     0.00000
                                   0.00000   139.60416     0.00000
                                   0.00000     0.00000   139.46300
   Inverse of above         =      0.00620     0.00358    -0.00000
                                   0.00000     0.00716    -0.00000
                                   0.00000     0.00000     0.00717

 Dataset  2 cell =  161.20100 161.20100 139.46300  90.00000  90.00000 120.00000
   Orthogonalisation matrix =    161.20100   -80.60050     0.00000
                                   0.00000   139.60416     0.00000
                                   0.00000     0.00000   139.46300
   Inverse of above         =      0.00620     0.00358    -0.00000
                                   0.00000     0.00716    -0.00000
                                   0.00000     0.00000     0.00717

 Overall cell =  161.20100 161.20100 139.46300  90.00000  90.00000 120.00000
 Orthogonalisation matrix =    161.20100   -80.60050     0.00000
                                 0.00000   139.60416     0.00000
                                 0.00000     0.00000   139.46300
 Inverse of above         =      0.00620     0.00358    -0.00000
                                 0.00000     0.00716    -0.00000
                                 0.00000     0.00000     0.00717
  Calling read_refl ... 
    reading reflection      27721 (   5.0 %)
    reading reflection      55442 (  10.0 %)
    reading reflection      83163 (  15.0 %)
    reading reflection     110884 (  20.0 %)
    reading reflection     138605 (  25.0 %)
    reading reflection     166326 (  30.0 %)
    reading reflection     194047 (  35.0 %)
    reading reflection     221768 (  40.0 %)
    reading reflection     249489 (  45.0 %)
    reading reflection     277210 (  50.0 %)
    reading reflection     304931 (  55.0 %)
    reading reflection     332652 (  60.0 %)
    reading reflection     360373 (  65.0 %)
    reading reflection     388094 (  70.0 %)
    reading reflection     415815 (  75.0 %)
    reading reflection     443536 (  80.0 %)
    reading reflection     471257 (  85.0 %)
    reading reflection     498978 (  90.0 %)
    reading reflection     526699 (  95.0 %)



 binning will be in  shells of equal number of reflections (based on   1000 measured unique reflections per shell)

  Calling read_batch ... 
  Calling stats ... 

 ####----------------------------------------------------------------
 #### NOTES
 ####----------------------------------------------------------------

 ####----------------------------------------------------------------
 #### Rmerge:
 
  According to [1] and Evans (2006) this is defined as
 
                   sum_i ( sum_j | Ij - <I> | )
    Rmerge(I) = --------------------------------                 (1)
                   sum_i ( sum_j        <I>   )
 
  with
 
    Ij  = the intensity of the jth observation of reflection i
    <I> = the mean of the intensities of all observations of reflection i
 
    sum_i is taken over all reflections
    sum_j is taken over all observations of each reflection.
 
  Diederichs & Karplus (1997), Weiss & Hilgenfeld (1997) and
  Weiss (2001) define this slightly different as
 
                   sum_i ( sum_j | Ij - <I> | )
    Rmerge(I) = --------------------------------                 (2)
                   sum_i ( sum_j   Ij         )
 
  which is identically to (1) if <I> is the mean (or average)
  intensity. However, it is the weighted (by variance) mean of
  the intensities we are computing during merging:
 
    <I> = sum_j ( Wj * Ij )                                      (3)
 
                    1     
    with:  Wj = ---------                                        (4)
                sd(Ij)**2
 
  Then equations (1) and (2) become different.
 
  Drenth (1994) calls (1) Rmerge and (2) Rsym.
 
 ####----------------------------------------------------------------
 #### Rmeas (also called Rrim):
 
  The redundancy-independent merging R factor value Rrim, also
  denoted Rmeas, for merging all intensities in a given shell.
 
           sum_i [Ni /( Ni - 1)]^(1/2) sum_j | Ij - <Ii> |
    Rrim = ---------------------------------------------         (5)
           sum_i (                  sum_j   Ij         )
 
    Ij   = the intensity of the jth observation of reflection i
    <Ii> = the mean of the intensities of all observations of reflection i
    Ni   = the redundancy (the number of times reflection i has been measured).
 
    sum_i is taken over all reflections
    sum_j is taken over all observations of each reflection.
 
  See Diederichs & Karplus (1997), Weiss & Hilgenfeld (1997), Weiss
  (2001) and [2].
 
  Evans (2006) defines this differently, with the denominator
  summing over <I> similar to the Rmerge equation (1) above:
 
           sum_i [Ni /( Ni - 1)]^(1/2) sum_j | Ij - <Ii> |
    Rrim = ---------------------------------------------         (6)
           sum_i (                  sum_j        <Ii>  )
 
 ####----------------------------------------------------------------
 #### Rpim:
 
  The precision-indicating merging R factor value Rpim,
  for merging all intensities in this data set is defined in [3],
  Diederichs & Karplus (1997), Weiss & Hilgenfeld (1997) and
  Weiss (2001) as
 
           sum_i [  1/(Ni - 1)]^(1/2) sum_j | Ij - <Ii> |
    Rpim = ---------------------------------------------         (7)
           sum_i (                  sum_j   Ij         )
 
  As above, Evans (2006) defines this differently as:
 
           sum_i [  1/(Ni - 1)]^(1/2) sum_j | Ij - <Ii> |
    Rrim = ---------------------------------------------         (8)
           sum_i (                  sum_j        <Ii>  )
 
 To add more complexity, all of the above statistics (Rmerge, Rmeas
 and Rpim) can be computed over all measurements of a unique reflection
 or separately for I+ and I-. The latter has the advantage that an
 existing anomalous signal will not result in an increase of R-value
 because of this. However, the original definitions above are not
 taking anomalous signal into account this way.
 
 ### References:
 
 [1] http://mmcif.wwpdb.org/dictionaries/mmcif_std.dic/Items/_reflns_shell.Rmerge_I_obs.html
 [2] http://www.iucr.org/__data/iucr/cifdic_html/2/mmcif_pdbx.dic/Ireflns.pdbx_Rrim_I_all.html
 [3] http://www.iucr.org/__data/iucr/cifdic_html/2/mmcif_pdbx.dic/Ireflns.pdbx_Rpim_I_all.html
 [4] Diederichs, K. & Karplus, P. A. (1997). Nature Struct. Biol. 4, 269-275.
 [5] Drenth, J. (1994). Principles of Protein X-ray Crystallography. Springer-Verlag, New York. p289-290.
 [6] Evans, P. (2006). Acta D62, 72-82.
 [7] Weiss, M. S. & Hilgenfeld, R. (1997). J. Appl. Cryst. 30, 203-205.
 [8] Weiss, M. S. (2001). J. Appl. Cryst. 34, 130-135.
 

 ############################################################
 #################### TOTAL 
 ############################################################

   Cell:  161.20  161.20  139.46   90.00   90.00  120.00
   Wavelength:  0.97950 A
   Run number:    1 consists of batches          1 to        357
      Phi range:              195.00 to              248.55
      Closest reciprocal axis to spindle: a*   (angle   34.6 degrees)


 We will be using a total of  115 bins for statistics as a function of resolution

 Resolution bins defined as : 8.34050,6.58831,5.73337,5.19290,4.81930,4.52981,4.30252,4.10988,3.95003,3.81438,3.69384,3.58659,3.49188,3.40674,3.32817,3.25694,3.19213,3.13097,3.07434,3.02249,2.97201,2.92668,2.88353,2.84193,2.80318,2.76585,2.73132,2.69803,2.61917,2.59128,2.56366,2.53716,2.51281,2.48893,2.46582,2.44334,2.42138,2.40096,2.38087,2.36147,2.34243,2.32426,2.30656,2.28941,2.27266,2.25654,2.22882,2.21370,2.19878,2.18482,2.17090,2.15715,2.14381,2.13084,2.11818,2.10554,2.09356,2.08159,2.05850,2.04730,2.03653,2.02568,2.01530,2.00485,1.99436,1.98441,1.97425,1.96445,1.95465,1.94501,1.93539,1.92578,1.91620,1.90686,1.89761,1.88848,1.87941,1.87051,1.86174,1.85319,1.84475,1.83616,1.82796,1.81969,1.81166,1.80354,1.79568,1.78779,1.77999,1.77225,1.76455,1.75702,1.74942,1.74201,1.73456,1.72719,1.71997,1.71267,1.70542,1.69846,1.69144,1.68438,1.67711,1.66975,1.66242,1.65455,1.64669,1.63811,1.62945,1.62026,1.61047,1.59989,1.58771,1.57239 

 ------------------------------------------------------------------------------------------------------------------------------------------------
                                                                                     Completeness    Multiplicity
                                                                                     --------------  ------------
            Resolution      #uniq     #Rfac  Rmerge   Rmeas    Rpim   #Isig  I/sigI     all     ano    all    ano CC(1/2)  #CCAno CC(ano)  SigAno
 ------------------------------------------------------------------------------------------------------------------------------------------------
         98.665 -   8.341     999      5376   0.016   0.018   0.007     999  81.951  0.8582  0.7615   5.48   3.48  0.9995     401  0.7807   1.723
          8.338 -   6.588     999      5954   0.019   0.020   0.007     999  76.402  0.9041  0.7991   6.07   3.72  0.9995     480  0.7922   1.546
          6.588 -   5.733     999      6209   0.021   0.022   0.008     999  69.787  0.9107  0.8185   6.32   3.78  0.9996     510  0.7289   1.556
          5.733 -   5.193     999      5470   0.023   0.025   0.009     999  64.522  0.9148  0.8162   5.59   3.34  0.9993     536  0.5803   1.366
          5.193 -   4.819     999      5771   0.022   0.023   0.009     999  67.264  0.9241  0.8300   5.88   3.47  0.9996     545  0.4225   1.328
          4.819 -   4.530     999      6054   0.021   0.022   0.008     999  68.552  0.9233  0.8341   6.15   3.60  0.9996     562  0.4591   1.227
          4.530 -   4.303     999      6223   0.020   0.021   0.007     999  71.455  0.9310  0.8503   6.32   3.65  0.9997     574  0.3794   1.255
          4.302 -   4.110     999      6337   0.023   0.024   0.008     999  64.919  0.9284  0.8490   6.43   3.70  0.9997     590  0.3404   1.232
          4.110 -   3.950     999      6331   0.021   0.022   0.008     999  62.969  0.9345  0.8601   6.43   3.68  0.9998     587  0.4356   1.188
          3.950 -   3.814     999      6340   0.023   0.025   0.008     999  58.947  0.9363  0.8525   6.45   3.71  0.9998     585  0.2830   1.147
          3.814 -   3.694     999      6173   0.023   0.025   0.009     999  57.480  0.9433  0.8670   6.27   3.56  0.9997     586  0.4205   1.150
          3.694 -   3.587     999      5178   0.027   0.030   0.012     999  47.184  0.9460  0.8659   5.29   3.04  0.9996     583  0.2680   1.098
          3.586 -   3.492     999      5667   0.028   0.030   0.011     999  48.528  0.9380  0.8558   5.77   3.30  0.9996     596  0.3507   1.085
          3.492 -   3.407     999      6118   0.029   0.031   0.011     999  47.813  0.9371  0.8506   6.22   3.56  0.9996     613  0.3541   1.061
          3.407 -   3.328    1000      6107   0.031   0.033   0.012    1000  43.783  0.9452  0.8660   6.19   3.51  0.9996     581  0.3543   1.084
          3.328 -   3.257     999      6175   0.033   0.036   0.012     999  41.018  0.9460  0.8623   6.27   3.56  0.9996     602  0.3245   1.075
          3.257 -   3.192     999      6156   0.036   0.039   0.013     999  36.839  0.9514  0.8593   6.25   3.58  0.9995     606  0.3825   1.065
          3.192 -   3.131     999      6147   0.042   0.045   0.016     999  32.474  0.9451  0.8215   6.27   3.70  0.9994     610  0.3474   1.046
          3.131 -   3.074     999      6312   0.042   0.045   0.016     999  32.210  0.9363  0.8442   6.41   3.68  0.9993     630  0.3266   1.012
          3.074 -   3.022     999      6338   0.047   0.050   0.017     999  28.389  0.9460  0.8567   6.45   3.69  0.9993     632  0.2558   0.982
          3.022 -   2.972     999      6354   0.048   0.051   0.017     999  27.192  0.9496  0.8477   6.47   3.73  0.9992     644  0.3437   0.981
          2.972 -   2.927     999      6267   0.048   0.051   0.018     999  25.666  0.9560  0.8462   6.38   3.71  0.9995     623  0.3836   0.957
          2.927 -   2.884     999      6422   0.052   0.055   0.019     999  23.368  0.9532  0.8606   6.51   3.70  0.9994     630  0.3238   0.920
          2.883 -   2.842     999      6485   0.059   0.063   0.022     999  21.792  0.9354  0.8694   6.56   3.66  0.9992     632  0.3838   0.931
          2.842 -   2.803     999      5608   0.072   0.079   0.030     999  16.746  0.9451  0.8658   5.68   3.19  0.9984     615  0.1554   0.882
          2.803 -   2.766     999      5434   0.070   0.076   0.029     999  16.834  0.9478  0.8681   5.52   3.12  0.9986     630  0.1725   0.881
          2.766 -   2.731     999      5712   0.068   0.073   0.027     999  17.128  0.9523  0.8658   5.79   3.27  0.9988     608  0.2743   0.897
          2.731 -   2.698     999      6071   0.076   0.081   0.029     999  15.862  0.9345  0.8457   6.14   3.46  0.9986     621  0.1826   0.838
          2.698 -   2.619     999      5755   0.081   0.087   0.031     999  13.624  0.3658  0.3217   5.86   3.38  0.9982     588  0.2639   0.869
          2.619 -   2.591     999      6173   0.080   0.086   0.030     999  13.854  0.9514  0.8754   6.25   3.49  0.9985     634  0.2181   0.818
          2.591 -   2.564     999      6274   0.081   0.087   0.030     999  13.925  0.9514  0.8779   6.35   3.53  0.9988     631  0.2506   0.845
          2.564 -   2.537     999      6408   0.095   0.102   0.036     999  12.368  0.9425  0.8765   6.47   3.56  0.9981     656  0.1711   0.799
          2.537 -   2.513     999      6365   0.099   0.107   0.037     999  11.627  0.9578  0.8931   6.43   3.55  0.9983     640  0.1406   0.828
          2.513 -   2.489     999      6320   0.097   0.104   0.036     999  11.431  0.9389  0.8744   6.39   3.54  0.9977     645  0.2298   0.807
          2.489 -   2.466     999      6450   0.103   0.110   0.038     999  11.167  0.9451  0.8773   6.52   3.59  0.9986     647  0.1953   0.786
          2.466 -   2.443     999      6287   0.096   0.103   0.036     999  10.965  0.9505  0.8736   6.36   3.54  0.9980     637  0.1994   0.800
          2.443 -   2.421     999      6397   0.110   0.118   0.041     999  10.205  0.9363  0.8669   6.47   3.60  0.9975     642  0.1629   0.803
          2.421 -   2.401     999      6340   0.124   0.133   0.047     999   9.104  0.9542  0.8801   6.42   3.58  0.9978     640  0.1644   0.791
          2.401 -   2.381     999      6465   0.129   0.139   0.048     999   9.120  0.9442  0.8697   6.54   3.62  0.9966     652  0.2159   0.808
          2.381 -   2.361     999      6308   0.119   0.127   0.045     999   8.824  0.9523  0.8730   6.39   3.58  0.9974     642  0.0923   0.767
          2.361 -   2.342     999      6507   0.133   0.142   0.050     999   8.302  0.9442  0.8718   6.58   3.64  0.9959     666  0.1371   0.733
          2.342 -   2.324     999      6356   0.125   0.133   0.046     999   8.844  0.9496  0.8629   6.44   3.61  0.9964     643  0.2708   0.770
          2.324 -   2.307     999      5915   0.159   0.172   0.064     999   7.195  0.9487  0.8688   5.99   3.32  0.9957     659  0.0454   0.753
          2.307 -   2.289    1000      5357   0.172   0.188   0.074    1000   6.165  0.9443  0.8667   5.44   3.04  0.9933     626  0.0396   0.734
          2.289 -   2.273     999      5669   0.174   0.190   0.072     999   6.319  0.9451  0.8857   5.74   3.17  0.9931     649  0.0988   0.747
          2.273 -   2.257     999      5942   0.188   0.203   0.075     999   5.856  0.9496  0.8608   6.03   3.38  0.9931     648  0.0272   0.706
          2.257 -   2.229     999      5295   0.199   0.216   0.082     999   5.037  0.5339  0.4608   5.43   3.16  0.9898     560  0.0783   0.689
          2.229 -   2.214     999      6158   0.212   0.229   0.083     999   5.433  0.9442  0.8925   6.22   3.38  0.9898     648 -0.0036   0.716
          2.214 -   2.199     999      6206   0.175   0.188   0.067     999   6.227  0.9478  0.8708   6.29   3.48  0.9928     656  0.1366   0.747
          2.199 -   2.185     999      6207   0.233   0.252   0.091     999   4.796  0.9398  0.8815   6.28   3.42  0.9883     644  0.0516   0.709
          2.185 -   2.171     999      6304   0.210   0.226   0.081     999   5.368  0.9407  0.8824   6.37   3.50  0.9900     651  0.0233   0.735
          2.171 -   2.157     999      6303   0.233   0.251   0.090     999   4.891  0.9433  0.8842   6.38   3.48  0.9889     653  0.0849   0.759
          2.157 -   2.144     999      6433   0.247   0.265   0.095     999   4.653  0.9354  0.8809   6.49   3.52  0.9866     675  0.0594   0.725
          2.144 -   2.131     999      6370   0.242   0.260   0.093     999   4.512  0.9389  0.8813   6.44   3.50  0.9890     655  0.0647   0.719
          2.131 -   2.118     999      6362   0.256   0.276   0.099     999   4.356  0.9469  0.8934   6.42   3.49  0.9896     664  0.0653   0.681
          2.118 -   2.106     999      6391   0.290   0.312   0.112     999   3.939  0.9345  0.8800   6.46   3.53  0.9845     669 -0.0456   0.679
          2.106 -   2.094     999      6406   0.304   0.327   0.117     999   3.789  0.9523  0.8948   6.47   3.51  0.9768     668  0.0471   0.738
          2.094 -   2.082     999      6390   0.322   0.347   0.125     999   3.498  0.9250  0.8776   6.44   3.47  0.9743     671  0.1000   0.714
          2.082 -   2.058     999      5372   0.370   0.402   0.152     999   2.662  0.4616  0.4057   5.50   3.14  0.9692     555 -0.0531   0.655
          2.058 -   2.047     999      6429   0.348   0.374   0.133     999   3.214  0.9407  0.8840   6.50   3.54  0.9747     671  0.0056   0.690
          2.047 -   2.037     999      6493   0.327   0.352   0.126     999   3.503  0.9407  0.8988   6.55   3.51  0.9777     685  0.0083   0.681
          2.037 -   2.026     999      6465   0.352   0.379   0.136     999   3.082  0.9284  0.8719   6.52   3.53  0.9744     684  0.0013   0.692
          2.026 -   2.015     999      6435   0.378   0.407   0.146     999   3.016  0.9460  0.8858   6.51   3.55  0.9704     678  0.0429   0.704
          2.015 -   2.005     999      6514   0.384   0.414   0.148     999   2.996  0.9140  0.8675   6.57   3.56  0.9675     697  0.0110   0.696
          2.005 -   1.994     999      6545   0.460   0.496   0.178     999   2.553  0.9182  0.8629   6.61   3.58  0.9523     700  0.0391   0.710
          1.994 -   1.984     999      6068   0.409   0.443   0.164     999   2.691  0.9082  0.8442   6.14   3.38  0.9645     671 -0.0563   0.680
          1.984 -   1.974     999      5650   0.512   0.560   0.219     999   2.184  0.8976  0.8445   5.71   3.09  0.9469     688  0.0229   0.704
          1.974 -   1.964     999      5357   0.547   0.602   0.243     999   1.998  0.8992  0.8496   5.42   2.93  0.9414     670 -0.0453   0.704
          1.964 -   1.955     999      5198   0.615   0.677   0.275     999   1.789  0.8672  0.8183   5.27   2.89  0.9432     673  0.0610   0.699
          1.955 -   1.945     999      5086   0.667   0.739   0.308     999   1.659  0.8817  0.8403   5.14   2.76  0.9271     675 -0.0050   0.664
          1.945 -   1.935     999      4880   0.771   0.856   0.361     999   1.383  0.8627  0.8141   4.95   2.70  0.8982     653  0.0268   0.680
          1.935 -   1.926    1000      4731   0.919   1.027   0.446    1000   1.182  0.8518  0.8116   4.79   2.57  0.8153     627 -0.0171   0.677
          1.926 -   1.916     999      4536   0.891   1.000   0.442     999   1.200  0.8509  0.7980   4.60   2.51  0.8038     599  0.0134   0.696
          1.916 -   1.907     999      4368   0.891   1.004   0.449     999   1.234  0.8243  0.7783   4.44   2.41  0.8461     571  0.0010   0.690
          1.907 -   1.898     999      4317   1.035   1.168   0.526     999   1.027  0.8395  0.7841   4.39   2.39  0.7749     575 -0.0105   0.694
          1.898 -   1.888     999      4093   1.176   1.334   0.613     999   0.870  0.8209  0.7548   4.18   2.29  0.7637     531 -0.0743   0.682
          1.888 -   1.879     999      3990   1.137   1.295   0.602     999   0.913  0.8263  0.7558   4.09   2.26  0.7309     517  0.0066   0.714
          1.879 -   1.871     999      3798   1.078   1.231   0.578     999   0.917  0.8162  0.7303   3.91   2.20  0.7834     488  0.0410   0.671
          1.871 -   1.862     999      3726   1.261   1.446   0.688     999   0.766  0.8102  0.7303   3.84   2.14  0.6617     463  0.0054   0.674
          1.862 -   1.853     999      3498   1.403   1.621   0.788     999   0.664  0.8236  0.7210   3.64   2.08  0.6592     422  0.0322   0.695
          1.853 -   1.845     999      3552   1.477   1.706   0.830     999   0.655  0.8005  0.7143   3.67   2.06  0.6062     446 -0.0031   0.657
          1.845 -   1.836     999      3352   1.649   1.922   0.959     999   0.576  0.7998  0.6970   3.48   1.97  0.5689     402  0.0005   0.695
          1.836 -   1.828     999      3289   2.080   2.431   1.223     999   0.452  0.7973  0.7050   3.43   1.95  0.5254     417 -0.0554   0.683
          1.828 -   1.820     999      3146   2.035   2.395   1.224     999   0.443  0.7854  0.6847   3.29   1.87  0.4246     377  0.0323   0.697
          1.820 -   1.812     999      3067   1.909   2.248   1.151     999   0.470  0.8031  0.6899   3.22   1.84  0.5594     360  0.0957   0.679
          1.812 -   1.804     999      2910   1.960   2.325   1.213     999   0.443  0.7720  0.6520   3.09   1.79  0.4507     322 -0.0066   0.685
          1.804 -   1.796     999      2845   2.900   3.456   1.823     999   0.285  0.7799  0.6595   3.02   1.74  0.3778     309 -0.0236   0.648
          1.796 -   1.788     999      2749   2.420   2.898   1.547     999   0.332  0.7774  0.6552   2.93   1.70  0.3516     286 -0.0161   0.665
          1.788 -   1.780     999      2603   2.313   2.768   1.479     999   0.320  0.7545  0.6047   2.83   1.70  0.3392     248 -0.1486   0.634
          1.780 -   1.772     999      2540   2.924   3.531   1.922     999   0.249  0.7691  0.6090   2.76   1.65  0.2181     235 -0.0144   0.670
          1.772 -   1.765     999      2469   2.657   3.227   1.777     999   0.275  0.7416  0.5930   2.70   1.62  0.2245     221 -0.0945   0.664
          1.765 -   1.757     999      2349   2.398   2.911   1.602     999   0.304  0.7534  0.5765   2.61   1.60  0.2693     208 -0.0437   0.661
          1.757 -   1.749     999      2307   2.842   3.475   1.946     999   0.259  0.7329  0.5593   2.57   1.58  0.3069     193  0.0401   0.718
          1.749 -   1.742     999      2174   3.576   4.391   2.481     999   0.185  0.7329  0.5429   2.46   1.54  0.2414     175  0.0406   0.675
          1.742 -   1.735     999      2188   2.877   3.524   1.984     999   0.249  0.7340  0.5412   2.48   1.54  0.2473     175  0.0254   0.680
          1.735 -   1.727     999      1990   4.601   5.681   3.251     999   0.194  0.7131  0.5053   2.31   1.47  0.1467     138 -0.0584   0.635
          1.727 -   1.720     999      1993   3.370   4.166   2.393     999   0.197  0.7218  0.5023   2.32   1.48  0.1259     129 -0.0581   0.662
          1.720 -   1.713     999      1805   3.452   4.313   2.531     999   0.160  0.7070  0.4670   2.17   1.43  0.1157     106 -0.0582   0.625
          1.713 -   1.705     999      1752   4.760   5.961   3.518     999   0.126  0.7030  0.4439   2.13   1.42  0.0975     103 -0.0848   0.647
          1.705 -   1.698     999      1624   4.368   5.519   3.311     999   0.134  0.7020  0.4316   2.02   1.36  0.1287      72 -0.0799   0.661
          1.698 -   1.691    1000      1534   4.113   5.213   3.150    1000   0.141  0.6897  0.4010   1.96   1.35  0.1566      54 -0.1235   0.632
          1.691 -   1.684     999      1469   6.252   8.027   4.959     999   0.063  0.6764  0.3865   1.90   1.30  0.0237      40  0.0100   0.667
          1.684 -   1.677     999      1360   4.720   6.055   3.737     999   0.067  0.6555  0.3534   1.83   1.29  0.1213      35  0.0573   0.671
          1.677 -   1.670     999      1321   6.355   8.277   5.230     999   0.031  0.6205  0.3298   1.79   1.26  0.0207      24  0.0224   0.643
          1.670 -   1.662     999      1228   6.938   9.051   5.741     999   0.027  0.6275  0.3108   1.72   1.23  0.0282      19  0.0570   0.680
          1.662 -   1.655     999      1167   7.613   9.937   6.301     999   0.005  0.5670  0.2681   1.69   1.25  0.0220      20  0.4566   0.668
          1.655 -   1.647     999      1104   7.219   9.461   6.040     999   0.011  0.5547  0.2528   1.65   1.22 -0.0193      15 -0.0842   0.703
          1.647 -   1.638     999      1047   5.371   7.027   4.474     999   0.032  0.5023  0.2176   1.61   1.22  0.0518      15  0.0918   0.673
          1.638 -   1.629     999      1068   4.541   6.002   3.883     999   0.017  0.4842  0.2165   1.61   1.19  0.0390      12  0.0564   0.636
          1.629 -   1.620     999      1005  22.551  30.139  19.803     999  -0.045  0.4478  0.1942   1.57   1.17 -0.1183       9  0.6609   0.695
          1.620 -   1.610     999       921  13.235  17.634  11.547     999  -0.084  0.4126  0.1626   1.52   1.16 -0.0577       6  0.7574   0.678
          1.610 -   1.600     999       836   7.005   9.439   6.277     999  -0.014  0.3677  0.1342   1.46   1.13 -0.0474       3 -0.7202   0.655
          1.600 -   1.588     999       739  16.916  23.026  15.530     999  -0.103  0.3159  0.1056   1.40   1.10 -0.0256       0  0.0000   0.649
          1.588 -   1.572     999       619  15.825  21.804  14.935     999  -0.097  0.2396  0.0685   1.33   1.06 -0.1025       0  0.0000   0.632
          1.572 -   1.540     999       338   0.000   0.000   0.000     999  -0.184  0.1066  0.0172   1.17   1.01 -0.0045       0  0.0000   0.609
 ------------------------------------------------------------------------------------------------------------------------------------------------
 Total:  98.665 -   1.540  114889    534911   0.048   0.053   0.020  114889  13.480  0.7346  0.6062   4.83   2.90  0.9996   54439  0.3813   0.810



                                              Overall  InnerShell  OuterShell
  ---------------------------------------------------------------------------
     Low resolution limit                      98.665      98.665       1.572
     High resolution limit                      1.540       8.341       1.540


     Rmerge  (all I+ & I-)                      0.048       0.016      -6.776
     Rmerge  (within I+/I-)                     0.043       0.011       4.023
     Rmeas   (all I+ & I-)                      0.053       0.018      -9.553
     Rmeas   (within I+/I-)                     0.050       0.012       5.689
     Rpim    (all I+ & I-)                      0.020       0.007      -6.730
     Rpim    (within I+/I-)                     0.025       0.006       4.023
     Total number of observations              554382        5475        1169
     Total number unique                       114889         999         999
     Mean(I)/sd(I)                               13.5        82.0        -0.2
     Completeness                                73.5        85.8        10.7
     Multiplicity                                 4.8         5.5         1.2
     CC(1/2)                                    1.000       0.999      -0.004


     Anomalous completeness                      60.6        76.1         1.7
     Anomalous multiplicity                       2.9         3.5         1.0
     CC(ano)                                    0.381       0.781         NA 
     |DANO|/sd(DANO)                            0.810       1.723       0.609



 W0 = unweighted
 W1 = 1/(sigI**2) weighted

 ---------------------------------------------------------------------------------------------------------------------------------------------------
                                  merged                         Rmerge            Rmeas              Rpim                  Completeness 
                            --------------------            ----------------  ----------------  ----------------  ----------------------------------
    BATCH     Nref <I/sigI>      <I>    <I/sigI>     #ref      W0      W1        W0      W1        W0      W1         All     Ano      -All    -Ano  
 ---------------------------------------------------------------------------------------------------------------------------------------------------
        1      455    9.473   3.036E+02    9.520      452    0.0515  0.1189    0.0547  0.1274    0.0180  0.0443    0.0029  0.0000    0.7346  0.6062
        2     1434    9.335   2.982E+02    9.359     1429    0.0428  0.1175    0.0461  0.1279    0.0166  0.0486    0.0119  0.0001    0.7346  0.6062
        3     1499    9.020   2.980E+02    9.011     1488    0.0418  0.1208    0.0450  0.1323    0.0160  0.0515    0.0210  0.0003    0.7345  0.6061
        4     1577    8.751   2.559E+02    8.772     1571    0.0465  0.1134    0.0502  0.1243    0.0182  0.0487    0.0303  0.0006    0.7345  0.6059
        5     1501    8.876   2.746E+02    8.905     1497    0.0425  0.1161    0.0459  0.1268    0.0165  0.0488    0.0389  0.0010    0.7344  0.6057
        6     1555    8.942   2.597E+02    8.948     1542    0.0451  0.1136    0.0487  0.1247    0.0177  0.0489    0.0475  0.0017    0.7344  0.6055
        7     1532    8.590   2.704E+02    8.610     1524    0.0472  0.1188    0.0510  0.1306    0.0185  0.0517    0.0560  0.0021    0.7343  0.6053
        8     1585    8.699   2.837E+02    8.689     1568    0.0462  0.1172    0.0497  0.1287    0.0177  0.0507    0.0648  0.0028    0.7343  0.6051
        9     1509    9.002   2.930E+02    9.025     1495    0.0457  0.1141    0.0494  0.1260    0.0180  0.0504    0.0726  0.0035    0.7341  0.6049
       10     1590    8.688   2.700E+02    8.712     1576    0.0444  0.1156    0.0480  0.1270    0.0175  0.0501    0.0810  0.0042    0.7340  0.6047
       11     1566    8.626   2.621E+02    8.649     1557    0.0459  0.1171    0.0494  0.1289    0.0178  0.0514    0.0890  0.0051    0.7339  0.6046
       12     1578    9.172   2.910E+02    9.189     1567    0.0435  0.1114    0.0469  0.1228    0.0169  0.0490    0.0967  0.0059    0.7339  0.6044
       13     1553    8.864   2.613E+02    8.900     1539    0.0461  0.1124    0.0499  0.1241    0.0182  0.0500    0.1043  0.0069    0.7338  0.6041
       14     1524    8.634   2.545E+02    8.646     1515    0.0467  0.1145    0.0502  0.1260    0.0180  0.0500    0.1114  0.0079    0.7337  0.6038
       15     1590    9.235   2.787E+02    9.296     1576    0.0447  0.1121    0.0482  0.1232    0.0173  0.0487    0.1185  0.0092    0.7336  0.6036
       16     1503    8.952   2.786E+02    8.980     1492    0.0435  0.1162    0.0469  0.1275    0.0168  0.0502    0.1253  0.0103    0.7335  0.6033
       17     1533    8.832   2.866E+02    8.837     1519    0.0445  0.1172    0.0479  0.1286    0.0171  0.0506    0.1320  0.0115    0.7334  0.6031
       18     1588    8.627   2.609E+02    8.664     1577    0.0480  0.1166    0.0519  0.1283    0.0189  0.0509    0.1385  0.0128    0.7334  0.6029
       19     1518    9.151   3.022E+02    9.194     1503    0.0421  0.1109    0.0454  0.1220    0.0164  0.0484    0.1449  0.0141    0.7333  0.6026
       20     1616    8.572   3.272E+02    8.595     1597    0.0475  0.1168    0.0512  0.1282    0.0184  0.0506    0.1514  0.0154    0.7332  0.6024
       21     1522    9.058   2.912E+02    9.091     1511    0.0439  0.1113    0.0472  0.1220    0.0166  0.0476    0.1574  0.0169    0.7330  0.6021
       22     1563    9.163   3.082E+02    9.194     1552    0.0392  0.1080    0.0424  0.1188    0.0155  0.0470    0.1632  0.0184    0.7330  0.6018
       23     1595    8.891   2.893E+02    8.901     1579    0.0399  0.1112    0.0431  0.1220    0.0156  0.0478    0.1694  0.0197    0.7329  0.6016
       24     1532    9.290   2.999E+02    9.312     1520    0.0409  0.1163    0.0439  0.1273    0.0156  0.0496    0.1748  0.0213    0.7328  0.6013
       25     1562    8.306   2.421E+02    8.368     1551    0.0499  0.1192    0.0540  0.1310    0.0196  0.0517    0.1803  0.0228    0.7327  0.6011
       26     1527    9.190   2.773E+02    9.204     1507    0.0452  0.1130    0.0487  0.1236    0.0175  0.0480    0.1855  0.0243    0.7326  0.6007
       27     1566    9.030   2.796E+02    9.072     1550    0.0418  0.1053    0.0449  0.1156    0.0160  0.0454    0.1907  0.0259    0.7325  0.6005
       28     1561    8.898   2.928E+02    8.904     1542    0.0382  0.1104    0.0412  0.1218    0.0149  0.0488    0.1959  0.0275    0.7324  0.6002
       29     1563    9.112   2.779E+02    9.151     1548    0.0427  0.1089    0.0460  0.1195    0.0164  0.0469    0.2007  0.0293    0.7322  0.5999
       30     1551    8.898   2.858E+02    8.928     1538    0.0390  0.1142    0.0423  0.1256    0.0155  0.0497    0.2057  0.0310    0.7321  0.5996
       31     1625    8.703   3.123E+02    8.724     1597    0.0435  0.1149    0.0469  0.1261    0.0168  0.0496    0.2107  0.0327    0.7320  0.5992
       32     1506    8.487   2.663E+02    8.514     1499    0.0449  0.1213    0.0484  0.1331    0.0175  0.0525    0.2153  0.0343    0.7318  0.5988
       33     1584    8.648   2.772E+02    8.696     1560    0.0421  0.1194    0.0454  0.1308    0.0163  0.0509    0.2201  0.0362    0.7318  0.5985
       34     1554    8.517   2.684E+02    8.523     1533    0.0440  0.1134    0.0476  0.1244    0.0173  0.0490    0.2245  0.0381    0.7316  0.5981
       35     1586    8.789   2.683E+02    8.823     1566    0.0469  0.1189    0.0506  0.1308    0.0182  0.0518    0.2293  0.0399    0.7314  0.5978
       36     1502    8.959   3.036E+02    8.948     1483    0.0411  0.1125    0.0443  0.1234    0.0159  0.0486    0.2334  0.0418    0.7313  0.5974
       37     1568    8.577   2.623E+02    8.602     1541    0.0467  0.1195    0.0502  0.1309    0.0178  0.0509    0.2378  0.0438    0.7312  0.5971
       38     1512    9.066   2.802E+02    9.071     1494    0.0442  0.1080    0.0482  0.1192    0.0181  0.0479    0.2418  0.0457    0.7310  0.5967
       39     1613    9.167   2.830E+02    9.183     1593    0.0426  0.1101    0.0460  0.1213    0.0167  0.0485    0.2462  0.0478    0.7309  0.5963
       40     1545    8.802   2.603E+02    8.822     1527    0.0425  0.1113    0.0458  0.1223    0.0165  0.0482    0.2503  0.0498    0.7307  0.5958
       41     1538    8.667   2.673E+02    8.660     1520    0.0439  0.1139    0.0473  0.1249    0.0169  0.0487    0.2542  0.0520    0.7306  0.5954
       42     1579    8.719   3.077E+02    8.757     1555    0.0462  0.1126    0.0498  0.1234    0.0179  0.0482    0.2581  0.0543    0.7304  0.5951
       43     1552    8.991   2.841E+02    9.015     1514    0.0413  0.1099    0.0447  0.1207    0.0164  0.0477    0.2621  0.0562    0.7303  0.5946
       44     1554    8.734   2.613E+02    8.765     1537    0.0453  0.1155    0.0489  0.1278    0.0177  0.0517    0.2658  0.0585    0.7300  0.5941
       45     1538    8.710   2.537E+02    8.725     1516    0.0439  0.1176    0.0474  0.1292    0.0173  0.0512    0.2696  0.0606    0.7298  0.5937
       46     1562    8.544   2.763E+02    8.553     1541    0.0425  0.1179    0.0459  0.1300    0.0166  0.0522    0.2733  0.0629    0.7296  0.5933
       47     1560    8.615   2.861E+02    8.640     1538    0.0415  0.1106    0.0449  0.1218    0.0164  0.0485    0.2772  0.0651    0.7294  0.5929
       48     1588    8.891   2.900E+02    8.931     1562    0.0437  0.1141    0.0472  0.1256    0.0173  0.0499    0.2811  0.0676    0.7292  0.5925
       49     1499    8.373   2.400E+02    8.392     1481    0.0481  0.1147    0.0519  0.1263    0.0188  0.0504    0.2845  0.0697    0.7290  0.5921
       50     1579    8.529   2.497E+02    8.534     1553    0.0462  0.1202    0.0501  0.1330    0.0185  0.0539    0.2881  0.0721    0.7289  0.5917
       51     1588    9.493   2.978E+02    9.521     1563    0.0404  0.1023    0.0437  0.1126    0.0158  0.0447    0.2917  0.0744    0.7286  0.5912
       52     1535    8.997   2.859E+02    9.014     1516    0.0428  0.1119    0.0462  0.1232    0.0168  0.0489    0.2952  0.0768    0.7284  0.5907
       53     1527    8.928   3.053E+02    8.930     1501    0.0420  0.1109    0.0455  0.1225    0.0168  0.0491    0.2985  0.0791    0.7283  0.5902
       54     1519    8.873   2.843E+02    8.860     1496    0.0420  0.1172    0.0453  0.1288    0.0165  0.0510    0.3017  0.0816    0.7280  0.5897
       55     1588    8.935   3.059E+02    8.954     1566    0.0438  0.1158    0.0472  0.1276    0.0169  0.0508    0.3052  0.0839    0.7278  0.5892
       56     1508    8.843   2.855E+02    8.898     1485    0.0412  0.1081    0.0447  0.1190    0.0163  0.0471    0.3084  0.0862    0.7276  0.5887
       57     1543    8.333   2.674E+02    8.352     1521    0.0452  0.1149    0.0489  0.1268    0.0180  0.0510    0.3117  0.0887    0.7274  0.5882
       58     1584    9.029   2.952E+02    9.031     1559    0.0431  0.1060    0.0467  0.1172    0.0172  0.0476    0.3153  0.0912    0.7272  0.5877
       59     1545    8.727   2.540E+02    8.755     1516    0.0459  0.1152    0.0497  0.1275    0.0182  0.0516    0.3185  0.0936    0.7269  0.5871
       60     1544    8.093   2.633E+02    8.082     1522    0.0448  0.1226    0.0484  0.1349    0.0177  0.0536    0.3217  0.0960    0.7267  0.5866
       61     1527    8.501   2.562E+02    8.526     1509    0.0474  0.1206    0.0512  0.1328    0.0185  0.0528    0.3247  0.0984    0.7265  0.5860
       62     1657    9.141   2.827E+02    9.150     1624    0.0439  0.1079    0.0473  0.1188    0.0170  0.0470    0.3281  0.1010    0.7263  0.5854
       63     1537    9.085   2.972E+02    9.090     1510    0.0431  0.1104    0.0465  0.1213    0.0169  0.0478    0.3311  0.1034    0.7260  0.5847
       64     1604    8.440   2.533E+02    8.464     1572    0.0454  0.1139    0.0491  0.1258    0.0180  0.0507    0.3344  0.1060    0.7258  0.5843
       65     1500    8.542   2.998E+02    8.575     1482    0.0425  0.1230    0.0461  0.1361    0.0170  0.0549    0.3375  0.1083    0.7255  0.5835
       66     1570    9.056   2.906E+02    9.074     1546    0.0438  0.1135    0.0473  0.1249    0.0171  0.0494    0.3404  0.1110    0.7252  0.5829
       67     1560    8.914   2.733E+02    8.911     1528    0.0434  0.1149    0.0471  0.1271    0.0173  0.0513    0.3435  0.1133    0.7250  0.5823
       68     1491    7.756   2.367E+02    7.780     1471    0.0475  0.1245    0.0515  0.1378    0.0189  0.0557    0.3465  0.1158    0.7247  0.5817
       69     1508    8.880   2.770E+02    8.896     1487    0.0438  0.1113    0.0473  0.1227    0.0172  0.0489    0.3493  0.1182    0.7245  0.5809
       70     1574    8.441   2.704E+02    8.437     1555    0.0478  0.1249    0.0518  0.1386    0.0190  0.0567    0.3523  0.1208    0.7242  0.5803
       71     1579    8.934   2.936E+02    8.945     1540    0.0415  0.1156    0.0449  0.1276    0.0163  0.0512    0.3553  0.1230    0.7239  0.5796
       72     1589    8.634   2.770E+02    8.651     1559    0.0437  0.1203    0.0473  0.1328    0.0172  0.0533    0.3583  0.1257    0.7236  0.5789
       73     1541    9.567   3.299E+02    9.581     1528    0.0384  0.1065    0.0415  0.1176    0.0152  0.0471    0.3609  0.1282    0.7233  0.5782
       74     1538    7.844   2.498E+02    7.853     1525    0.0478  0.1311    0.0516  0.1443    0.0188  0.0572    0.3636  0.1307    0.7231  0.5775
       75     1525    8.814   2.684E+02    8.819     1503    0.0421  0.1119    0.0455  0.1236    0.0167  0.0495    0.3663  0.1332    0.7228  0.5768
       76     1608    8.815   2.790E+02    8.831     1579    0.0427  0.1142    0.0462  0.1260    0.0167  0.0502    0.3692  0.1359    0.7225  0.5761
       77     1485    8.422   2.659E+02    8.461     1473    0.0460  0.1196    0.0500  0.1322    0.0185  0.0533    0.3719  0.1381    0.7221  0.5754
       78     1551    8.906   2.672E+02    8.921     1536    0.0419  0.1102    0.0453  0.1217    0.0164  0.0488    0.3744  0.1407    0.7220  0.5745
       79     1522    8.538   2.641E+02    8.574     1507    0.0440  0.1142    0.0477  0.1264    0.0176  0.0511    0.3769  0.1431    0.7217  0.5736
       80     1604    8.351   2.729E+02    8.381     1577    0.0401  0.1163    0.0434  0.1286    0.0160  0.0521    0.3798  0.1456    0.7213  0.5728
       81     1552    8.330   2.410E+02    8.288     1532    0.0467  0.1221    0.0505  0.1348    0.0185  0.0540    0.3826  0.1479    0.7210  0.5720
       82     1539    7.984   2.303E+02    8.018     1528    0.0492  0.1186    0.0535  0.1315    0.0199  0.0534    0.3850  0.1502    0.7208  0.5712
       83     1559    8.558   2.691E+02    8.568     1538    0.0477  0.1226    0.0516  0.1358    0.0188  0.0552    0.3877  0.1526    0.7205  0.5703
       84     1619    8.655   2.967E+02    8.683     1594    0.0391  0.1166    0.0423  0.1294    0.0156  0.0530    0.3904  0.1551    0.7201  0.5694
       85     1546    9.033   2.925E+02    9.033     1532    0.0394  0.1127    0.0427  0.1240    0.0156  0.0492    0.3928  0.1576    0.7197  0.5685
       86     1530    8.269   2.509E+02    8.278     1516    0.0460  0.1205    0.0499  0.1335    0.0183  0.0541    0.3953  0.1599    0.7195  0.5676
       87     1561    8.217   2.421E+02    8.229     1540    0.0478  0.1192    0.0517  0.1317    0.0188  0.0529    0.3978  0.1623    0.7192  0.5667
       88     1537    8.017   2.267E+02    8.047     1504    0.0511  0.1191    0.0554  0.1318    0.0205  0.0532    0.4002  0.1646    0.7189  0.5656
       89     1543    8.817   2.837E+02    8.863     1529    0.0430  0.1155    0.0467  0.1284    0.0172  0.0529    0.4028  0.1669    0.7184  0.5648
       90     1566    8.635   2.741E+02    8.673     1551    0.0435  0.1193    0.0471  0.1318    0.0172  0.0531    0.4053  0.1693    0.7181  0.5638
       91     1624    8.796   2.749E+02    8.805     1603    0.0420  0.1150    0.0455  0.1271    0.0166  0.0511    0.4077  0.1717    0.7178  0.5628
       92     1562    8.266   2.410E+02    8.277     1546    0.0465  0.1166    0.0506  0.1294    0.0188  0.0528    0.4101  0.1740    0.7174  0.5618
       93     1508    7.938   2.158E+02    7.976     1490    0.0525  0.1224    0.0571  0.1359    0.0215  0.0556    0.4125  0.1763    0.7170  0.5608
       94     1579    8.689   2.753E+02    8.733     1561    0.0445  0.1140    0.0482  0.1255    0.0177  0.0496    0.4148  0.1787    0.7166  0.5598
       95     1562    8.531   2.687E+02    8.557     1539    0.0425  0.1187    0.0462  0.1314    0.0174  0.0533    0.4170  0.1810    0.7163  0.5589
       96     1545    8.383   2.556E+02    8.417     1537    0.0435  0.1179    0.0473  0.1312    0.0177  0.0541    0.4192  0.1832    0.7159  0.5578
       97     1513    8.657   2.667E+02    8.675     1498    0.0454  0.1168    0.0492  0.1297    0.0182  0.0531    0.4214  0.1851    0.7155  0.5567
       98     1599    8.220   2.325E+02    8.249     1570    0.0506  0.1204    0.0550  0.1339    0.0205  0.0552    0.4239  0.1874    0.7151  0.5557
       99     1515    8.305   2.437E+02    8.343     1498    0.0485  0.1248    0.0527  0.1391    0.0197  0.0580    0.4262  0.1896    0.7146  0.5547
      100     1582    8.295   2.562E+02    8.306     1560    0.0483  0.1217    0.0525  0.1349    0.0195  0.0548    0.4285  0.1921    0.7143  0.5535
      101     1580    8.676   2.729E+02    8.678     1564    0.0440  0.1158    0.0477  0.1282    0.0175  0.0519    0.4307  0.1943    0.7138  0.5524
      102     1554    8.889   2.817E+02    8.904     1528    0.0428  0.1099    0.0464  0.1222    0.0170  0.0502    0.4328  0.1965    0.7133  0.5513
      103     1509    8.277   2.446E+02    8.277     1496    0.0464  0.1150    0.0502  0.1274    0.0184  0.0515    0.4346  0.1987    0.7128  0.5503
      104     1547    8.039   2.187E+02    8.042     1530    0.0515  0.1235    0.0560  0.1371    0.0208  0.0560    0.4367  0.2010    0.7124  0.5492
      105     1563    7.903   2.163E+02    7.935     1541    0.0507  0.1202    0.0551  0.1341    0.0206  0.0556    0.4387  0.2032    0.7119  0.5482
      106     1564    9.022   2.637E+02    9.008     1535    0.0472  0.1105    0.0511  0.1225    0.0186  0.0500    0.4410  0.2052    0.7114  0.5468
      107     1592    8.645   2.555E+02    8.646     1577    0.0435  0.1104    0.0473  0.1223    0.0174  0.0496    0.4431  0.2078    0.7108  0.5458
      108     1618    8.334   2.619E+02    8.390     1608    0.0449  0.1170    0.0487  0.1297    0.0179  0.0528    0.4452  0.2100    0.7102  0.5447
      109     1566    8.501   2.512E+02    8.526     1540    0.0450  0.1110    0.0489  0.1234    0.0181  0.0508    0.4472  0.2121    0.7097  0.5434
      110     1523    8.164   2.559E+02    8.169     1502    0.0464  0.1222    0.0503  0.1356    0.0186  0.0553    0.4490  0.2143    0.7092  0.5422
      111     1466    8.799   2.675E+02    8.848     1457    0.0463  0.1122    0.0502  0.1249    0.0184  0.0515    0.4506  0.2166    0.7086  0.5410
      112     1550    8.693   2.670E+02    8.670     1528    0.0448  0.1132    0.0486  0.1257    0.0179  0.0515    0.4524  0.2188    0.7081  0.5402
      113     1608    8.142   2.429E+02    8.166     1575    0.0461  0.1155    0.0500  0.1284    0.0185  0.0526    0.4546  0.2209    0.7074  0.5391
      114     1594    8.135   2.649E+02    8.151     1570    0.0432  0.1220    0.0470  0.1362    0.0175  0.0569    0.4565  0.2231    0.7067  0.5378
      115     1592    8.620   2.566E+02    8.633     1573    0.0469  0.1146    0.0508  0.1274    0.0186  0.0522    0.4585  0.2255    0.7061  0.5364
      116     1538    8.526   2.512E+02    8.561     1517    0.0452  0.1171    0.0491  0.1299    0.0183  0.0530    0.4603  0.2276    0.7054  0.5354
      117     1522    8.300   2.512E+02    8.374     1493    0.0452  0.1171    0.0491  0.1299    0.0182  0.0530    0.4621  0.2299    0.7046  0.5343
      118     1569    8.342   2.627E+02    8.366     1550    0.0470  0.1227    0.0510  0.1361    0.0187  0.0555    0.4638  0.2320    0.7040  0.5332
      119     1565    7.828   2.311E+02    7.847     1543    0.0484  0.1254    0.0526  0.1393    0.0195  0.0570    0.4655  0.2342    0.7034  0.5319
      120     1532    8.769   2.683E+02    8.789     1509    0.0423  0.1087    0.0459  0.1207    0.0169  0.0494    0.4673  0.2365    0.7027  0.5304
      121     1589    8.444   2.421E+02    8.468     1557    0.0448  0.1115    0.0487  0.1239    0.0180  0.0507    0.4693  0.2384    0.7020  0.5293
      122     1498    8.493   2.746E+02    8.503     1478    0.0410  0.1162    0.0445  0.1294    0.0165  0.0537    0.4710  0.2405    0.7013  0.5282
      123     1642    8.009   2.437E+02    8.037     1624    0.0465  0.1223    0.0506  0.1363    0.0190  0.0567    0.4728  0.2429    0.7005  0.5271
      124     1566    8.482   2.504E+02    8.484     1549    0.0448  0.1173    0.0488  0.1311    0.0182  0.0548    0.4743  0.2451    0.6998  0.5257
      125     1546    8.268   2.573E+02    8.295     1511    0.0431  0.1192    0.0468  0.1320    0.0172  0.0535    0.4759  0.2473    0.6990  0.5242
      126     1499    8.385   2.351E+02    8.402     1482    0.0463  0.1139    0.0504  0.1264    0.0189  0.0517    0.4774  0.2493    0.6981  0.5231
      127     1561    8.408   2.678E+02    8.442     1545    0.0419  0.1191    0.0457  0.1334    0.0173  0.0566    0.4790  0.2517    0.6974  0.5220
      128     1574    7.894   2.407E+02    7.898     1554    0.0465  0.1246    0.0508  0.1394    0.0194  0.0588    0.4807  0.2538    0.6966  0.5209
      129     1529    8.605   2.616E+02    8.610     1499    0.0441  0.1176    0.0479  0.1302    0.0177  0.0526    0.4823  0.2556    0.6957  0.5195
      130     1535    8.096   2.312E+02    8.146     1510    0.0477  0.1162    0.0519  0.1289    0.0193  0.0525    0.4840  0.2577    0.6949  0.5180
      131     1541    8.339   2.672E+02    8.375     1519    0.0439  0.1224    0.0477  0.1357    0.0177  0.0553    0.4854  0.2600    0.6941  0.5169
      132     1555    8.562   2.609E+02    8.588     1530    0.0430  0.1120    0.0467  0.1245    0.0174  0.0512    0.4867  0.2624    0.6932  0.5158
      133     1560    8.113   2.388E+02    8.107     1532    0.0438  0.1189    0.0475  0.1315    0.0174  0.0531    0.4881  0.2645    0.6922  0.5146
      134     1594    8.373   2.715E+02    8.387     1572    0.0408  0.1153    0.0443  0.1280    0.0162  0.0524    0.4897  0.2665    0.6914  0.5131
      135     1534    8.087   2.534E+02    8.103     1520    0.0428  0.1222    0.0468  0.1364    0.0178  0.0573    0.4913  0.2688    0.6906  0.5116
      136     1575    7.953   2.315E+02    7.965     1548    0.0488  0.1193    0.0532  0.1329    0.0200  0.0550    0.4929  0.2711    0.6897  0.5103
      137     1536    8.295   2.173E+02    8.322     1510    0.0490  0.1109    0.0532  0.1234    0.0196  0.0508    0.4943  0.2730    0.6888  0.5090
      138     1562    8.081   2.437E+02    8.115     1532    0.0473  0.1228    0.0515  0.1360    0.0192  0.0551    0.4957  0.2750    0.6879  0.5076
      139     1544    8.515   2.702E+02    8.501     1523    0.0403  0.1173    0.0437  0.1302    0.0161  0.0533    0.4968  0.2773    0.6869  0.5062
      140     1545    8.155   2.390E+02    8.131     1517    0.0451  0.1150    0.0491  0.1284    0.0184  0.0536    0.4981  0.2797    0.6859  0.5049
      141     1604    7.940   2.437E+02    7.998     1585    0.0448  0.1230    0.0487  0.1362    0.0181  0.0550    0.4996  0.2817    0.6848  0.5036
      142     1511    8.556   2.659E+02    8.606     1479    0.0429  0.1116    0.0467  0.1245    0.0174  0.0522    0.5012  0.2838    0.6840  0.5022
      143     1567    8.055   2.486E+02    8.060     1535    0.0458  0.1261    0.0497  0.1404    0.0182  0.0581    0.5025  0.2857    0.6831  0.5008
      144     1621    7.767   2.353E+02    7.788     1596    0.0458  0.1220    0.0501  0.1363    0.0190  0.0572    0.5038  0.2881    0.6820  0.4995
      145     1564    9.048   2.826E+02    9.055     1538    0.0414  0.1119    0.0450  0.1238    0.0166  0.0499    0.5051  0.2901    0.6807  0.4977
      146     1487    7.822   2.110E+02    7.838     1464    0.0491  0.1183    0.0534  0.1318    0.0201  0.0546    0.5064  0.2921    0.6798  0.4963
      147     1526    7.787   2.223E+02    7.810     1498    0.0480  0.1238    0.0525  0.1383    0.0200  0.0580    0.5076  0.2944    0.6790  0.4950
      148     1615    8.137   2.487E+02    8.158     1593    0.0429  0.1235    0.0468  0.1377    0.0177  0.0573    0.5089  0.2967    0.6779  0.4936
      149     1543    8.136   2.475E+02    8.155     1517    0.0439  0.1180    0.0479  0.1321    0.0181  0.0558    0.5103  0.2985    0.6766  0.4921
      150     1535    8.095   2.156E+02    8.123     1509    0.0483  0.1149    0.0525  0.1280    0.0196  0.0532    0.5116  0.3004    0.6755  0.4905
      151     1523    8.403   2.527E+02    8.419     1498    0.0447  0.1185    0.0485  0.1310    0.0179  0.0527    0.5126  0.3023    0.6746  0.4890
      152     1596    7.779   2.143E+02    7.782     1575    0.0502  0.1243    0.0548  0.1387    0.0207  0.0578    0.5139  0.3046    0.6736  0.4875
      153     1603    7.983   2.455E+02    8.002     1576    0.0443  0.1214    0.0484  0.1354    0.0184  0.0564    0.5152  0.3066    0.6723  0.4861
      154     1511    8.268   2.485E+02    8.265     1490    0.0441  0.1222    0.0480  0.1362    0.0179  0.0566    0.5165  0.3085    0.6711  0.4845
      155     1553    7.963   2.315E+02    7.999     1525    0.0463  0.1176    0.0504  0.1307    0.0189  0.0538    0.5178  0.3103    0.6702  0.4829
      156     1605    7.397   2.153E+02    7.450     1587    0.0496  0.1348    0.0542  0.1504    0.0208  0.0630    0.5189  0.3124    0.6692  0.4813
      157     1523    8.089   2.391E+02    8.054     1498    0.0460  0.1212    0.0500  0.1346    0.0187  0.0553    0.5200  0.3143    0.6681  0.4796
      158     1561    7.752   2.144E+02    7.800     1528    0.0490  0.1242    0.0533  0.1379    0.0199  0.0566    0.5213  0.3161    0.6667  0.4782
      159     1543    8.443   2.617E+02    8.438     1511    0.0418  0.1193    0.0454  0.1326    0.0170  0.0546    0.5225  0.3179    0.6655  0.4764
      160     1538    7.624   2.237E+02    7.670     1522    0.0468  0.1288    0.0512  0.1437    0.0195  0.0600    0.5237  0.3199    0.6644  0.4750
      161     1589    7.848   2.383E+02    7.872     1568    0.0444  0.1233    0.0484  0.1377    0.0182  0.0578    0.5248  0.3217    0.6633  0.4735
      162     1579    7.336   2.033E+02    7.358     1531    0.0493  0.1289    0.0537  0.1437    0.0203  0.0600    0.5260  0.3237    0.6620  0.4718
      163     1582    7.928   2.309E+02    7.938     1549    0.0449  0.1184    0.0488  0.1316    0.0182  0.0543    0.5272  0.3255    0.6605  0.4701
      164     1595    8.233   2.318E+02    8.205     1573    0.0457  0.1164    0.0499  0.1301    0.0190  0.0548    0.5285  0.3275    0.6595  0.4686
      165     1542    7.632   2.190E+02    7.654     1516    0.0473  0.1206    0.0516  0.1346    0.0196  0.0563    0.5295  0.3294    0.6583  0.4669
      166     1540    8.165   2.353E+02    8.182     1507    0.0450  0.1140    0.0491  0.1271    0.0185  0.0528    0.5307  0.3311    0.6570  0.4651
      167     1536    7.816   2.214E+02    7.865     1500    0.0467  0.1188    0.0508  0.1318    0.0191  0.0542    0.5319  0.3330    0.6556  0.4635
      168     1580    7.823   2.158E+02    7.862     1547    0.0468  0.1256    0.0510  0.1395    0.0193  0.0576    0.5329  0.3346    0.6544  0.4622
      169     1577    8.187   2.422E+02    8.221     1548    0.0421  0.1201    0.0460  0.1338    0.0176  0.0557    0.5340  0.3365    0.6532  0.4604
      170     1589    7.673   2.174E+02    7.714     1557    0.0468  0.1180    0.0510  0.1313    0.0193  0.0543    0.5352  0.3384    0.6518  0.4588
      171     1594    7.545   2.210E+02    7.543     1556    0.0461  0.1260    0.0503  0.1405    0.0192  0.0588    0.5363  0.3401    0.6506  0.4570
      172     1583    7.760   1.995E+02    7.784     1539    0.0493  0.1482    0.0537  0.1653    0.0202  0.0696    0.5375  0.3420    0.6490  0.4552
      173     1449    7.624   2.259E+02    7.665     1427    0.0481  0.1276    0.0524  0.1423    0.0197  0.0594    0.5386  0.3438    0.6475  0.4537
      174     1583    8.079   2.362E+02    8.137     1552    0.0460  0.1280    0.0500  0.1425    0.0188  0.0591    0.5396  0.3457    0.6464  0.4522
      175     1595    7.925   2.148E+02    7.936     1560    0.0479  0.1194    0.0523  0.1336    0.0199  0.0567    0.5407  0.3475    0.6450  0.4504
      176     1607    7.816   2.308E+02    7.816     1568    0.0460  0.1426    0.0500  0.1586    0.0186  0.0663    0.5419  0.3494    0.6436  0.4485
      177     1556    7.903   2.270E+02    7.955     1527    0.0475  0.1313    0.0517  0.1465    0.0195  0.0613    0.5429  0.3511    0.6421  0.4467
      178     1544    7.801   2.001E+02    7.769     1511    0.0494  0.1293    0.0538  0.1440    0.0202  0.0599    0.5438  0.3528    0.6407  0.4448
      179     1485    7.513   1.968E+02    7.587     1447    0.0524  0.1290    0.0571  0.1433    0.0216  0.0590    0.5448  0.3545    0.6393  0.4432
      180     1581    7.717   2.204E+02    7.754     1539    0.0433  0.1312    0.0471  0.1460    0.0178  0.0607    0.5459  0.3563    0.6379  0.4417
      181     1636    7.935   2.092E+02    7.979     1599    0.0485  0.1227    0.0529  0.1369    0.0202  0.0574    0.5469  0.3583    0.6364  0.4399
      182     1532    7.625   2.096E+02    7.656     1500    0.0475  0.1288    0.0520  0.1435    0.0201  0.0598    0.5480  0.3600    0.6348  0.4381
      183     1587    7.651   2.067E+02    7.693     1550    0.0460  0.1263    0.0502  0.1413    0.0189  0.0596    0.5490  0.3618    0.6335  0.4365
      184     1542    7.729   1.971E+02    7.749     1508    0.0472  0.1173    0.0516  0.1313    0.0196  0.0555    0.5501  0.3634    0.6319  0.4345
      185     1573    7.671   1.812E+02    7.723     1528    0.0505  0.1179    0.0553  0.1319    0.0214  0.0560    0.5512  0.3653    0.6305  0.4327
      186     1539    7.596   2.065E+02    7.616     1497    0.0470  0.1286    0.0510  0.1428    0.0190  0.0589    0.5522  0.3672    0.6290  0.4309
      187     1586    7.321   1.976E+02    7.385     1545    0.0455  0.1290    0.0497  0.1439    0.0190  0.0603    0.5531  0.3690    0.6273  0.4291
      188     1550    7.926   2.056E+02    8.010     1513    0.0448  0.1149    0.0486  0.1274    0.0181  0.0519    0.5541  0.3708    0.6256  0.4272
      189     1579    7.788   1.959E+02    7.970     1544    0.0492  0.1164    0.0537  0.1300    0.0205  0.0546    0.5551  0.3727    0.6241  0.4256
      190     1532    7.418   1.820E+02    7.790     1479    0.0501  0.1269    0.0545  0.1412    0.0204  0.0586    0.5562  0.3745    0.6224  0.4235
      191     1609    7.438   1.949E+02    7.883     1558    0.0482  0.1312    0.0528  0.1469    0.0204  0.0622    0.5572  0.3765    0.6208  0.4218
      192     1614    7.165   1.858E+02    8.004     1572    0.0484  0.1312    0.0528  0.1463    0.0201  0.0613    0.5583  0.3784    0.6190  0.4199
      193     1559    7.394   1.945E+02    8.590     1512    0.0488  0.1312    0.0533  0.1461    0.0204  0.0608    0.5592  0.3800    0.6173  0.4180
      194     1569    7.779   1.992E+02    8.743     1516    0.0459  0.1202    0.0500  0.1342    0.0191  0.0563    0.5604  0.3817    0.6156  0.4162
      195     1591    7.569   1.885E+02    8.196     1535    0.0473  0.1207    0.0515  0.1342    0.0192  0.0554    0.5616  0.3833    0.6139  0.4144
      196     1502    7.576   2.264E+02    7.876     1455    0.0422  0.1246    0.0462  0.1391    0.0178  0.0588    0.5628  0.3849    0.6121  0.4126
      197     1542    7.611   2.097E+02    7.824     1496    0.0463  0.1267    0.0505  0.1412    0.0193  0.0589    0.5639  0.3863    0.6104  0.4106
      198     1612    7.852   2.032E+02    7.965     1567    0.0440  0.1197    0.0481  0.1336    0.0185  0.0561    0.5653  0.3876    0.6088  0.4086
      199     1541    7.628   1.987E+02    7.660     1486    0.0481  0.1243    0.0526  0.1382    0.0202  0.0572    0.5665  0.3891    0.6072  0.4067
      200     1543    7.062   1.733E+02    7.119     1492    0.0510  0.1272    0.0559  0.1418    0.0216  0.0591    0.5677  0.3907    0.6054  0.4047
      201     1635    7.623   2.092E+02    7.715     1575    0.0459  0.1245    0.0501  0.1389    0.0190  0.0585    0.5690  0.3923    0.6036  0.4028
      202     1559    7.391   1.803E+02    7.392     1514    0.0490  0.1256    0.0537  0.1408    0.0208  0.0600    0.5701  0.3938    0.6017  0.4009
      203     1544    7.182   1.968E+02    7.214     1492    0.0468  0.1264    0.0511  0.1409    0.0194  0.0588    0.5714  0.3952    0.6000  0.3988
      204     1568    7.612   2.022E+02    7.624     1517    0.0456  0.1229    0.0498  0.1372    0.0190  0.0579    0.5727  0.3965    0.5983  0.3969
      205     1542    7.582   1.997E+02    7.623     1488    0.0505  0.1285    0.0552  0.1434    0.0212  0.0603    0.5739  0.3980    0.5965  0.3947
      206     1518    7.691   1.942E+02    7.738     1458    0.0494  0.1231    0.0538  0.1366    0.0203  0.0561    0.5749  0.3995    0.5949  0.3927
      207     1531    6.774   1.856E+02    6.844     1478    0.0541  0.1479    0.0592  0.1651    0.0229  0.0695    0.5760  0.4010    0.5931  0.3908
      208     1585    7.810   2.165E+02    7.809     1537    0.0462  0.1231    0.0504  0.1371    0.0191  0.0573    0.5771  0.4025    0.5912  0.3889
      209     1628    7.698   2.165E+02    7.724     1576    0.0447  0.1202    0.0489  0.1342    0.0188  0.0566    0.5784  0.4040    0.5892  0.3868
      210     1638    7.227   1.845E+02    7.197     1566    0.0530  0.1290    0.0579  0.1439    0.0222  0.0606    0.5797  0.4055    0.5874  0.3845
      211     1557    6.968   1.784E+02    6.969     1487    0.0493  0.1312    0.0540  0.1465    0.0208  0.0619    0.5812  0.4070    0.5853  0.3822
      212     1590    7.542   2.020E+02    7.557     1525    0.0482  0.1289    0.0527  0.1439    0.0202  0.0605    0.5823  0.4086    0.5835  0.3803
      213     1491    7.599   2.042E+02    7.632     1431    0.0484  0.1195    0.0529  0.1335    0.0203  0.0561    0.5833  0.4100    0.5816  0.3782
      214     1575    7.600   1.876E+02    7.631     1515    0.0503  0.1197    0.0550  0.1337    0.0212  0.0562    0.5845  0.4114    0.5797  0.3763
      215     1557    7.170   1.849E+02    7.212     1495    0.0525  0.1283    0.0573  0.1428    0.0219  0.0594    0.5856  0.4127    0.5778  0.3739
      216     1548    6.947   1.861E+02    7.010     1478    0.0504  0.1270    0.0551  0.1417    0.0213  0.0598    0.5869  0.4141    0.5758  0.3718
      217     1556    7.437   2.050E+02    7.451     1493    0.0480  0.1258    0.0525  0.1407    0.0203  0.0598    0.5881  0.4156    0.5738  0.3695
      218     1602    7.264   1.822E+02    7.316     1537    0.0557  0.1347    0.0611  0.1501    0.0238  0.0630    0.5894  0.4170    0.5718  0.3674
      219     1550    7.679   2.079E+02    7.627     1485    0.0470  0.1225    0.0512  0.1364    0.0195  0.0568    0.5905  0.4185    0.5699  0.3651
      220     1516    7.216   2.203E+02    7.248     1447    0.0443  0.1307    0.0483  0.1454    0.0184  0.0605    0.5915  0.4198    0.5679  0.3629
      221     1548    7.369   2.037E+02    7.392     1481    0.0471  0.1220    0.0513  0.1359    0.0194  0.0566    0.5926  0.4214    0.5659  0.3607
      222     1601    7.485   1.943E+02    7.520     1537    0.0500  0.1261    0.0546  0.1405    0.0208  0.0588    0.5938  0.4230    0.5639  0.3584
      223     1562    6.845   1.769E+02    6.858     1492    0.0546  0.1366    0.0596  0.1526    0.0229  0.0647    0.5949  0.4246    0.5618  0.3561
      224     1599    7.178   1.830E+02    7.184     1533    0.0514  0.1268    0.0561  0.1411    0.0214  0.0588    0.5962  0.4262    0.5597  0.3539
      225     1606    7.396   2.080E+02    7.441     1537    0.0476  0.1301    0.0521  0.1453    0.0200  0.0617    0.5975  0.4277    0.5577  0.3517
      226     1514    7.471   2.159E+02    7.513     1446    0.0464  0.1247    0.0507  0.1389    0.0195  0.0581    0.5986  0.4291    0.5555  0.3495
      227     1573    7.285   1.846E+02    7.291     1514    0.0521  0.1272    0.0569  0.1414    0.0217  0.0584    0.5995  0.4306    0.5534  0.3474
      228     1528    7.353   2.073E+02    7.382     1461    0.0479  0.1270    0.0526  0.1417    0.0206  0.0597    0.6005  0.4319    0.5512  0.3452
      229     1518    7.186   1.924E+02    7.208     1449    0.0499  0.1327    0.0546  0.1486    0.0212  0.0635    0.6016  0.4334    0.5490  0.3430
      230     1556    7.637   2.089E+02    7.667     1485    0.0460  0.1203    0.0502  0.1346    0.0191  0.0570    0.6027  0.4348    0.5469  0.3406
      231     1532    7.068   1.841E+02    7.106     1462    0.0528  0.1309    0.0579  0.1472    0.0226  0.0633    0.6039  0.4361    0.5446  0.3383
      232     1581    7.305   1.930E+02    7.324     1518    0.0510  0.1269    0.0559  0.1414    0.0217  0.0592    0.6050  0.4375    0.5425  0.3359
      233     1576    7.229   1.999E+02    7.248     1503    0.0466  0.1217    0.0511  0.1365    0.0198  0.0585    0.6061  0.4390    0.5403  0.3336
      234     1619    7.174   1.835E+02    7.172     1546    0.0520  0.1268    0.0569  0.1417    0.0218  0.0601    0.6073  0.4405    0.5380  0.3311
      235     1486    7.140   1.819E+02    7.192     1415    0.0529  0.1323    0.0577  0.1470    0.0220  0.0610    0.6083  0.4418    0.5357  0.3288
      236     1624    6.732   1.672E+02    6.734     1538    0.0525  0.1268    0.0575  0.1417    0.0223  0.0602    0.6095  0.4434    0.5335  0.3267
      237     1477    7.520   2.046E+02    7.528     1420    0.0446  0.1217    0.0488  0.1362    0.0189  0.0578    0.6104  0.4449    0.5311  0.3242
      238     1600    7.155   1.701E+02    7.205     1523    0.0568  0.1276    0.0622  0.1424    0.0242  0.0600    0.6116  0.4464    0.5290  0.3219
      239     1603    6.870   1.852E+02    6.884     1525    0.0521  0.1336    0.0569  0.1494    0.0220  0.0634    0.6127  0.4478    0.5266  0.3193
      240     1534    7.338   1.830E+02    7.328     1468    0.0497  0.1277    0.0544  0.1423    0.0210  0.0596    0.6138  0.4491    0.5243  0.3167
      241     1575    7.284   1.995E+02    7.314     1499    0.0489  0.1238    0.0536  0.1387    0.0209  0.0592    0.6150  0.4505    0.5220  0.3143
      242     1648    6.782   1.873E+02    6.801     1566    0.0485  0.1359    0.0533  0.1524    0.0210  0.0653    0.6162  0.4520    0.5196  0.3120
      243     1497    7.394   2.078E+02    7.445     1418    0.0516  0.1238    0.0564  0.1376    0.0218  0.0573    0.6172  0.4533    0.5172  0.3092
      244     1493    6.637   1.698E+02    6.637     1414    0.0529  0.1340    0.0578  0.1492    0.0222  0.0622    0.6182  0.4546    0.5149  0.3069
      245     1551    6.666   1.686E+02    6.673     1484    0.0526  0.1404    0.0576  0.1574    0.0225  0.0676    0.6193  0.4560    0.5126  0.3047
      246     1581    7.483   2.033E+02    7.540     1515    0.0492  0.1241    0.0540  0.1379    0.0210  0.0572    0.6203  0.4574    0.5102  0.3022
      247     1547    6.713   1.784E+02    6.730     1468    0.0513  0.1370    0.0562  0.1527    0.0219  0.0642    0.6214  0.4587    0.5078  0.2996
      248     1587    6.964   1.743E+02    6.985     1506    0.0509  0.1257    0.0559  0.1410    0.0219  0.0606    0.6226  0.4602    0.5054  0.2973
      249     1531    6.906   1.767E+02    6.936     1448    0.0508  0.1295    0.0557  0.1447    0.0217  0.0613    0.6238  0.4616    0.5029  0.2946
      250     1560    6.905   1.793E+02    6.904     1496    0.0510  0.1285    0.0559  0.1436    0.0219  0.0610    0.6250  0.4629    0.5004  0.2921
      251     1566    6.767   1.596E+02    6.801     1498    0.0568  0.1313    0.0623  0.1468    0.0245  0.0623    0.6261  0.4644    0.4980  0.2892
      252     1552    6.937   1.933E+02    6.968     1476    0.0524  0.1385    0.0574  0.1547    0.0222  0.0655    0.6272  0.4659    0.4957  0.2866
      253     1588    7.071   1.937E+02    7.057     1505    0.0483  0.1311    0.0528  0.1464    0.0205  0.0618    0.6283  0.4674    0.4931  0.2841
      254     1544    6.903   1.850E+02    6.929     1469    0.0531  0.1385    0.0582  0.1540    0.0226  0.0643    0.6293  0.4688    0.4904  0.2816
      255     1572    6.928   1.764E+02    6.927     1497    0.0533  0.1279    0.0582  0.1428    0.0224  0.0604    0.6303  0.4702    0.4881  0.2788
      256     1508    6.392   1.419E+02    6.405     1430    0.0623  0.1351    0.0683  0.1505    0.0267  0.0632    0.6314  0.4716    0.4855  0.2762
      257     1534    6.314   1.528E+02    6.336     1460    0.0586  0.1436    0.0646  0.1606    0.0257  0.0685    0.6324  0.4730    0.4831  0.2737
      258     1598    6.966   1.781E+02    6.950     1509    0.0511  0.1340    0.0560  0.1504    0.0218  0.0645    0.6336  0.4743    0.4804  0.2711
      259     1542    7.274   1.797E+02    7.252     1465    0.0510  0.1285    0.0559  0.1439    0.0219  0.0616    0.6348  0.4757    0.4776  0.2684
      260     1609    6.348   1.443E+02    6.367     1523    0.0597  0.1348    0.0656  0.1507    0.0260  0.0642    0.6359  0.4771    0.4751  0.2656
      261     1537    7.167   1.839E+02    7.180     1469    0.0522  0.1287    0.0571  0.1434    0.0221  0.0602    0.6368  0.4784    0.4725  0.2629
      262     1569    6.836   1.769E+02    6.850     1476    0.0505  0.1357    0.0558  0.1530    0.0224  0.0668    0.6381  0.4797    0.4699  0.2603
      263     1628    6.673   1.781E+02    6.691     1533    0.0552  0.1387    0.0605  0.1553    0.0236  0.0662    0.6393  0.4811    0.4672  0.2573
      264     1551    7.278   1.836E+02    7.305     1468    0.0532  0.1360    0.0586  0.1528    0.0233  0.0660    0.6404  0.4824    0.4644  0.2546
      265     1565    6.706   1.619E+02    6.739     1485    0.0586  0.1344    0.0643  0.1504    0.0251  0.0641    0.6415  0.4836    0.4615  0.2517
      266     1530    6.986   1.667E+02    6.991     1458    0.0537  0.1256    0.0589  0.1406    0.0232  0.0600    0.6424  0.4849    0.4587  0.2490
      267     1565    6.453   1.521E+02    6.461     1474    0.0591  0.1418    0.0651  0.1588    0.0260  0.0680    0.6436  0.4864    0.4560  0.2463
      268     1551    6.775   1.679E+02    6.823     1466    0.0562  0.1391    0.0617  0.1553    0.0243  0.0657    0.6447  0.4877    0.4531  0.2433
      269     1550    7.047   1.719E+02    7.035     1467    0.0561  0.1334    0.0615  0.1493    0.0241  0.0636    0.6458  0.4890    0.4504  0.2405
      270     1598    6.499   1.572E+02    6.512     1519    0.0582  0.1442    0.0640  0.1612    0.0253  0.0683    0.6468  0.4904    0.4475  0.2377
      271     1522    6.503   1.587E+02    6.530     1440    0.0563  0.1391    0.0617  0.1556    0.0241  0.0663    0.6479  0.4917    0.4445  0.2346
      272     1538    6.534   1.618E+02    6.576     1454    0.0583  0.1406    0.0638  0.1566    0.0247  0.0657    0.6490  0.4929    0.4419  0.2318
      273     1573    6.568   1.544E+02    6.574     1488    0.0591  0.1373    0.0646  0.1530    0.0249  0.0640    0.6500  0.4942    0.4392  0.2288
      274     1607    7.170   1.936E+02    7.177     1523    0.0478  0.1316    0.0525  0.1474    0.0206  0.0632    0.6511  0.4956    0.4363  0.2258
      275     1541    6.437   1.493E+02    6.404     1443    0.0602  0.1410    0.0661  0.1580    0.0260  0.0674    0.6523  0.4970    0.4334  0.2227
      276     1574    6.667   1.640E+02    6.708     1480    0.0533  0.1355    0.0586  0.1510    0.0232  0.0636    0.6533  0.4983    0.4305  0.2198
      277     1545    6.243   1.496E+02    6.257     1472    0.0593  0.1502    0.0654  0.1685    0.0264  0.0728    0.6544  0.4998    0.4273  0.2168
      278     1593    7.324   1.828E+02    7.354     1504    0.0503  0.1295    0.0553  0.1452    0.0219  0.0624    0.6555  0.5012    0.4246  0.2136
      279     1590    6.652   1.597E+02    6.674     1497    0.0562  0.1410    0.0620  0.1584    0.0248  0.0686    0.6566  0.5026    0.4215  0.2104
      280     1559    6.468   1.530E+02    6.515     1471    0.0597  0.1427    0.0657  0.1600    0.0262  0.0687    0.6576  0.5039    0.4182  0.2074
      281     1520    6.925   1.608E+02    6.939     1431    0.0555  0.1368    0.0612  0.1543    0.0244  0.0678    0.6586  0.5052    0.4151  0.2043
      282     1539    6.080   1.417E+02    6.092     1453    0.0642  0.1453    0.0707  0.1624    0.0283  0.0690    0.6597  0.5066    0.4119  0.2015
      283     1603    6.950   1.768E+02    6.976     1516    0.0517  0.1319    0.0569  0.1473    0.0227  0.0626    0.6607  0.5080    0.4089  0.1983
      284     1564    6.708   1.623E+02    6.718     1475    0.0574  0.1433    0.0631  0.1605    0.0250  0.0688    0.6618  0.5093    0.4058  0.1948
      285     1564    6.158   1.395E+02    6.182     1474    0.0622  0.1443    0.0685  0.1621    0.0274  0.0702    0.6628  0.5107    0.4026  0.1917
      286     1586    6.288   1.438E+02    6.296     1491    0.0609  0.1392    0.0672  0.1568    0.0270  0.0684    0.6640  0.5122    0.3994  0.1885
      287     1555    6.915   1.685E+02    6.946     1468    0.0539  0.1335    0.0592  0.1491    0.0234  0.0629    0.6651  0.5133    0.3960  0.1853
      288     1532    6.726   1.768E+02    6.733     1443    0.0548  0.1500    0.0604  0.1685    0.0241  0.0728    0.6661  0.5146    0.3928  0.1819
      289     1594    5.915   1.446E+02    5.926     1482    0.0608  0.1489    0.0669  0.1665    0.0265  0.0708    0.6674  0.5160    0.3895  0.1787
      290     1548    6.889   1.700E+02    6.940     1461    0.0541  0.1370    0.0596  0.1535    0.0239  0.0658    0.6684  0.5173    0.3862  0.1755
      291     1605    6.880   1.795E+02    6.874     1501    0.0528  0.1382    0.0580  0.1546    0.0228  0.0658    0.6695  0.5185    0.3829  0.1721
      292     1556    6.292   1.484E+02    6.283     1455    0.0560  0.1394    0.0620  0.1565    0.0252  0.0676    0.6706  0.5201    0.3794  0.1686
      293     1626    6.571   1.600E+02    6.582     1538    0.0539  0.1388    0.0593  0.1555    0.0237  0.0667    0.6716  0.5215    0.3760  0.1653
      294     1497    7.203   1.753E+02    7.205     1404    0.0507  0.1265    0.0559  0.1424    0.0225  0.0622    0.6727  0.5228    0.3725  0.1618
      295     1612    6.108   1.497E+02    6.152     1517    0.0593  0.1530    0.0656  0.1721    0.0265  0.0746    0.6737  0.5243    0.3692  0.1586
      296     1544    6.399   1.617E+02    6.404     1438    0.0554  0.1456    0.0610  0.1625    0.0243  0.0688    0.6748  0.5257    0.3656  0.1550
      297     1578    6.353   1.461E+02    6.386     1496    0.0587  0.1387    0.0648  0.1564    0.0262  0.0685    0.6758  0.5271    0.3620  0.1516
      298     1533    6.536   1.641E+02    6.573     1432    0.0539  0.1460    0.0593  0.1632    0.0236  0.0696    0.6768  0.5284    0.3583  0.1481
      299     1598    6.493   1.491E+02    6.535     1507    0.0592  0.1444    0.0654  0.1627    0.0265  0.0712    0.6779  0.5299    0.3549  0.1447
      300     1578    6.319   1.455E+02    6.327     1483    0.0626  0.1447    0.0692  0.1630    0.0280  0.0713    0.6790  0.5313    0.3514  0.1409
      301     1568    6.308   1.581E+02    6.326     1480    0.0550  0.1469    0.0608  0.1655    0.0247  0.0723    0.6799  0.5327    0.3475  0.1374
      302     1566    6.503   1.607E+02    6.532     1474    0.0541  0.1444    0.0599  0.1627    0.0245  0.0710    0.6810  0.5340    0.3438  0.1340
      303     1567    6.140   1.376E+02    6.145     1467    0.0611  0.1566    0.0674  0.1754    0.0271  0.0753    0.6820  0.5355    0.3401  0.1307
      304     1517    6.143   1.519E+02    6.160     1432    0.0577  0.1524    0.0638  0.1712    0.0259  0.0743    0.6830  0.5367    0.3363  0.1270
      305     1613    6.310   1.583E+02    6.306     1516    0.0570  0.1499    0.0630  0.1689    0.0256  0.0739    0.6841  0.5382    0.3325  0.1236
      306     1575    6.093   1.431E+02    6.105     1482    0.0569  0.1424    0.0632  0.1609    0.0260  0.0709    0.6851  0.5396    0.3284  0.1200
      307     1575    6.336   1.531E+02    6.341     1495    0.0613  0.1463    0.0676  0.1644    0.0271  0.0713    0.6860  0.5410    0.3244  0.1165
      308     1528    6.020   1.461E+02    6.034     1426    0.0584  0.1465    0.0647  0.1656    0.0265  0.0730    0.6870  0.5424    0.3205  0.1127
      309     1561    6.273   1.433E+02    6.299     1454    0.0605  0.1436    0.0670  0.1615    0.0272  0.0703    0.6881  0.5439    0.3163  0.1093
      310     1580    6.530   1.551E+02    6.543     1483    0.0562  0.1389    0.0620  0.1555    0.0249  0.0665    0.6891  0.5452    0.3121  0.1060
      311     1523    5.846   1.361E+02    5.872     1426    0.0639  0.1487    0.0709  0.1673    0.0292  0.0728    0.6901  0.5466    0.3079  0.1026
      312     1534    6.280   1.498E+02    6.296     1446    0.0595  0.1435    0.0656  0.1603    0.0263  0.0682    0.6910  0.5479    0.3036  0.0993
      313     1505    6.472   1.467E+02    6.479     1406    0.0596  0.1387    0.0659  0.1559    0.0268  0.0675    0.6920  0.5493    0.2994  0.0959
      314     1631    6.098   1.558E+02    6.140     1523    0.0560  0.1479    0.0620  0.1664    0.0253  0.0725    0.6930  0.5507    0.2952  0.0927
      315     1614    6.341   1.354E+02    6.356     1476    0.0626  0.1368    0.0694  0.1545    0.0284  0.0682    0.6943  0.5522    0.2905  0.0891
      316     1552    5.531   1.230E+02    5.558     1444    0.0681  0.1614    0.0757  0.1826    0.0312  0.0808    0.6953  0.5534    0.2857  0.0855
      317     1539    6.089   1.413E+02    6.109     1426    0.0623  0.1582    0.0688  0.1789    0.0279  0.0794    0.6964  0.5549    0.2807  0.0827
      318     1551    6.111   1.430E+02    6.118     1442    0.0601  0.1488    0.0664  0.1680    0.0270  0.0740    0.6974  0.5562    0.2763  0.0792
      319     1542    5.965   1.407E+02    6.001     1430    0.0601  0.1438    0.0670  0.1634    0.0281  0.0733    0.6984  0.5576    0.2716  0.0758
      320     1626    5.890   1.286E+02    5.882     1492    0.0673  0.1523    0.0747  0.1720    0.0307  0.0758    0.6995  0.5590    0.2666  0.0726
      321     1547    6.331   1.591E+02    6.349     1424    0.0555  0.1498    0.0613  0.1685    0.0247  0.0733    0.7005  0.5603    0.2612  0.0696
      322     1560    6.028   1.477E+02    6.048     1437    0.0616  0.1494    0.0681  0.1680    0.0276  0.0729    0.7015  0.5616    0.2562  0.0664
      323     1561    6.090   1.401E+02    6.121     1447    0.0613  0.1446    0.0678  0.1624    0.0276  0.0703    0.7025  0.5629    0.2510  0.0633
      324     1594    6.642   1.610E+02    6.653     1448    0.0539  0.1385    0.0595  0.1557    0.0240  0.0675    0.7037  0.5642    0.2459  0.0602
      325     1538    6.468   1.552E+02    6.460     1428    0.0553  0.1381    0.0615  0.1558    0.0255  0.0685    0.7046  0.5655    0.2405  0.0570
      326     1586    5.884   1.417E+02    5.896     1457    0.0598  0.1531    0.0664  0.1726    0.0274  0.0760    0.7056  0.5668    0.2350  0.0541
      327     1529    6.179   1.472E+02    6.178     1414    0.0602  0.1435    0.0667  0.1617    0.0271  0.0708    0.7064  0.5682    0.2294  0.0512
      328     1509    5.858   1.362E+02    5.853     1369    0.0602  0.1634    0.0665  0.1838    0.0271  0.0803    0.7074  0.5695    0.2238  0.0484
      329     1533    6.111   1.330E+02    6.141     1406    0.0633  0.1391    0.0702  0.1565    0.0289  0.0683    0.7084  0.5707    0.2181  0.0459
      330     1583    5.937   1.331E+02    5.942     1430    0.0630  0.1478    0.0700  0.1672    0.0290  0.0740    0.7095  0.5720    0.2124  0.0431
      331     1606    6.103   1.401E+02    6.134     1472    0.0608  0.1464    0.0674  0.1656    0.0279  0.0736    0.7105  0.5735    0.2062  0.0405
      332     1580    6.059   1.429E+02    6.076     1431    0.0587  0.1447    0.0654  0.1637    0.0275  0.0729    0.7116  0.5750    0.1996  0.0380
      333     1569    5.788   1.157E+02    5.786     1425    0.0716  0.1479    0.0797  0.1676    0.0334  0.0748    0.7126  0.5763    0.1930  0.0356
      334     1530    6.090   1.299E+02    6.107     1380    0.0626  0.1464    0.0693  0.1653    0.0284  0.0730    0.7137  0.5775    0.1868  0.0330
      335     1604    6.107   1.464E+02    6.119     1480    0.0561  0.1396    0.0626  0.1583    0.0266  0.0710    0.7146  0.5789    0.1804  0.0306
      336     1572    5.840   1.418E+02    5.850     1447    0.0597  0.1519    0.0667  0.1723    0.0282  0.0775    0.7155  0.5803    0.1735  0.0284
      337     1540    5.755   1.271E+02    5.785     1397    0.0661  0.1527    0.0734  0.1728    0.0305  0.0770    0.7166  0.5815    0.1670  0.0258
      338     1598    6.082   1.426E+02    6.070     1460    0.0577  0.1454    0.0644  0.1648    0.0271  0.0741    0.7175  0.5828    0.1602  0.0235
      339     1554    6.322   1.461E+02    6.335     1420    0.0609  0.1417    0.0678  0.1604    0.0285  0.0715    0.7185  0.5841    0.1530  0.0214
      340     1557    6.082   1.409E+02    6.099     1413    0.0591  0.1466    0.0659  0.1659    0.0277  0.0741    0.7195  0.5854    0.1461  0.0191
      341     1561    5.787   1.292E+02    5.783     1433    0.0639  0.1486    0.0712  0.1683    0.0298  0.0752    0.7203  0.5867    0.1390  0.0172
      342     1527    5.902   1.296E+02    5.893     1391    0.0614  0.1400    0.0681  0.1575    0.0281  0.0689    0.7213  0.5879    0.1316  0.0154
      343     1555    5.795   1.354E+02    5.799     1429    0.0628  0.1475    0.0702  0.1676    0.0300  0.0758    0.7222  0.5892    0.1244  0.0134
      344     1612    5.583   1.200E+02    5.593     1463    0.0678  0.1544    0.0757  0.1755    0.0319  0.0793    0.7232  0.5906    0.1168  0.0116
      345     1553    5.877   1.392E+02    5.840     1436    0.0599  0.1548    0.0667  0.1761    0.0279  0.0798    0.7240  0.5919    0.1087  0.0100
      346     1604    6.270   1.485E+02    6.292     1458    0.0562  0.1385    0.0629  0.1579    0.0269  0.0723    0.7250  0.5932    0.1010  0.0082
      347     1571    5.807   1.203E+02    5.825     1416    0.0664  0.1447    0.0741  0.1641    0.0314  0.0737    0.7260  0.5945    0.0927  0.0067
      348     1573    5.650   1.414E+02    5.661     1432    0.0584  0.1497    0.0661  0.1709    0.0294  0.0782    0.7270  0.5958    0.0845  0.0054
      349     1543    6.207   1.485E+02    6.237     1415    0.0599  0.1526    0.0668  0.1732    0.0284  0.0782    0.7278  0.5972    0.0761  0.0042
      350     1527    5.593   1.243E+02    5.591     1371    0.0631  0.1493    0.0705  0.1701    0.0300  0.0775    0.7289  0.5984    0.0675  0.0034
      351     1611    6.250   1.450E+02    6.281     1479    0.0560  0.1390    0.0627  0.1576    0.0268  0.0708    0.7297  0.5998    0.0588  0.0025
      352     1525    6.222   1.517E+02    6.240     1379    0.0540  0.1435    0.0604  0.1627    0.0258  0.0731    0.7307  0.6009    0.0494  0.0018
      353     1535    5.522   1.238E+02    5.526     1387    0.0680  0.1603    0.0763  0.1826    0.0331  0.0831    0.7317  0.6021    0.0405  0.0012
      354     1563    5.512   1.401E+02    5.538     1413    0.0620  0.1600    0.0694  0.1818    0.0298  0.0824    0.7326  0.6034    0.0314  0.0006
      355     1567    5.442   1.250E+02    5.443     1435    0.0654  0.1692    0.0736  0.1932    0.0322  0.0889    0.7335  0.6049    0.0220  0.0002
      356     1484    5.134   1.092E+02    5.142     1348    0.0749  0.1707    0.0836  0.1929    0.0354  0.0859    0.7343  0.6059    0.0123  0.0001
      357      452    5.736   1.416E+02    5.685      416    0.0766  0.1808    0.0850  0.2027    0.0353  0.0883    0.7346  0.6062    0.0029  0.0000
 ---------------------------------------------------------------------------------------------------------------------------------------------------
   Total    554382                                 534911                                                          0.7346  0.6062

  Calling close_file ... 

 MRFANA: normal termination


 OPENED INPUT MTZ FILE 
 Logical Name: autoPROC.01/aimless_alldata_unmerged.mtz   Filename: autoPROC.01/aimless_alldata_unmerged.mtz 

