

 #################################################################################################
 ## MRFANA - metrics for unmerged X-Ray reflection data
 #################################################################################################

 Copyright (c) 2007, 2019 Global Phasing Ltd.

 Authors: Clemens Vonrhein, Claus Flensburg, Ian J. Tickle and
          Gerard Bricogne

 #################################################################################################

 Current date and time : 2019-10-29 08:01:25


 binning will be in  20 shells

 Setting random seed to 1659775961
 You can set this also with the -seed flag

  Calling open_file ... 
  Calling get_info ... 

 Overall cell =  161.20100 161.20100 139.46300  90.00000  90.00000 120.00000
 Orthogonalisation matrix =    161.20100   -80.60050     0.00000
                                 0.00000   139.60416     0.00000
                                 0.00000     0.00000   139.46300
 Inverse of above         =      0.00620     0.00358    -0.00000
                                 0.00000     0.00716    -0.00000
                                 0.00000     0.00000     0.00717
  Calling read_refl ... 
    reading reflection      28062 (   5.0 %)
    reading reflection      56124 (  10.0 %)
    reading reflection      84186 (  15.0 %)
    reading reflection     112248 (  20.0 %)
    reading reflection     140310 (  25.0 %)
    reading reflection     168372 (  30.0 %)
    reading reflection     196434 (  35.0 %)
    reading reflection     224496 (  40.0 %)
    reading reflection     252558 (  45.0 %)
    reading reflection     280620 (  50.0 %)
    reading reflection     308682 (  55.0 %)
    reading reflection     336744 (  60.0 %)
    reading reflection     364806 (  65.0 %)
    reading reflection     392868 (  70.0 %)
    reading reflection     420930 (  75.0 %)
    reading reflection     448992 (  80.0 %)
    reading reflection     477054 (  85.0 %)
    reading reflection     505116 (  90.0 %)
    reading reflection     533178 (  95.0 %)



 need to re-sort reflections (H=slow, K=medium, L=fast)

  Calling read_batch ... 
  Calling stats ... 

 ####----------------------------------------------------------------
 #### NOTES
 ####----------------------------------------------------------------

 ####----------------------------------------------------------------
 #### Rmerge:
 
  According to [1] and Evans (2006) this is defined as
 
                   sum_i ( sum_j | Ij - <I> | )
    Rmerge(I) = --------------------------------                 (1)
                   sum_i ( sum_j        <I>   )
 
  with
 
    Ij  = the intensity of the jth observation of reflection i
    <I> = the mean of the intensities of all observations of reflection i
 
    sum_i is taken over all reflections
    sum_j is taken over all observations of each reflection.
 
  Diederichs & Karplus (1997), Weiss & Hilgenfeld (1997) and
  Weiss (2001) define this slightly different as
 
                   sum_i ( sum_j | Ij - <I> | )
    Rmerge(I) = --------------------------------                 (2)
                   sum_i ( sum_j   Ij         )
 
  which is identically to (1) if <I> is the mean (or average)
  intensity. However, it is the weighted (by variance) mean of
  the intensities we are computing during merging:
 
    <I> = sum_j ( Wj * Ij )                                      (3)
 
                    1     
    with:  Wj = ---------                                        (4)
                sd(Ij)**2
 
  Then equations (1) and (2) become different.
 
  Drenth (1994) calls (1) Rmerge and (2) Rsym.
 
 ####----------------------------------------------------------------
 #### Rmeas (also called Rrim):
 
  The redundancy-independent merging R factor value Rrim, also
  denoted Rmeas, for merging all intensities in a given shell.
 
           sum_i [Ni /( Ni - 1)]^(1/2) sum_j | Ij - <Ii> |
    Rrim = ---------------------------------------------         (5)
           sum_i (                  sum_j   Ij         )
 
    Ij   = the intensity of the jth observation of reflection i
    <Ii> = the mean of the intensities of all observations of reflection i
    Ni   = the redundancy (the number of times reflection i has been measured).
 
    sum_i is taken over all reflections
    sum_j is taken over all observations of each reflection.
 
  See Diederichs & Karplus (1997), Weiss & Hilgenfeld (1997), Weiss
  (2001) and [2].
 
  Evans (2006) defines this differently, with the denominator
  summing over <I> similar to the Rmerge equation (1) above:
 
           sum_i [Ni /( Ni - 1)]^(1/2) sum_j | Ij - <Ii> |
    Rrim = ---------------------------------------------         (6)
           sum_i (                  sum_j        <Ii>  )
 
 ####----------------------------------------------------------------
 #### Rpim:
 
  The precision-indicating merging R factor value Rpim,
  for merging all intensities in this data set is defined in [3],
  Diederichs & Karplus (1997), Weiss & Hilgenfeld (1997) and
  Weiss (2001) as
 
           sum_i [  1/(Ni - 1)]^(1/2) sum_j | Ij - <Ii> |
    Rpim = ---------------------------------------------         (7)
           sum_i (                  sum_j   Ij         )
 
  As above, Evans (2006) defines this differently as:
 
           sum_i [  1/(Ni - 1)]^(1/2) sum_j | Ij - <Ii> |
    Rrim = ---------------------------------------------         (8)
           sum_i (                  sum_j        <Ii>  )
 
 To add more complexity, all of the above statistics (Rmerge, Rmeas
 and Rpim) can be computed over all measurements of a unique reflection
 or separately for I+ and I-. The latter has the advantage that an
 existing anomalous signal will not result in an increase of R-value
 because of this. However, the original definitions above are not
 taking anomalous signal into account this way.
 
 ### References:
 
 [1] http://mmcif.wwpdb.org/dictionaries/mmcif_std.dic/Items/_reflns_shell.Rmerge_I_obs.html
 [2] http://www.iucr.org/__data/iucr/cifdic_html/2/mmcif_pdbx.dic/Ireflns.pdbx_Rrim_I_all.html
 [3] http://www.iucr.org/__data/iucr/cifdic_html/2/mmcif_pdbx.dic/Ireflns.pdbx_Rpim_I_all.html
 [4] Diederichs, K. & Karplus, P. A. (1997). Nature Struct. Biol. 4, 269-275.
 [5] Drenth, J. (1994). Principles of Protein X-ray Crystallography. Springer-Verlag, New York. p289-290.
 [6] Evans, P. (2006). Acta D62, 72-82.
 [7] Weiss, M. S. & Hilgenfeld, R. (1997). J. Appl. Cryst. 30, 203-205.
 [8] Weiss, M. S. (2001). J. Appl. Cryst. 34, 130-135.
 

 ############################################################
 #################### TOTAL 
 ############################################################

   Cell:  161.20  161.20  139.46   90.00   90.00  120.00
          0.0000  0.0000  0.0000  0.0000  0.0000  0.0000
   Wavelength:  0.97950 A
   Run number:    1 consists of batches          1 to        357
      Closest reciprocal axis to spindle: none


 We will be using a total of   20 bins for statistics as a function of resolution

 ------------------------------------------------------------------------------------------------------------------------------------------------
                                                                                     Completeness    Multiplicity
                                                                                     --------------  ------------
            Resolution      #uniq     #Rfac  Rmerge   Rmeas    Rpim   #Isig  I/sigI     all     ano    all    ano CC(1/2)  #CCAno CC(ano)  SigAno
 ------------------------------------------------------------------------------------------------------------------------------------------------
         98.665 -   6.870    1759      9866   0.017   0.018   0.007    1759  80.331  0.8760  0.7775   5.71   3.58  0.9995     759  0.8062   1.648
          6.870 -   4.864    3108     18172   0.021   0.023   0.008    3108  68.244  0.9147  0.8178   5.96   3.56  0.9995    1641  0.6208   1.447
          4.864 -   3.973    3986     24748   0.021   0.022   0.008    3986  67.766  0.9285  0.8467   6.30   3.64  0.9997    2297  0.4565   1.253
          3.973 -   3.441    4718     27836   0.025   0.027   0.010    4718  53.865  0.9406  0.8605   6.00   3.43  0.9997    2793  0.3315   1.143
          3.441 -   3.078    5344     33067   0.035   0.038   0.013    5344  38.945  0.9422  0.8489   6.28   3.60  0.9995    3246  0.3606   1.097
          3.078 -   2.810    5860     36853   0.052   0.055   0.019    5860  24.993  0.9461  0.8555   6.38   3.64  0.9993    3699  0.3325   0.981
          2.810 -   2.602    4786     27714   0.075   0.081   0.030    4786  16.105  0.7118  0.6438   5.87   3.32  0.9986    2947  0.2003   0.901
          2.602 -   2.434    6839     43330   0.095   0.102   0.036    6839  12.328  0.9449  0.8762   6.40   3.55  0.9984    4383  0.2072   0.842
          2.434 -   2.295    7217     45054   0.132   0.142   0.050    7217   8.751  0.9466  0.8695   6.31   3.51  0.9965    4677  0.1518   0.801
          2.295 -   2.177    6844     40501   0.196   0.212   0.078    6844   5.839  0.8485  0.7807   5.99   3.33  0.9918    4355  0.0800   0.752
          2.177 -   2.076    7969     50828   0.269   0.290   0.104    7969   4.400  0.9387  0.8832   6.44   3.50  0.9847    5294  0.0405   0.744
          2.076 -   1.988    7189     45367   0.380   0.410   0.148    7189   3.061  0.8128  0.7598   6.38   3.48  0.9698    4805  0.0055   0.720
          1.988 -   1.910    8009     40430   0.646   0.715   0.297    8009   1.732  0.8683  0.8204   5.11   2.77  0.9182    5211  0.0010   0.716
          1.910 -   1.840    7816     29994   1.210   1.382   0.650    7816   0.851  0.8178  0.7386   3.94   2.19  0.7221    3818 -0.0180   0.711
          1.840 -   1.778    7723     22864   2.169   2.567   1.331    7723   0.411  0.7811  0.6644   3.13   1.81  0.4397    2575  0.0013   0.699
          1.778 -   1.721    7514     16872   3.004   3.670   2.051    7514   0.247  0.7359  0.5511   2.52   1.56  0.2421    1373  0.0036   0.699
          1.721 -   1.670    7181     11305   4.428   5.615   3.390    7181   0.114  0.6791  0.4040   1.99   1.36  0.0896     466 -0.0243   0.675
          1.670 -   1.623    5740      6371   6.485   8.510   5.444    5740   0.012  0.5305  0.2428   1.65   1.21 -0.0006      89  0.1326   0.702
          1.623 -   1.580    3830      3129  13.379  18.043  12.014    3830  -0.077  0.3442  0.1234   1.45   1.13 -0.0380      11  0.6469   0.688
          1.580 -   1.540    1457       608   0.000   0.000   0.000    1457  -0.157  0.1274  0.0252   1.21   1.03 -0.0448       0  0.0000   0.640
 ------------------------------------------------------------------------------------------------------------------------------------------------
 Total:  98.665 -   1.540  114889    534909   0.048   0.052   0.020  114889  13.750  0.7346  0.6062   4.83   2.90  0.9996   54439  0.4047   0.839



                                              Overall  InnerShell  OuterShell
  ---------------------------------------------------------------------------
     Low resolution limit                      98.665      98.665       1.580
     High resolution limit                      1.540       6.870       1.540


     Rmerge  (all I+ & I-)                      0.048       0.017     -12.117
     Rmerge  (within I+/I-)                     0.043       0.012       5.932
     Rmeas   (all I+ & I-)                      0.052       0.018     -16.931
     Rmeas   (within I+/I-)                     0.050       0.013       8.389
     Rpim    (all I+ & I-)                      0.020       0.007     -11.800
     Rpim    (within I+/I-)                     0.025       0.006       5.932
     Total number of observations              554381       10050        1768
     Total number unique                       114889        1759        1457
     Mean(I)/sd(I)                               13.8        80.3        -0.2
     Completeness                                73.5        87.6        12.7
     Multiplicity                                 4.8         5.7         1.2
     CC(1/2)                                    1.000       1.000      -0.045


     Anomalous completeness                      60.6        77.8         2.5
     Anomalous multiplicity                       2.9         3.6         1.0
     CC(ano)                                    0.405       0.806         NA 
     |DANO|/sd(DANO)                            0.839       1.648       0.640



 W0 = unweighted
 W1 = 1/(sigI**2) weighted

 ---------------------------------------------------------------------------------------------------------------------------------------------------
                                  merged                         Rmerge            Rmeas              Rpim                  Completeness 
                            --------------------            ----------------  ----------------  ----------------  ----------------------------------
    BATCH     Nref <I/sigI>      <I>    <I/sigI>     #ref      W0      W1        W0      W1        W0      W1         All     Ano      -All    -Ano  
 ---------------------------------------------------------------------------------------------------------------------------------------------------
        1      455    9.727   2.933E+02    9.775      452    0.0484  0.1196    0.0514  0.1282    0.0169  0.0446    0.0029  0.0000    0.7346  0.6062
        2     1434    9.529   2.903E+02    9.553     1429    0.0431  0.1221    0.0463  0.1329    0.0166  0.0505    0.0119  0.0001    0.7346  0.6062
        3     1499    9.213   2.903E+02    9.204     1488    0.0401  0.1244    0.0431  0.1363    0.0153  0.0531    0.0210  0.0003    0.7345  0.6061
        4     1577    8.948   2.490E+02    8.969     1571    0.0448  0.1166    0.0483  0.1278    0.0174  0.0501    0.0303  0.0006    0.7345  0.6059
        5     1501    9.065   2.674E+02    9.094     1497    0.0417  0.1199    0.0449  0.1310    0.0161  0.0504    0.0389  0.0010    0.7344  0.6057
        6     1555    9.133   2.531E+02    9.140     1542    0.0438  0.1180    0.0473  0.1294    0.0171  0.0508    0.0475  0.0017    0.7344  0.6055
        7     1532    8.787   2.639E+02    8.807     1524    0.0449  0.1218    0.0485  0.1339    0.0177  0.0531    0.0560  0.0021    0.7343  0.6053
        8     1585    8.896   2.770E+02    8.886     1568    0.0448  0.1210    0.0482  0.1329    0.0171  0.0524    0.0648  0.0028    0.7343  0.6051
        9     1509    9.194   2.864E+02    9.217     1495    0.0444  0.1175    0.0480  0.1297    0.0174  0.0519    0.0726  0.0035    0.7341  0.6049
       10     1590    8.874   2.636E+02    8.898     1576    0.0426  0.1193    0.0460  0.1311    0.0167  0.0517    0.0810  0.0042    0.7340  0.6047
       11     1566    8.816   2.559E+02    8.840     1557    0.0447  0.1213    0.0482  0.1335    0.0173  0.0532    0.0890  0.0051    0.7339  0.6046
       12     1578    9.369   2.840E+02    9.386     1567    0.0419  0.1146    0.0451  0.1263    0.0162  0.0504    0.0967  0.0059    0.7339  0.6044
       13     1553    9.061   2.552E+02    9.097     1539    0.0451  0.1164    0.0487  0.1285    0.0178  0.0518    0.1043  0.0069    0.7338  0.6041
       14     1524    8.829   2.487E+02    8.841     1515    0.0457  0.1183    0.0491  0.1302    0.0175  0.0517    0.1114  0.0079    0.7337  0.6038
       15     1590    9.437   2.724E+02    9.499     1576    0.0437  0.1157    0.0470  0.1272    0.0168  0.0503    0.1185  0.0092    0.7336  0.6036
       16     1503    9.141   2.724E+02    9.170     1492    0.0421  0.1204    0.0454  0.1321    0.0163  0.0521    0.1253  0.0103    0.7335  0.6033
       17     1533    9.031   2.803E+02    9.036     1519    0.0434  0.1202    0.0468  0.1319    0.0167  0.0520    0.1320  0.0115    0.7334  0.6031
       18     1588    8.802   2.555E+02    8.839     1577    0.0468  0.1205    0.0505  0.1327    0.0184  0.0526    0.1385  0.0128    0.7334  0.6029
       19     1518    9.342   2.961E+02    9.386     1503    0.0407  0.1147    0.0439  0.1261    0.0158  0.0501    0.1449  0.0141    0.7333  0.6026
       20     1616    8.756   3.213E+02    8.779     1597    0.0466  0.1207    0.0503  0.1325    0.0181  0.0523    0.1514  0.0154    0.7332  0.6024
       21     1522    9.253   2.850E+02    9.286     1511    0.0428  0.1148    0.0460  0.1258    0.0162  0.0491    0.1574  0.0169    0.7330  0.6021
       22     1563    9.345   3.023E+02    9.377     1552    0.0386  0.1116    0.0417  0.1228    0.0153  0.0486    0.1632  0.0184    0.7330  0.6018
       23     1595    9.076   2.835E+02    9.087     1579    0.0388  0.1152    0.0419  0.1264    0.0151  0.0495    0.1694  0.0197    0.7329  0.6016
       24     1532    9.485   2.935E+02    9.507     1520    0.0401  0.1202    0.0431  0.1316    0.0153  0.0513    0.1748  0.0213    0.7328  0.6013
       25     1562    8.494   2.370E+02    8.557     1551    0.0488  0.1228    0.0527  0.1350    0.0191  0.0533    0.1803  0.0228    0.7327  0.6011
       26     1527    9.386   2.714E+02    9.400     1507    0.0444  0.1169    0.0479  0.1279    0.0172  0.0498    0.1855  0.0243    0.7326  0.6007
       27     1566    9.223   2.739E+02    9.266     1550    0.0407  0.1087    0.0438  0.1193    0.0156  0.0468    0.1907  0.0259    0.7325  0.6005
       28     1561    9.083   2.871E+02    9.089     1542    0.0379  0.1141    0.0409  0.1258    0.0148  0.0504    0.1959  0.0275    0.7324  0.6002
       29     1563    9.303   2.724E+02    9.342     1548    0.0421  0.1127    0.0452  0.1236    0.0161  0.0485    0.2007  0.0293    0.7322  0.5999
       30     1551    9.083   2.797E+02    9.114     1538    0.0388  0.1180    0.0420  0.1297    0.0153  0.0514    0.2057  0.0310    0.7321  0.5996
       31     1625    8.889   3.063E+02    8.909     1597    0.0426  0.1187    0.0459  0.1303    0.0165  0.0513    0.2107  0.0327    0.7320  0.5992
       32     1506    8.673   2.607E+02    8.700     1499    0.0443  0.1253    0.0477  0.1376    0.0172  0.0543    0.2153  0.0343    0.7318  0.5988
       33     1584    8.836   2.714E+02    8.885     1560    0.0418  0.1235    0.0450  0.1353    0.0161  0.0527    0.2201  0.0362    0.7318  0.5985
       34     1554    8.694   2.630E+02    8.700     1533    0.0429  0.1171    0.0464  0.1285    0.0169  0.0507    0.2245  0.0381    0.7316  0.5981
       35     1586    8.982   2.628E+02    9.016     1566    0.0457  0.1224    0.0493  0.1347    0.0177  0.0535    0.2293  0.0399    0.7314  0.5978
       36     1502    9.147   2.975E+02    9.136     1483    0.0403  0.1162    0.0434  0.1275    0.0156  0.0502    0.2334  0.0418    0.7313  0.5974
       37     1568    8.761   2.567E+02    8.787     1541    0.0458  0.1230    0.0493  0.1347    0.0174  0.0524    0.2378  0.0438    0.7312  0.5971
       38     1512    9.250   2.746E+02    9.256     1494    0.0434  0.1123    0.0472  0.1238    0.0177  0.0498    0.2418  0.0457    0.7310  0.5967
       39     1613    9.347   2.773E+02    9.363     1593    0.0417  0.1141    0.0451  0.1258    0.0163  0.0502    0.2462  0.0478    0.7309  0.5963
       40     1545    8.984   2.549E+02    9.004     1527    0.0422  0.1156    0.0455  0.1270    0.0164  0.0501    0.2503  0.0498    0.7307  0.5958
       41     1538    8.851   2.617E+02    8.845     1520    0.0429  0.1178    0.0462  0.1291    0.0165  0.0504    0.2542  0.0520    0.7306  0.5954
       42     1579    8.905   3.016E+02    8.944     1555    0.0456  0.1164    0.0492  0.1277    0.0177  0.0499    0.2581  0.0543    0.7304  0.5951
       43     1552    9.171   2.785E+02    9.195     1514    0.0406  0.1138    0.0440  0.1251    0.0161  0.0494    0.2621  0.0562    0.7303  0.5946
       44     1554    8.917   2.559E+02    8.947     1537    0.0448  0.1196    0.0483  0.1323    0.0175  0.0534    0.2658  0.0585    0.7300  0.5941
       45     1538    8.889   2.485E+02    8.904     1516    0.0431  0.1221    0.0465  0.1341    0.0169  0.0531    0.2696  0.0606    0.7298  0.5937
       46     1562    8.723   2.706E+02    8.733     1541    0.0420  0.1220    0.0453  0.1345    0.0164  0.0540    0.2733  0.0629    0.7296  0.5933
       47     1560    8.793   2.801E+02    8.819     1538    0.0410  0.1147    0.0443  0.1263    0.0162  0.0503    0.2772  0.0651    0.7294  0.5929
       48     1588    9.071   2.839E+02    9.112     1562    0.0433  0.1184    0.0468  0.1304    0.0171  0.0518    0.2811  0.0676    0.7292  0.5925
       49     1499    8.555   2.349E+02    8.574     1481    0.0476  0.1191    0.0514  0.1312    0.0185  0.0523    0.2845  0.0697    0.7290  0.5921
       50     1579    8.715   2.442E+02    8.720     1553    0.0455  0.1245    0.0493  0.1376    0.0181  0.0557    0.2881  0.0721    0.7289  0.5917
       51     1588    9.678   2.919E+02    9.706     1563    0.0397  0.1059    0.0428  0.1166    0.0155  0.0464    0.2917  0.0744    0.7286  0.5912
       52     1535    9.176   2.801E+02    9.193     1516    0.0419  0.1156    0.0452  0.1273    0.0164  0.0506    0.2952  0.0768    0.7284  0.5907
       53     1527    9.113   2.987E+02    9.115     1501    0.0413  0.1145    0.0448  0.1264    0.0165  0.0507    0.2985  0.0791    0.7283  0.5902
       54     1519    9.054   2.784E+02    9.041     1496    0.0411  0.1212    0.0443  0.1332    0.0161  0.0528    0.3017  0.0816    0.7280  0.5897
       55     1588    9.126   2.995E+02    9.146     1566    0.0432  0.1196    0.0466  0.1319    0.0167  0.0526    0.3052  0.0839    0.7278  0.5892
       56     1508    9.019   2.799E+02    9.075     1485    0.0408  0.1122    0.0441  0.1235    0.0161  0.0490    0.3084  0.0862    0.7276  0.5887
       57     1543    8.515   2.619E+02    8.535     1521    0.0443  0.1185    0.0480  0.1309    0.0177  0.0526    0.3117  0.0887    0.7274  0.5882
       58     1584    9.210   2.891E+02    9.212     1559    0.0422  0.1099    0.0457  0.1216    0.0168  0.0494    0.3153  0.0912    0.7272  0.5877
       59     1545    8.913   2.485E+02    8.941     1516    0.0452  0.1191    0.0489  0.1317    0.0179  0.0534    0.3185  0.0936    0.7269  0.5871
       60     1544    8.259   2.578E+02    8.249     1522    0.0440  0.1270    0.0475  0.1398    0.0173  0.0556    0.3217  0.0960    0.7267  0.5866
       61     1527    8.686   2.509E+02    8.711     1509    0.0468  0.1246    0.0505  0.1373    0.0183  0.0546    0.3247  0.0984    0.7265  0.5860
       62     1657    9.330   2.767E+02    9.339     1624    0.0435  0.1116    0.0468  0.1229    0.0168  0.0487    0.3281  0.1010    0.7263  0.5854
       63     1537    9.278   2.910E+02    9.282     1510    0.0423  0.1137    0.0457  0.1249    0.0165  0.0492    0.3311  0.1034    0.7260  0.5847
       64     1604    8.619   2.481E+02    8.643     1572    0.0446  0.1172    0.0482  0.1294    0.0177  0.0522    0.3344  0.1060    0.7258  0.5843
       65     1500    8.711   2.938E+02    8.744     1482    0.0419  0.1274    0.0454  0.1410    0.0167  0.0569    0.3375  0.1083    0.7255  0.5835
       66     1570    9.248   2.846E+02    9.266     1546    0.0433  0.1172    0.0468  0.1289    0.0169  0.0511    0.3404  0.1110    0.7252  0.5829
       67     1560    9.105   2.673E+02    9.101     1528    0.0428  0.1188    0.0463  0.1314    0.0170  0.0531    0.3435  0.1133    0.7250  0.5823
       68     1491    7.926   2.317E+02    7.951     1471    0.0467  0.1283    0.0506  0.1420    0.0185  0.0574    0.3465  0.1158    0.7247  0.5817
       69     1508    9.072   2.713E+02    9.087     1487    0.0431  0.1149    0.0466  0.1267    0.0170  0.0506    0.3493  0.1182    0.7245  0.5809
       70     1574    8.628   2.649E+02    8.623     1555    0.0472  0.1290    0.0511  0.1432    0.0188  0.0586    0.3523  0.1208    0.7242  0.5803
       71     1579    9.112   2.875E+02    9.123     1540    0.0409  0.1196    0.0442  0.1321    0.0160  0.0530    0.3553  0.1230    0.7239  0.5796
       72     1589    8.816   2.712E+02    8.833     1559    0.0429  0.1244    0.0464  0.1374    0.0169  0.0551    0.3583  0.1257    0.7236  0.5789
       73     1541    9.748   3.232E+02    9.763     1528    0.0381  0.1109    0.0412  0.1224    0.0150  0.0491    0.3609  0.1282    0.7233  0.5782
       74     1538    8.008   2.446E+02    8.018     1525    0.0474  0.1357    0.0512  0.1494    0.0186  0.0593    0.3636  0.1307    0.7231  0.5775
       75     1525    8.998   2.629E+02    9.003     1503    0.0417  0.1159    0.0451  0.1281    0.0165  0.0514    0.3663  0.1332    0.7228  0.5768
       76     1608    8.998   2.732E+02    9.013     1579    0.0426  0.1183    0.0460  0.1305    0.0166  0.0521    0.3692  0.1359    0.7225  0.5761
       77     1485    8.590   2.605E+02    8.631     1473    0.0456  0.1241    0.0495  0.1372    0.0183  0.0553    0.3719  0.1381    0.7221  0.5754
       78     1551    9.090   2.616E+02    9.104     1536    0.0415  0.1143    0.0448  0.1262    0.0162  0.0506    0.3744  0.1407    0.7220  0.5745
       79     1522    8.712   2.585E+02    8.748     1507    0.0435  0.1181    0.0471  0.1308    0.0173  0.0529    0.3769  0.1431    0.7217  0.5736
       80     1604    8.524   2.674E+02    8.554     1577    0.0394  0.1202    0.0427  0.1329    0.0157  0.0539    0.3798  0.1456    0.7213  0.5728
       81     1552    8.501   2.358E+02    8.459     1532    0.0460  0.1267    0.0498  0.1399    0.0182  0.0561    0.3826  0.1479    0.7210  0.5720
       82     1539    8.161   2.253E+02    8.195     1528    0.0487  0.1226    0.0530  0.1360    0.0197  0.0553    0.3850  0.1502    0.7208  0.5712
       83     1559    8.729   2.635E+02    8.738     1538    0.0471  0.1271    0.0510  0.1408    0.0185  0.0573    0.3877  0.1526    0.7205  0.5703
       84     1619    8.818   2.907E+02    8.848     1594    0.0387  0.1209    0.0420  0.1342    0.0154  0.0550    0.3904  0.1551    0.7201  0.5694
       85     1546    9.215   2.865E+02    9.216     1532    0.0392  0.1167    0.0424  0.1284    0.0154  0.0510    0.3928  0.1576    0.7197  0.5685
       86     1530    8.442   2.459E+02    8.452     1516    0.0454  0.1245    0.0492  0.1380    0.0180  0.0560    0.3953  0.1599    0.7195  0.5676
       87     1561    8.403   2.371E+02    8.415     1540    0.0472  0.1228    0.0510  0.1357    0.0185  0.0546    0.3978  0.1623    0.7192  0.5667
       88     1537    8.189   2.220E+02    8.220     1504    0.0504  0.1232    0.0547  0.1365    0.0202  0.0553    0.4002  0.1646    0.7189  0.5656
       89     1543    8.999   2.779E+02    9.045     1529    0.0427  0.1194    0.0462  0.1329    0.0170  0.0549    0.4028  0.1669    0.7184  0.5648
       90     1566    8.806   2.685E+02    8.845     1551    0.0431  0.1237    0.0466  0.1367    0.0170  0.0551    0.4053  0.1693    0.7181  0.5638
       91     1624    8.967   2.695E+02    8.976     1603    0.0414  0.1191    0.0448  0.1317    0.0164  0.0530    0.4077  0.1717    0.7178  0.5628
       92     1562    8.441   2.360E+02    8.452     1546    0.0461  0.1207    0.0501  0.1341    0.0186  0.0548    0.4101  0.1740    0.7174  0.5618
       93     1508    8.108   2.113E+02    8.146     1490    0.0516  0.1268    0.0562  0.1408    0.0211  0.0577    0.4125  0.1763    0.7170  0.5608
       94     1579    8.870   2.699E+02    8.915     1561    0.0441  0.1181    0.0477  0.1300    0.0175  0.0514    0.4148  0.1787    0.7166  0.5598
       95     1562    8.695   2.634E+02    8.723     1539    0.0418  0.1230    0.0455  0.1361    0.0171  0.0553    0.4170  0.1810    0.7163  0.5589
       96     1545    8.549   2.504E+02    8.584     1537    0.0430  0.1220    0.0468  0.1359    0.0175  0.0561    0.4192  0.1832    0.7159  0.5578
       97     1513    8.833   2.615E+02    8.852     1498    0.0449  0.1210    0.0487  0.1344    0.0180  0.0551    0.4214  0.1851    0.7155  0.5567
       98     1599    8.399   2.278E+02    8.428     1570    0.0501  0.1245    0.0544  0.1384    0.0202  0.0572    0.4239  0.1874    0.7151  0.5557
       99     1515    8.470   2.389E+02    8.509     1498    0.0479  0.1294    0.0520  0.1443    0.0194  0.0602    0.4262  0.1896    0.7146  0.5547
      100     1582    8.467   2.509E+02    8.478     1560    0.0478  0.1260    0.0519  0.1398    0.0193  0.0569    0.4285  0.1921    0.7143  0.5535
      101     1580    8.850   2.674E+02    8.852     1564    0.0436  0.1199    0.0472  0.1329    0.0173  0.0540    0.4307  0.1943    0.7138  0.5524
      102     1554    9.058   2.762E+02    9.074     1528    0.0424  0.1138    0.0460  0.1266    0.0168  0.0521    0.4328  0.1965    0.7133  0.5513
      103     1509    8.449   2.398E+02    8.449     1496    0.0457  0.1187    0.0495  0.1315    0.0181  0.0533    0.4346  0.1987    0.7128  0.5503
      104     1547    8.210   2.143E+02    8.214     1530    0.0508  0.1276    0.0552  0.1418    0.0205  0.0580    0.4367  0.2010    0.7124  0.5492
      105     1563    8.069   2.119E+02    8.101     1541    0.0498  0.1243    0.0542  0.1387    0.0202  0.0577    0.4387  0.2032    0.7119  0.5482
      106     1564    9.200   2.584E+02    9.185     1535    0.0465  0.1144    0.0503  0.1269    0.0183  0.0518    0.4410  0.2052    0.7114  0.5468
      107     1592    8.822   2.505E+02    8.824     1577    0.0431  0.1145    0.0468  0.1270    0.0172  0.0515    0.4431  0.2078    0.7108  0.5458
      108     1618    8.505   2.568E+02    8.561     1608    0.0445  0.1211    0.0482  0.1343    0.0177  0.0548    0.4452  0.2100    0.7102  0.5447
      109     1566    8.676   2.462E+02    8.701     1540    0.0443  0.1151    0.0481  0.1279    0.0178  0.0528    0.4472  0.2121    0.7097  0.5434
      110     1523    8.336   2.509E+02    8.341     1502    0.0458  0.1262    0.0497  0.1401    0.0184  0.0573    0.4490  0.2143    0.7092  0.5422
      111     1466    8.985   2.621E+02    9.034     1457    0.0458  0.1159    0.0497  0.1290    0.0182  0.0533    0.4506  0.2166    0.7086  0.5410
      112     1550    8.883   2.616E+02    8.860     1528    0.0446  0.1170    0.0483  0.1300    0.0178  0.0533    0.4524  0.2188    0.7081  0.5402
      113     1608    8.308   2.381E+02    8.332     1575    0.0457  0.1196    0.0496  0.1329    0.0183  0.0546    0.4546  0.2209    0.7074  0.5391
      114     1594    8.297   2.600E+02    8.313     1570    0.0425  0.1265    0.0462  0.1412    0.0172  0.0591    0.4565  0.2231    0.7067  0.5378
      115     1592    8.799   2.515E+02    8.812     1573    0.0464  0.1188    0.0503  0.1320    0.0183  0.0542    0.4585  0.2255    0.7061  0.5364
      116     1538    8.711   2.461E+02    8.746     1517    0.0446  0.1207    0.0485  0.1340    0.0180  0.0547    0.4603  0.2276    0.7054  0.5354
      117     1522    8.471   2.462E+02    8.546     1493    0.0444  0.1210    0.0482  0.1344    0.0178  0.0550    0.4621  0.2299    0.7046  0.5343
      118     1569    8.514   2.577E+02    8.539     1550    0.0463  0.1267    0.0502  0.1406    0.0184  0.0575    0.4638  0.2320    0.7040  0.5332
      119     1565    7.994   2.265E+02    8.013     1543    0.0479  0.1297    0.0520  0.1442    0.0192  0.0591    0.4655  0.2342    0.7034  0.5319
      120     1532    8.939   2.632E+02    8.959     1509    0.0415  0.1126    0.0450  0.1251    0.0166  0.0514    0.4673  0.2365    0.7027  0.5304
      121     1589    8.616   2.374E+02    8.640     1557    0.0442  0.1153    0.0479  0.1281    0.0177  0.0526    0.4693  0.2384    0.7020  0.5293
      122     1498    8.660   2.694E+02    8.671     1478    0.0404  0.1203    0.0439  0.1341    0.0163  0.0557    0.4710  0.2405    0.7013  0.5282
      123     1642    8.178   2.391E+02    8.207     1624    0.0459  0.1267    0.0500  0.1414    0.0187  0.0589    0.4728  0.2429    0.7005  0.5271
      124     1566    8.657   2.455E+02    8.659     1549    0.0442  0.1212    0.0481  0.1356    0.0179  0.0568    0.4743  0.2451    0.6998  0.5257
      125     1546    8.436   2.522E+02    8.463     1511    0.0425  0.1233    0.0460  0.1367    0.0169  0.0555    0.4759  0.2473    0.6990  0.5242
      126     1499    8.560   2.305E+02    8.577     1482    0.0458  0.1178    0.0498  0.1307    0.0187  0.0535    0.4774  0.2493    0.6981  0.5231
      127     1561    8.573   2.627E+02    8.607     1545    0.0413  0.1234    0.0450  0.1383    0.0169  0.0587    0.4790  0.2517    0.6974  0.5220
      128     1574    8.058   2.360E+02    8.062     1554    0.0457  0.1290    0.0499  0.1444    0.0190  0.0611    0.4807  0.2538    0.6966  0.5209
      129     1529    8.782   2.566E+02    8.787     1499    0.0435  0.1214    0.0472  0.1344    0.0174  0.0544    0.4823  0.2556    0.6957  0.5195
      130     1535    8.260   2.267E+02    8.311     1510    0.0470  0.1202    0.0510  0.1333    0.0189  0.0544    0.4840  0.2577    0.6949  0.5180
      131     1541    8.503   2.621E+02    8.540     1519    0.0432  0.1267    0.0470  0.1405    0.0174  0.0574    0.4854  0.2600    0.6941  0.5169
      132     1555    8.739   2.561E+02    8.766     1530    0.0427  0.1158    0.0464  0.1287    0.0172  0.0530    0.4867  0.2624    0.6932  0.5158
      133     1560    8.278   2.342E+02    8.273     1532    0.0433  0.1231    0.0468  0.1362    0.0171  0.0552    0.4881  0.2645    0.6922  0.5146
      134     1594    8.539   2.667E+02    8.554     1572    0.0403  0.1193    0.0437  0.1326    0.0160  0.0544    0.4897  0.2665    0.6914  0.5131
      135     1534    8.250   2.485E+02    8.267     1520    0.0422  0.1264    0.0461  0.1412    0.0175  0.0594    0.4913  0.2688    0.6906  0.5116
      136     1575    8.123   2.269E+02    8.135     1548    0.0483  0.1233    0.0526  0.1375    0.0197  0.0571    0.4929  0.2711    0.6897  0.5103
      137     1536    8.463   2.130E+02    8.490     1510    0.0480  0.1145    0.0521  0.1275    0.0192  0.0526    0.4943  0.2730    0.6888  0.5090
      138     1562    8.244   2.391E+02    8.278     1532    0.0468  0.1270    0.0509  0.1407    0.0189  0.0571    0.4957  0.2750    0.6879  0.5076
      139     1544    8.673   2.651E+02    8.660     1523    0.0398  0.1219    0.0431  0.1353    0.0159  0.0555    0.4968  0.2773    0.6869  0.5062
      140     1545    8.323   2.344E+02    8.298     1517    0.0444  0.1188    0.0483  0.1327    0.0181  0.0555    0.4981  0.2797    0.6859  0.5049
      141     1603    8.103   2.391E+02    8.157     1583    0.0442  0.1272    0.0480  0.1409    0.0178  0.0570    0.4996  0.2817    0.6848  0.5036
      142     1511    8.715   2.610E+02    8.766     1479    0.0421  0.1153    0.0458  0.1288    0.0170  0.0540    0.5012  0.2838    0.6840  0.5022
      143     1567    8.210   2.437E+02    8.215     1535    0.0450  0.1304    0.0487  0.1453    0.0178  0.0603    0.5025  0.2857    0.6831  0.5008
      144     1621    7.927   2.309E+02    7.948     1596    0.0450  0.1261    0.0491  0.1410    0.0186  0.0593    0.5038  0.2881    0.6820  0.4995
      145     1564    9.229   2.772E+02    9.236     1538    0.0410  0.1156    0.0445  0.1279    0.0164  0.0517    0.5051  0.2901    0.6807  0.4977
      146     1487    7.987   2.067E+02    8.003     1464    0.0480  0.1218    0.0522  0.1357    0.0196  0.0564    0.5064  0.2921    0.6798  0.4963
      147     1526    7.944   2.179E+02    7.968     1498    0.0472  0.1283    0.0516  0.1433    0.0196  0.0602    0.5076  0.2944    0.6790  0.4950
      148     1615    8.301   2.439E+02    8.323     1593    0.0423  0.1277    0.0461  0.1424    0.0174  0.0595    0.5089  0.2967    0.6779  0.4936
      149     1543    8.305   2.426E+02    8.324     1517    0.0434  0.1221    0.0473  0.1367    0.0178  0.0578    0.5103  0.2985    0.6766  0.4921
      150     1535    8.266   2.114E+02    8.295     1509    0.0475  0.1188    0.0517  0.1324    0.0192  0.0551    0.5116  0.3004    0.6755  0.4905
      151     1523    8.576   2.479E+02    8.593     1498    0.0439  0.1226    0.0476  0.1356    0.0176  0.0547    0.5126  0.3023    0.6746  0.4890
      152     1596    7.944   2.102E+02    7.948     1575    0.0495  0.1286    0.0540  0.1435    0.0203  0.0600    0.5139  0.3046    0.6736  0.4875
      153     1603    8.144   2.408E+02    8.163     1576    0.0435  0.1253    0.0476  0.1398    0.0181  0.0584    0.5152  0.3066    0.6723  0.4861
      154     1511    8.435   2.439E+02    8.432     1490    0.0431  0.1262    0.0468  0.1408    0.0175  0.0586    0.5165  0.3085    0.6711  0.4845
      155     1553    8.126   2.271E+02    8.163     1525    0.0454  0.1218    0.0494  0.1354    0.0185  0.0558    0.5178  0.3103    0.6702  0.4829
      156     1605    7.553   2.112E+02    7.607     1587    0.0486  0.1394    0.0531  0.1557    0.0204  0.0653    0.5189  0.3124    0.6692  0.4813
      157     1523    8.251   2.346E+02    8.215     1498    0.0453  0.1255    0.0493  0.1396    0.0184  0.0575    0.5200  0.3143    0.6681  0.4796
      158     1561    7.921   2.101E+02    7.969     1528    0.0484  0.1283    0.0526  0.1426    0.0196  0.0586    0.5213  0.3161    0.6667  0.4782
      159     1543    8.606   2.568E+02    8.602     1511    0.0411  0.1236    0.0447  0.1375    0.0167  0.0567    0.5225  0.3179    0.6655  0.4764
      160     1538    7.780   2.193E+02    7.827     1522    0.0460  0.1333    0.0503  0.1488    0.0191  0.0623    0.5237  0.3199    0.6644  0.4750
      161     1589    8.011   2.338E+02    8.035     1568    0.0437  0.1278    0.0477  0.1429    0.0179  0.0601    0.5248  0.3217    0.6633  0.4735
      162     1579    7.496   1.992E+02    7.518     1531    0.0487  0.1331    0.0530  0.1484    0.0200  0.0621    0.5260  0.3237    0.6620  0.4718
      163     1582    8.086   2.266E+02    8.096     1549    0.0441  0.1226    0.0479  0.1364    0.0178  0.0564    0.5272  0.3255    0.6605  0.4701
      164     1595    8.406   2.275E+02    8.377     1573    0.0450  0.1202    0.0491  0.1345    0.0186  0.0567    0.5285  0.3275    0.6595  0.4686
      165     1542    7.798   2.148E+02    7.820     1516    0.0468  0.1246    0.0511  0.1392    0.0193  0.0583    0.5295  0.3294    0.6583  0.4669
      166     1540    8.334   2.308E+02    8.352     1507    0.0443  0.1181    0.0482  0.1317    0.0181  0.0548    0.5307  0.3311    0.6570  0.4651
      167     1536    7.975   2.173E+02    8.024     1500    0.0462  0.1228    0.0503  0.1364    0.0189  0.0562    0.5319  0.3330    0.6556  0.4635
      168     1580    7.977   2.117E+02    8.016     1547    0.0460  0.1302    0.0502  0.1448    0.0190  0.0599    0.5329  0.3346    0.6544  0.4622
      169     1577    8.345   2.377E+02    8.378     1548    0.0414  0.1246    0.0452  0.1389    0.0173  0.0580    0.5340  0.3365    0.6532  0.4604
      170     1589    7.829   2.132E+02    7.871     1557    0.0461  0.1223    0.0503  0.1361    0.0190  0.0565    0.5352  0.3384    0.6518  0.4588
      171     1594    7.704   2.169E+02    7.702     1556    0.0453  0.1302    0.0495  0.1453    0.0188  0.0609    0.5363  0.3401    0.6506  0.4570
      172     1583    7.927   1.955E+02    7.951     1539    0.0488  0.1527    0.0531  0.1704    0.0199  0.0718    0.5375  0.3420    0.6490  0.4552
      173     1449    7.775   2.216E+02    7.816     1427    0.0475  0.1321    0.0517  0.1474    0.0194  0.0617    0.5386  0.3438    0.6475  0.4537
      174     1583    8.237   2.314E+02    8.297     1552    0.0456  0.1327    0.0496  0.1477    0.0186  0.0614    0.5396  0.3457    0.6464  0.4522
      175     1595    8.082   2.106E+02    8.094     1560    0.0470  0.1237    0.0513  0.1385    0.0195  0.0589    0.5407  0.3475    0.6450  0.4504
      176     1607    7.961   2.265E+02    7.962     1568    0.0452  0.1476    0.0491  0.1642    0.0183  0.0688    0.5419  0.3494    0.6436  0.4485
      177     1556    8.061   2.227E+02    8.113     1527    0.0469  0.1360    0.0511  0.1518    0.0192  0.0636    0.5429  0.3511    0.6421  0.4467
      178     1544    7.962   1.960E+02    7.930     1511    0.0489  0.1339    0.0531  0.1491    0.0199  0.0621    0.5438  0.3528    0.6407  0.4448
      179     1485    7.672   1.931E+02    7.748     1447    0.0519  0.1336    0.0566  0.1484    0.0213  0.0612    0.5448  0.3545    0.6393  0.4432
      180     1581    7.877   2.162E+02    7.914     1539    0.0428  0.1355    0.0466  0.1508    0.0175  0.0628    0.5459  0.3563    0.6379  0.4417
      181     1636    8.094   2.052E+02    8.140     1599    0.0477  0.1271    0.0521  0.1419    0.0198  0.0596    0.5469  0.3583    0.6364  0.4399
      182     1532    7.771   2.057E+02    7.804     1500    0.0468  0.1337    0.0512  0.1489    0.0197  0.0622    0.5480  0.3600    0.6348  0.4381
      183     1587    7.809   2.028E+02    7.852     1550    0.0453  0.1306    0.0494  0.1462    0.0186  0.0618    0.5490  0.3618    0.6335  0.4365
      184     1542    7.889   1.933E+02    7.909     1508    0.0467  0.1214    0.0510  0.1359    0.0193  0.0575    0.5501  0.3634    0.6319  0.4345
      185     1573    7.830   1.777E+02    7.883     1528    0.0498  0.1223    0.0546  0.1370    0.0211  0.0583    0.5512  0.3653    0.6305  0.4327
      186     1539    7.754   2.024E+02    7.775     1497    0.0463  0.1325    0.0503  0.1473    0.0187  0.0609    0.5522  0.3672    0.6290  0.4309
      187     1586    7.467   1.938E+02    7.534     1545    0.0449  0.1336    0.0490  0.1491    0.0187  0.0626    0.5531  0.3690    0.6273  0.4291
      188     1550    8.081   2.020E+02    8.167     1513    0.0443  0.1189    0.0481  0.1318    0.0179  0.0538    0.5541  0.3708    0.6256  0.4272
      189     1579    7.947   1.923E+02    8.132     1544    0.0482  0.1200    0.0526  0.1341    0.0200  0.0564    0.5551  0.3727    0.6241  0.4256
      190     1532    7.573   1.786E+02    7.951     1479    0.0491  0.1311    0.0535  0.1459    0.0201  0.0607    0.5562  0.3745    0.6224  0.4235
      191     1609    7.584   1.914E+02    8.037     1558    0.0473  0.1358    0.0517  0.1521    0.0199  0.0645    0.5572  0.3765    0.6208  0.4218
      192     1614    7.315   1.822E+02    8.171     1572    0.0481  0.1354    0.0524  0.1510    0.0198  0.0634    0.5583  0.3784    0.6190  0.4199
      193     1559    7.542   1.908E+02    8.761     1512    0.0483  0.1357    0.0527  0.1512    0.0201  0.0631    0.5592  0.3800    0.6173  0.4180
      194     1569    7.934   1.957E+02    8.918     1516    0.0450  0.1240    0.0490  0.1384    0.0186  0.0581    0.5604  0.3817    0.6156  0.4162
      195     1591    7.727   1.851E+02    8.367     1535    0.0468  0.1248    0.0509  0.1388    0.0190  0.0573    0.5616  0.3833    0.6139  0.4144
      196     1502    7.728   2.224E+02    8.033     1455    0.0415  0.1288    0.0454  0.1439    0.0174  0.0609    0.5628  0.3849    0.6121  0.4126
      197     1542    7.761   2.059E+02    7.977     1496    0.0455  0.1312    0.0497  0.1462    0.0189  0.0611    0.5639  0.3863    0.6104  0.4106
      198     1612    7.999   1.995E+02    8.115     1567    0.0435  0.1241    0.0476  0.1386    0.0183  0.0582    0.5653  0.3876    0.6088  0.4086
      199     1541    7.784   1.950E+02    7.817     1486    0.0476  0.1281    0.0519  0.1425    0.0199  0.0590    0.5665  0.3891    0.6072  0.4067
      200     1543    7.203   1.700E+02    7.262     1492    0.0502  0.1315    0.0549  0.1466    0.0211  0.0613    0.5677  0.3907    0.6054  0.4047
      201     1635    7.767   2.052E+02    7.860     1575    0.0453  0.1293    0.0494  0.1443    0.0187  0.0608    0.5690  0.3923    0.6036  0.4028
      202     1559    7.541   1.770E+02    7.542     1514    0.0483  0.1301    0.0529  0.1459    0.0204  0.0622    0.5701  0.3938    0.6017  0.4009
      203     1544    7.326   1.933E+02    7.359     1492    0.0462  0.1309    0.0504  0.1460    0.0191  0.0610    0.5714  0.3952    0.6000  0.3988
      204     1568    7.762   1.984E+02    7.775     1517    0.0452  0.1271    0.0493  0.1421    0.0187  0.0600    0.5727  0.3965    0.5983  0.3969
      205     1542    7.734   1.961E+02    7.776     1488    0.0496  0.1329    0.0541  0.1484    0.0207  0.0624    0.5739  0.3980    0.5965  0.3947
      206     1518    7.853   1.905E+02    7.901     1458    0.0487  0.1273    0.0530  0.1413    0.0199  0.0581    0.5749  0.3995    0.5949  0.3927
      207     1531    6.911   1.822E+02    6.982     1478    0.0536  0.1528    0.0586  0.1706    0.0226  0.0719    0.5760  0.4010    0.5931  0.3908
      208     1585    7.961   2.125E+02    7.960     1537    0.0456  0.1270    0.0496  0.1416    0.0187  0.0593    0.5771  0.4025    0.5912  0.3889
      209     1628    7.850   2.126E+02    7.877     1576    0.0443  0.1244    0.0484  0.1389    0.0185  0.0586    0.5784  0.4040    0.5892  0.3868
      210     1638    7.382   1.811E+02    7.352     1566    0.0525  0.1335    0.0574  0.1490    0.0220  0.0628    0.5797  0.4055    0.5874  0.3845
      211     1557    7.103   1.751E+02    7.104     1487    0.0491  0.1359    0.0537  0.1518    0.0207  0.0642    0.5812  0.4070    0.5853  0.3822
      212     1590    7.697   1.983E+02    7.712     1525    0.0480  0.1329    0.0524  0.1484    0.0201  0.0624    0.5823  0.4086    0.5835  0.3803
      213     1491    7.751   2.005E+02    7.783     1431    0.0479  0.1235    0.0523  0.1380    0.0200  0.0581    0.5833  0.4100    0.5816  0.3782
      214     1575    7.751   1.842E+02    7.782     1515    0.0498  0.1241    0.0544  0.1386    0.0209  0.0583    0.5845  0.4114    0.5797  0.3763
      215     1557    7.319   1.816E+02    7.361     1495    0.0518  0.1326    0.0565  0.1477    0.0216  0.0616    0.5856  0.4127    0.5778  0.3739
      216     1548    7.089   1.828E+02    7.152     1478    0.0498  0.1313    0.0545  0.1466    0.0210  0.0619    0.5869  0.4141    0.5758  0.3718
      217     1556    7.580   2.015E+02    7.594     1493    0.0473  0.1304    0.0518  0.1459    0.0200  0.0620    0.5881  0.4156    0.5738  0.3695
      218     1602    7.409   1.789E+02    7.461     1537    0.0551  0.1394    0.0604  0.1554    0.0235  0.0653    0.5894  0.4170    0.5718  0.3674
      219     1550    7.835   2.042E+02    7.782     1485    0.0459  0.1264    0.0500  0.1407    0.0190  0.0587    0.5905  0.4185    0.5699  0.3651
      220     1516    7.356   2.164E+02    7.389     1447    0.0436  0.1353    0.0476  0.1506    0.0181  0.0628    0.5915  0.4198    0.5679  0.3629
      221     1548    7.521   2.002E+02    7.544     1481    0.0460  0.1255    0.0501  0.1398    0.0190  0.0584    0.5926  0.4214    0.5659  0.3607
      222     1601    7.640   1.909E+02    7.675     1537    0.0495  0.1305    0.0540  0.1454    0.0205  0.0610    0.5938  0.4230    0.5639  0.3584
      223     1562    6.992   1.737E+02    7.005     1492    0.0535  0.1410    0.0585  0.1576    0.0225  0.0669    0.5949  0.4246    0.5618  0.3561
      224     1599    7.321   1.798E+02    7.327     1533    0.0510  0.1311    0.0556  0.1460    0.0212  0.0610    0.5962  0.4262    0.5597  0.3539
      225     1606    7.535   2.043E+02    7.580     1537    0.0472  0.1348    0.0516  0.1506    0.0198  0.0640    0.5975  0.4277    0.5577  0.3517
      226     1514    7.604   2.123E+02    7.647     1446    0.0460  0.1293    0.0503  0.1441    0.0193  0.0603    0.5986  0.4291    0.5555  0.3495
      227     1573    7.435   1.813E+02    7.442     1514    0.0515  0.1315    0.0563  0.1462    0.0215  0.0604    0.5995  0.4306    0.5534  0.3474
      228     1528    7.502   2.038E+02    7.532     1461    0.0475  0.1318    0.0521  0.1471    0.0204  0.0620    0.6005  0.4319    0.5512  0.3452
      229     1518    7.320   1.891E+02    7.342     1449    0.0494  0.1372    0.0541  0.1538    0.0210  0.0658    0.6016  0.4334    0.5490  0.3430
      230     1556    7.789   2.053E+02    7.818     1485    0.0459  0.1244    0.0501  0.1393    0.0190  0.0590    0.6027  0.4348    0.5469  0.3406
      231     1532    7.214   1.809E+02    7.252     1462    0.0524  0.1355    0.0574  0.1523    0.0224  0.0656    0.6039  0.4361    0.5446  0.3383
      232     1581    7.451   1.898E+02    7.469     1518    0.0506  0.1314    0.0554  0.1465    0.0214  0.0614    0.6050  0.4375    0.5425  0.3359
      233     1576    7.371   1.967E+02    7.390     1503    0.0462  0.1259    0.0506  0.1413    0.0196  0.0606    0.6061  0.4390    0.5403  0.3336
      234     1619    7.325   1.804E+02    7.323     1546    0.0514  0.1309    0.0562  0.1464    0.0216  0.0622    0.6073  0.4405    0.5380  0.3311
      235     1486    7.286   1.788E+02    7.338     1415    0.0524  0.1368    0.0571  0.1520    0.0218  0.0631    0.6083  0.4418    0.5357  0.3288
      236     1624    6.876   1.643E+02    6.877     1538    0.0527  0.1313    0.0577  0.1468    0.0224  0.0624    0.6095  0.4434    0.5335  0.3267
      237     1477    7.660   2.012E+02    7.668     1420    0.0440  0.1265    0.0481  0.1416    0.0186  0.0602    0.6104  0.4449    0.5311  0.3242
      238     1600    7.302   1.673E+02    7.353     1523    0.0565  0.1322    0.0619  0.1476    0.0240  0.0622    0.6116  0.4464    0.5290  0.3219
      239     1603    7.012   1.822E+02    7.026     1525    0.0518  0.1381    0.0566  0.1545    0.0218  0.0657    0.6127  0.4478    0.5266  0.3193
      240     1534    7.485   1.800E+02    7.475     1468    0.0493  0.1321    0.0539  0.1472    0.0209  0.0618    0.6138  0.4491    0.5243  0.3167
      241     1575    7.427   1.962E+02    7.457     1499    0.0485  0.1282    0.0531  0.1436    0.0208  0.0614    0.6150  0.4505    0.5220  0.3143
      242     1648    6.910   1.843E+02    6.929     1566    0.0482  0.1405    0.0529  0.1576    0.0208  0.0676    0.6162  0.4520    0.5196  0.3120
      243     1497    7.535   2.046E+02    7.587     1418    0.0513  0.1281    0.0560  0.1424    0.0216  0.0594    0.6172  0.4533    0.5172  0.3092
      244     1493    6.776   1.669E+02    6.777     1414    0.0527  0.1386    0.0576  0.1543    0.0221  0.0643    0.6182  0.4546    0.5149  0.3069
      245     1551    6.799   1.659E+02    6.806     1484    0.0522  0.1448    0.0572  0.1624    0.0223  0.0698    0.6193  0.4560    0.5126  0.3047
      246     1581    7.630   2.002E+02    7.687     1515    0.0491  0.1284    0.0538  0.1427    0.0209  0.0593    0.6203  0.4574    0.5102  0.3022
      247     1547    6.852   1.756E+02    6.869     1468    0.0512  0.1412    0.0561  0.1573    0.0219  0.0662    0.6214  0.4587    0.5078  0.2996
      248     1587    7.102   1.715E+02    7.123     1506    0.0508  0.1304    0.0558  0.1463    0.0219  0.0630    0.6226  0.4602    0.5054  0.2973
      249     1531    7.046   1.739E+02    7.077     1448    0.0508  0.1339    0.0557  0.1496    0.0217  0.0635    0.6238  0.4616    0.5029  0.2946
      250     1560    7.044   1.765E+02    7.042     1496    0.0511  0.1329    0.0560  0.1487    0.0219  0.0632    0.6250  0.4629    0.5004  0.2921
      251     1566    6.911   1.571E+02    6.945     1498    0.0567  0.1359    0.0622  0.1520    0.0244  0.0646    0.6261  0.4644    0.4980  0.2892
      252     1552    7.072   1.903E+02    7.104     1476    0.0526  0.1435    0.0576  0.1603    0.0223  0.0679    0.6272  0.4659    0.4957  0.2866
      253     1588    7.211   1.906E+02    7.198     1505    0.0484  0.1357    0.0529  0.1516    0.0205  0.0641    0.6283  0.4674    0.4931  0.2841
      254     1544    7.041   1.821E+02    7.067     1469    0.0526  0.1429    0.0576  0.1590    0.0224  0.0665    0.6293  0.4688    0.4904  0.2816
      255     1572    7.071   1.736E+02    7.071     1497    0.0531  0.1318    0.0580  0.1472    0.0223  0.0623    0.6303  0.4702    0.4881  0.2788
      256     1508    6.537   1.396E+02    6.550     1430    0.0621  0.1396    0.0681  0.1556    0.0266  0.0654    0.6314  0.4716    0.4855  0.2762
      257     1534    6.436   1.503E+02    6.458     1460    0.0583  0.1486    0.0642  0.1663    0.0256  0.0709    0.6324  0.4730    0.4831  0.2737
      258     1598    7.106   1.752E+02    7.092     1509    0.0513  0.1384    0.0562  0.1554    0.0219  0.0667    0.6336  0.4743    0.4804  0.2711
      259     1542    7.419   1.768E+02    7.397     1465    0.0506  0.1327    0.0555  0.1487    0.0218  0.0638    0.6348  0.4757    0.4776  0.2684
      260     1609    6.482   1.420E+02    6.502     1523    0.0595  0.1393    0.0654  0.1558    0.0259  0.0665    0.6359  0.4771    0.4751  0.2656
      261     1537    7.311   1.810E+02    7.324     1469    0.0521  0.1330    0.0569  0.1483    0.0220  0.0624    0.6368  0.4784    0.4725  0.2629
      262     1569    6.963   1.741E+02    6.977     1476    0.0504  0.1409    0.0556  0.1589    0.0223  0.0695    0.6381  0.4797    0.4699  0.2603
      263     1628    6.805   1.752E+02    6.823     1533    0.0551  0.1433    0.0604  0.1605    0.0236  0.0685    0.6393  0.4811    0.4672  0.2573
      264     1551    7.423   1.806E+02    7.450     1468    0.0531  0.1406    0.0584  0.1579    0.0233  0.0682    0.6404  0.4824    0.4644  0.2546
      265     1565    6.849   1.592E+02    6.883     1485    0.0589  0.1388    0.0646  0.1553    0.0252  0.0662    0.6415  0.4836    0.4615  0.2517
      266     1530    7.125   1.639E+02    7.130     1458    0.0535  0.1297    0.0588  0.1452    0.0231  0.0620    0.6424  0.4849    0.4587  0.2490
      267     1565    6.582   1.496E+02    6.589     1474    0.0590  0.1470    0.0650  0.1646    0.0259  0.0705    0.6436  0.4864    0.4560  0.2463
      268     1551    6.908   1.653E+02    6.956     1466    0.0562  0.1437    0.0617  0.1604    0.0243  0.0679    0.6447  0.4877    0.4531  0.2433
      269     1550    7.187   1.691E+02    7.175     1467    0.0560  0.1381    0.0614  0.1545    0.0240  0.0659    0.6458  0.4890    0.4504  0.2405
      270     1598    6.629   1.547E+02    6.642     1519    0.0573  0.1484    0.0630  0.1660    0.0250  0.0705    0.6468  0.4904    0.4475  0.2377
      271     1522    6.637   1.562E+02    6.664     1440    0.0564  0.1436    0.0618  0.1606    0.0241  0.0685    0.6479  0.4917    0.4445  0.2346
      272     1538    6.669   1.592E+02    6.712     1454    0.0581  0.1450    0.0636  0.1616    0.0246  0.0679    0.6490  0.4929    0.4419  0.2318
      273     1573    6.710   1.519E+02    6.716     1488    0.0590  0.1412    0.0645  0.1573    0.0249  0.0660    0.6500  0.4942    0.4392  0.2288
      274     1607    7.307   1.905E+02    7.314     1523    0.0478  0.1359    0.0524  0.1523    0.0206  0.0654    0.6511  0.4956    0.4363  0.2258
      275     1541    6.568   1.469E+02    6.535     1443    0.0598  0.1450    0.0657  0.1625    0.0259  0.0696    0.6523  0.4970    0.4334  0.2227
      276     1574    6.800   1.614E+02    6.842     1480    0.0532  0.1400    0.0584  0.1561    0.0231  0.0659    0.6533  0.4983    0.4305  0.2198
      277     1545    6.361   1.472E+02    6.375     1472    0.0595  0.1556    0.0656  0.1746    0.0264  0.0755    0.6544  0.4998    0.4273  0.2168
      278     1593    7.466   1.799E+02    7.497     1504    0.0502  0.1336    0.0552  0.1500    0.0218  0.0645    0.6555  0.5012    0.4246  0.2136
      279     1590    6.785   1.571E+02    6.807     1497    0.0563  0.1450    0.0620  0.1629    0.0248  0.0706    0.6566  0.5026    0.4215  0.2104
      280     1559    6.600   1.505E+02    6.648     1471    0.0595  0.1473    0.0655  0.1652    0.0262  0.0711    0.6576  0.5039    0.4182  0.2074
      281     1520    7.061   1.581E+02    7.076     1431    0.0558  0.1415    0.0614  0.1595    0.0245  0.0701    0.6586  0.5052    0.4151  0.2043
      282     1539    6.204   1.394E+02    6.216     1453    0.0647  0.1507    0.0713  0.1684    0.0285  0.0716    0.6597  0.5066    0.4119  0.2015
      283     1603    7.078   1.740E+02    7.104     1516    0.0519  0.1364    0.0572  0.1525    0.0228  0.0648    0.6607  0.5080    0.4089  0.1983
      284     1564    6.848   1.597E+02    6.858     1475    0.0574  0.1479    0.0631  0.1657    0.0250  0.0711    0.6618  0.5093    0.4058  0.1948
      285     1564    6.284   1.373E+02    6.309     1474    0.0623  0.1487    0.0686  0.1671    0.0275  0.0724    0.6628  0.5107    0.4026  0.1917
      286     1586    6.419   1.416E+02    6.428     1491    0.0607  0.1437    0.0671  0.1619    0.0270  0.0708    0.6640  0.5122    0.3994  0.1885
      287     1555    7.053   1.658E+02    7.085     1468    0.0536  0.1376    0.0589  0.1537    0.0232  0.0651    0.6651  0.5133    0.3960  0.1853
      288     1532    6.858   1.742E+02    6.866     1443    0.0546  0.1547    0.0602  0.1739    0.0240  0.0753    0.6661  0.5146    0.3928  0.1819
      289     1594    6.043   1.423E+02    6.054     1482    0.0607  0.1531    0.0667  0.1712    0.0264  0.0730    0.6674  0.5160    0.3895  0.1787
      290     1548    7.029   1.674E+02    7.081     1461    0.0535  0.1409    0.0590  0.1578    0.0236  0.0678    0.6684  0.5173    0.3862  0.1755
      291     1605    7.003   1.767E+02    6.996     1501    0.0532  0.1430    0.0584  0.1601    0.0229  0.0681    0.6695  0.5185    0.3829  0.1721
      292     1556    6.418   1.461E+02    6.410     1455    0.0561  0.1439    0.0621  0.1616    0.0252  0.0698    0.6706  0.5201    0.3794  0.1686
      293     1626    6.698   1.575E+02    6.708     1538    0.0540  0.1435    0.0594  0.1609    0.0237  0.0691    0.6716  0.5215    0.3760  0.1653
      294     1497    7.341   1.725E+02    7.343     1404    0.0513  0.1306    0.0566  0.1471    0.0227  0.0643    0.6727  0.5228    0.3725  0.1618
      295     1612    6.238   1.474E+02    6.283     1517    0.0601  0.1579    0.0664  0.1777    0.0268  0.0772    0.6737  0.5243    0.3692  0.1586
      296     1544    6.517   1.594E+02    6.522     1438    0.0554  0.1507    0.0610  0.1683    0.0243  0.0714    0.6748  0.5257    0.3656  0.1550
      297     1578    6.483   1.439E+02    6.516     1496    0.0591  0.1433    0.0653  0.1616    0.0263  0.0708    0.6758  0.5271    0.3620  0.1516
      298     1533    6.662   1.617E+02    6.699     1432    0.0541  0.1509    0.0596  0.1688    0.0238  0.0720    0.6768  0.5284    0.3583  0.1481
      299     1598    6.622   1.469E+02    6.664     1507    0.0589  0.1492    0.0650  0.1681    0.0263  0.0736    0.6779  0.5299    0.3549  0.1447
      300     1578    6.447   1.433E+02    6.456     1483    0.0627  0.1495    0.0693  0.1685    0.0281  0.0739    0.6790  0.5313    0.3514  0.1409
      301     1568    6.435   1.558E+02    6.453     1480    0.0551  0.1523    0.0609  0.1716    0.0247  0.0750    0.6799  0.5327    0.3475  0.1374
      302     1566    6.627   1.583E+02    6.656     1474    0.0545  0.1496    0.0603  0.1685    0.0246  0.0736    0.6810  0.5340    0.3438  0.1340
      303     1567    6.268   1.356E+02    6.273     1467    0.0613  0.1618    0.0676  0.1813    0.0273  0.0779    0.6820  0.5355    0.3401  0.1307
      304     1517    6.269   1.498E+02    6.286     1432    0.0574  0.1570    0.0635  0.1765    0.0258  0.0766    0.6830  0.5367    0.3363  0.1270
      305     1613    6.432   1.560E+02    6.428     1516    0.0575  0.1553    0.0635  0.1751    0.0258  0.0767    0.6841  0.5382    0.3325  0.1236
      306     1575    6.217   1.410E+02    6.229     1482    0.0567  0.1469    0.0630  0.1659    0.0260  0.0732    0.6851  0.5396    0.3284  0.1200
      307     1575    6.464   1.509E+02    6.469     1495    0.0613  0.1512    0.0676  0.1700    0.0272  0.0738    0.6860  0.5410    0.3244  0.1165
      308     1528    6.145   1.440E+02    6.159     1426    0.0585  0.1512    0.0649  0.1709    0.0265  0.0754    0.6870  0.5424    0.3205  0.1127
      309     1561    6.390   1.413E+02    6.416     1454    0.0605  0.1486    0.0670  0.1672    0.0273  0.0729    0.6881  0.5439    0.3163  0.1093
      310     1580    6.656   1.529E+02    6.669     1483    0.0567  0.1433    0.0625  0.1605    0.0251  0.0688    0.6891  0.5452    0.3121  0.1060
      311     1523    5.967   1.342E+02    5.993     1426    0.0643  0.1540    0.0713  0.1733    0.0294  0.0756    0.6901  0.5466    0.3079  0.1026
      312     1534    6.406   1.477E+02    6.422     1446    0.0599  0.1487    0.0660  0.1662    0.0264  0.0707    0.6910  0.5479    0.3036  0.0993
      313     1505    6.602   1.446E+02    6.609     1406    0.0596  0.1430    0.0660  0.1609    0.0269  0.0699    0.6920  0.5493    0.2994  0.0959
      314     1631    6.214   1.537E+02    6.256     1523    0.0559  0.1528    0.0619  0.1720    0.0253  0.0751    0.6930  0.5507    0.2952  0.0927
      315     1614    6.471   1.334E+02    6.486     1476    0.0626  0.1409    0.0693  0.1592    0.0284  0.0703    0.6943  0.5522    0.2905  0.0891
      316     1552    5.648   1.213E+02    5.676     1444    0.0688  0.1671    0.0764  0.1891    0.0315  0.0838    0.6953  0.5534    0.2857  0.0855
      317     1539    6.217   1.394E+02    6.238     1426    0.0623  0.1633    0.0688  0.1847    0.0279  0.0821    0.6964  0.5549    0.2807  0.0827
      318     1551    6.225   1.410E+02    6.232     1442    0.0604  0.1539    0.0668  0.1738    0.0271  0.0766    0.6974  0.5562    0.2763  0.0792
      319     1542    6.084   1.387E+02    6.120     1430    0.0602  0.1487    0.0671  0.1690    0.0281  0.0758    0.6984  0.5576    0.2716  0.0758
      320     1626    6.012   1.268E+02    6.004     1492    0.0673  0.1571    0.0746  0.1775    0.0307  0.0783    0.6995  0.5590    0.2666  0.0726
      321     1547    6.455   1.570E+02    6.473     1424    0.0555  0.1546    0.0613  0.1740    0.0247  0.0757    0.7005  0.5603    0.2612  0.0696
      322     1560    6.153   1.457E+02    6.172     1437    0.0615  0.1537    0.0680  0.1729    0.0275  0.0751    0.7015  0.5616    0.2562  0.0664
      323     1561    6.206   1.382E+02    6.238     1447    0.0617  0.1502    0.0683  0.1687    0.0278  0.0732    0.7025  0.5629    0.2510  0.0633
      324     1594    6.763   1.589E+02    6.774     1448    0.0540  0.1435    0.0596  0.1613    0.0241  0.0700    0.7037  0.5642    0.2459  0.0602
      325     1538    6.591   1.530E+02    6.583     1428    0.0551  0.1429    0.0612  0.1613    0.0253  0.0709    0.7046  0.5655    0.2405  0.0570
      326     1586    6.000   1.398E+02    6.012     1457    0.0601  0.1583    0.0667  0.1786    0.0276  0.0788    0.7056  0.5668    0.2350  0.0541
      327     1529    6.304   1.452E+02    6.303     1414    0.0606  0.1483    0.0670  0.1671    0.0273  0.0732    0.7064  0.5682    0.2294  0.0512
      328     1509    5.972   1.343E+02    5.967     1369    0.0608  0.1693    0.0673  0.1905    0.0274  0.0833    0.7074  0.5695    0.2238  0.0484
      329     1533    6.239   1.311E+02    6.270     1406    0.0631  0.1434    0.0699  0.1614    0.0288  0.0705    0.7084  0.5707    0.2181  0.0459
      330     1583    6.054   1.313E+02    6.059     1430    0.0637  0.1530    0.0707  0.1730    0.0292  0.0766    0.7095  0.5720    0.2124  0.0431
      331     1606    6.223   1.381E+02    6.255     1472    0.0608  0.1517    0.0675  0.1715    0.0279  0.0763    0.7105  0.5735    0.2062  0.0405
      332     1580    6.178   1.409E+02    6.195     1431    0.0590  0.1495    0.0657  0.1691    0.0277  0.0754    0.7116  0.5750    0.1996  0.0380
      333     1569    5.915   1.141E+02    5.914     1425    0.0721  0.1528    0.0803  0.1731    0.0336  0.0773    0.7126  0.5763    0.1930  0.0356
      334     1530    6.213   1.281E+02    6.230     1380    0.0630  0.1514    0.0697  0.1710    0.0286  0.0756    0.7137  0.5775    0.1868  0.0330
      335     1604    6.227   1.444E+02    6.239     1480    0.0551  0.1432    0.0616  0.1623    0.0262  0.0729    0.7146  0.5789    0.1804  0.0306
      336     1572    5.962   1.399E+02    5.972     1447    0.0600  0.1570    0.0670  0.1782    0.0283  0.0802    0.7155  0.5803    0.1735  0.0284
      337     1540    5.875   1.254E+02    5.905     1397    0.0669  0.1582    0.0743  0.1791    0.0309  0.0798    0.7166  0.5815    0.1670  0.0258
      338     1598    6.201   1.406E+02    6.187     1460    0.0579  0.1506    0.0645  0.1707    0.0271  0.0767    0.7175  0.5828    0.1602  0.0235
      339     1554    6.448   1.441E+02    6.460     1420    0.0613  0.1467    0.0682  0.1660    0.0285  0.0740    0.7185  0.5841    0.1530  0.0214
      340     1557    6.207   1.389E+02    6.224     1413    0.0596  0.1515    0.0664  0.1716    0.0279  0.0767    0.7195  0.5854    0.1461  0.0191
      341     1561    5.903   1.275E+02    5.899     1433    0.0649  0.1543    0.0723  0.1747    0.0303  0.0782    0.7203  0.5867    0.1390  0.0172
      342     1527    6.021   1.277E+02    6.012     1391    0.0618  0.1444    0.0685  0.1624    0.0282  0.0711    0.7213  0.5879    0.1316  0.0154
      343     1555    5.918   1.334E+02    5.923     1429    0.0618  0.1520    0.0692  0.1729    0.0296  0.0783    0.7222  0.5892    0.1244  0.0134
      344     1612    5.700   1.183E+02    5.709     1463    0.0678  0.1592    0.0757  0.1811    0.0319  0.0819    0.7232  0.5906    0.1168  0.0116
      345     1553    5.993   1.372E+02    5.956     1436    0.0594  0.1601    0.0661  0.1822    0.0277  0.0827    0.7240  0.5919    0.1087  0.0100
      346     1604    6.393   1.465E+02    6.415     1458    0.0566  0.1432    0.0633  0.1632    0.0270  0.0747    0.7250  0.5932    0.1010  0.0082
      347     1571    5.930   1.187E+02    5.949     1416    0.0668  0.1494    0.0745  0.1694    0.0315  0.0761    0.7260  0.5945    0.0927  0.0067
      348     1573    5.767   1.394E+02    5.778     1432    0.0577  0.1548    0.0653  0.1766    0.0289  0.0809    0.7270  0.5958    0.0845  0.0054
      349     1543    6.330   1.463E+02    6.360     1415    0.0600  0.1575    0.0670  0.1788    0.0284  0.0809    0.7278  0.5972    0.0761  0.0042
      350     1527    5.713   1.224E+02    5.712     1371    0.0629  0.1540    0.0703  0.1756    0.0300  0.0803    0.7289  0.5984    0.0675  0.0034
      351     1611    6.373   1.429E+02    6.404     1479    0.0560  0.1438    0.0627  0.1630    0.0268  0.0732    0.7297  0.5998    0.0588  0.0025
      352     1525    6.350   1.493E+02    6.369     1379    0.0541  0.1480    0.0604  0.1679    0.0258  0.0755    0.7307  0.6009    0.0494  0.0018
      353     1535    5.643   1.219E+02    5.647     1387    0.0694  0.1656    0.0779  0.1886    0.0338  0.0859    0.7317  0.6021    0.0405  0.0012
      354     1563    5.628   1.380E+02    5.654     1413    0.0618  0.1644    0.0692  0.1868    0.0297  0.0846    0.7326  0.6034    0.0314  0.0006
      355     1567    5.560   1.230E+02    5.562     1435    0.0655  0.1742    0.0738  0.1990    0.0323  0.0916    0.7335  0.6049    0.0220  0.0002
      356     1484    5.248   1.075E+02    5.256     1348    0.0756  0.1752    0.0843  0.1980    0.0356  0.0882    0.7343  0.6059    0.0123  0.0001
      357      452    5.858   1.393E+02    5.806      416    0.0789  0.1862    0.0874  0.2088    0.0363  0.0909    0.7346  0.6062    0.0029  0.0000
 ---------------------------------------------------------------------------------------------------------------------------------------------------
   Total    554381                                 534909                                                          0.7346  0.6062

  Calling close_file ... 

 MRFANA: normal termination

